[0.858s] Invoking command in '/home/danial/drone_racing_ros2_ws/src/Aerial-Robotics-Drone-Project/src/drone_project': PYTHONPATH=/home/danial/drone_racing_ros2_ws/src/Aerial-Robotics-Drone-Project/build/drone_project/prefix_override:/home/danial/drone_racing_ros2_ws/src/Aerial-Robotics-Drone-Project/install/drone_project/lib/python3.8/site-packages:${PYTHONPATH} /usr/bin/python3 -W ignore:setup.py install is deprecated setup.py egg_info --egg-base ../../build/drone_project build --build-base /home/danial/drone_racing_ros2_ws/src/Aerial-Robotics-Drone-Project/build/drone_project/build install --record /home/danial/drone_racing_ros2_ws/src/Aerial-Robotics-Drone-Project/build/drone_project/install.log --single-version-externally-managed install_data
[1.073s] running egg_info
[1.074s] writing ../../build/drone_project/drone_project.egg-info/PKG-INFO
[1.074s] writing dependency_links to ../../build/drone_project/drone_project.egg-info/dependency_links.txt
[1.074s] writing entry points to ../../build/drone_project/drone_project.egg-info/entry_points.txt
[1.074s] writing requirements to ../../build/drone_project/drone_project.egg-info/requires.txt
[1.074s] writing top-level names to ../../build/drone_project/drone_project.egg-info/top_level.txt
[1.103s] reading manifest file '../../build/drone_project/drone_project.egg-info/SOURCES.txt'
[1.104s] writing manifest file '../../build/drone_project/drone_project.egg-info/SOURCES.txt'
[1.105s] running build
[1.105s] running build_py
[1.105s] running install
[1.106s] running install_lib
[1.107s] running install_data
[1.107s] running install_egg_info
[1.109s] removing '/home/danial/drone_racing_ros2_ws/src/Aerial-Robotics-Drone-Project/install/drone_project/lib/python3.8/site-packages/drone_project-0.0.0-py3.8.egg-info' (and everything under it)
[1.109s] Copying ../../build/drone_project/drone_project.egg-info to /home/danial/drone_racing_ros2_ws/src/Aerial-Robotics-Drone-Project/install/drone_project/lib/python3.8/site-packages/drone_project-0.0.0-py3.8.egg-info
[1.110s] running install_scripts
[1.126s] Installing drone_controller script to /home/danial/drone_racing_ros2_ws/src/Aerial-Robotics-Drone-Project/install/drone_project/lib/drone_project
[1.127s] writing list of installed files to '/home/danial/drone_racing_ros2_ws/src/Aerial-Robotics-Drone-Project/build/drone_project/install.log'
[1.147s] Invoked command in '/home/danial/drone_racing_ros2_ws/src/Aerial-Robotics-Drone-Project/src/drone_project' returned '0': PYTHONPATH=/home/danial/drone_racing_ros2_ws/src/Aerial-Robotics-Drone-Project/build/drone_project/prefix_override:/home/danial/drone_racing_ros2_ws/src/Aerial-Robotics-Drone-Project/install/drone_project/lib/python3.8/site-packages:${PYTHONPATH} /usr/bin/python3 -W ignore:setup.py install is deprecated setup.py egg_info --egg-base ../../build/drone_project build --build-base /home/danial/drone_racing_ros2_ws/src/Aerial-Robotics-Drone-Project/build/drone_project/build install --record /home/danial/drone_racing_ros2_ws/src/Aerial-Robotics-Drone-Project/build/drone_project/install.log --single-version-externally-managed install_data
