[0.018s] Invoking command in '/home/danial/drone_racing_ros2_ws/src/Aerial-Robotics-Drone-Project/build/tello_driver': AMENT_PREFIX_PATH=/home/danial/drone_racing_ros2_ws/src/Aerial-Robotics-Drone-Project/install/tello_msgs:/home/danial/drone_racing_ros2_ws/src/Aerial-Robotics-Drone-Project/install/ros2_shared:${AMENT_PREFIX_PATH} CMAKE_PREFIX_PATH=/home/danial/drone_racing_ros2_ws/src/Aerial-Robotics-Drone-Project/install/tello_msgs:/home/danial/drone_racing_ros2_ws/src/Aerial-Robotics-Drone-Project/install/ros2_shared:/home/danial/drone_racing_ros2_ws/install/tello_gazebo:/home/danial/drone_racing_ros2_ws/install/tello_driver:/home/danial/drone_racing_ros2_ws/install/tello_msgs:/home/danial/drone_racing_ros2_ws/install/tello_description:/home/danial/drone_racing_ros2_ws/install/ros2_shared:/home/danial/drone_racing_ros2_ws/install/example_cpp_pkg:/home/danial/drone_racing_ros2_ws/src/Aerial-Robotics-Drone-Project/install/tello_process:/home/danial/drone_racing_ros2_ws/install/drone_project:/home/danial/drone_racing_ros2_ws/src/Aerial-Robotics-Drone-Project/install/drone_project:/opt/ros/galactic LD_LIBRARY_PATH=/home/danial/drone_racing_ros2_ws/src/Aerial-Robotics-Drone-Project/install/tello_msgs/lib:/home/danial/drone_racing_ros2_ws/install/tello_gazebo/lib:/home/danial/drone_racing_ros2_ws/install/tello_driver/lib:/home/danial/drone_racing_ros2_ws/install/tello_msgs/lib:/usr/lib/x86_64-linux-gnu/gazebo-11/plugins:/opt/ros/galactic/opt/yaml_cpp_vendor/lib:/opt/ros/galactic/opt/rviz_ogre_vendor/lib:/opt/ros/galactic/lib/x86_64-linux-gnu:/opt/ros/galactic/lib:/usr/lib/x86_64-linux-gnu/gazebo-11/plugins PYTHONPATH=/home/danial/drone_racing_ros2_ws/src/Aerial-Robotics-Drone-Project/install/tello_msgs/lib/python3.8/site-packages:${PYTHONPATH} /usr/bin/cmake /home/danial/drone_racing_ros2_ws/src/Aerial-Robotics-Drone-Project/src/tello_ros/tello_driver -DCMAKE_INSTALL_PREFIX=/home/danial/drone_racing_ros2_ws/src/Aerial-Robotics-Drone-Project/install/tello_driver
[0.069s] -- The C compiler identification is GNU 9.4.0
[0.115s] -- The CXX compiler identification is GNU 9.4.0
[0.119s] -- Check for working C compiler: /usr/bin/cc
[0.186s] -- Check for working C compiler: /usr/bin/cc -- works
[0.188s] -- Detecting C compiler ABI info
[0.252s] -- Detecting C compiler ABI info - done
[0.265s] -- Detecting C compile features
[0.266s] -- Detecting C compile features - done
[0.269s] -- Check for working CXX compiler: /usr/bin/c++
[0.346s] -- Check for working CXX compiler: /usr/bin/c++ -- works
[0.347s] -- Detecting CXX compiler ABI info
[0.417s] -- Detecting CXX compiler ABI info - done
[0.430s] -- Detecting CXX compile features
[0.430s] -- Detecting CXX compile features - done
[0.432s] -- Found ament_cmake: 1.1.6 (/opt/ros/galactic/share/ament_cmake/cmake)
[0.460s] -- Found PythonInterp: /usr/bin/python3 (found suitable version "3.8.10", minimum required is "3") 
[0.460s] -- Using PYTHON_EXECUTABLE: /usr/bin/python3
[0.543s] -- Found camera_calibration_parsers: 2.5.1 (/opt/ros/galactic/share/camera_calibration_parsers/cmake)
[0.596s] -- Using single rosidl_typesupport_c: rosidl_typesupport_introspection_c
[0.608s] -- Found rosidl_adapter: 2.2.3 (/opt/ros/galactic/share/rosidl_adapter/cmake)
[0.632s] -- Using single rosidl_typesupport_cpp: rosidl_typesupport_introspection_cpp
[0.694s] -- Found rmw_implementation_cmake: 3.3.1 (/opt/ros/galactic/share/rmw_implementation_cmake/cmake)
[0.699s] -- Found rmw_cyclonedds_cpp: 0.22.6 (/opt/ros/galactic/share/rmw_cyclonedds_cpp/cmake)
[0.721s] -- Using RMW implementation 'rmw_cyclonedds_cpp' as default
[0.722s] -- Looking for pthread.h
[0.794s] -- Looking for pthread.h - found
[0.794s] -- Performing Test CMAKE_HAVE_LIBC_PTHREAD
[0.865s] -- Performing Test CMAKE_HAVE_LIBC_PTHREAD - Failed
[0.866s] -- Looking for pthread_create in pthreads
[0.921s] -- Looking for pthread_create in pthreads - not found
[0.921s] -- Looking for pthread_create in pthread
[0.990s] -- Looking for pthread_create in pthread - found
[0.992s] -- Found Threads: TRUE  
[1.360s] -- Setting yaml-cpp_DIR to: '/opt/ros/galactic/share/yaml_cpp_vendor/cmake/../../../opt/yaml_cpp_vendor/lib/cmake/yaml-cpp'
[1.365s] -- Found class_loader: 2.1.2 (/opt/ros/galactic/share/class_loader/cmake)
[1.371s] -- Found cv_bridge: 3.1.3 (/opt/ros/galactic/share/cv_bridge/cmake)
[1.414s] -- Found OpenCV: /usr (found version "4.2.0") 
[1.416s] -- Found rclcpp_components: 9.2.2 (/opt/ros/galactic/share/rclcpp_components/cmake)
[1.458s] -- Found ros2_shared: 0.1.0 (/home/danial/drone_racing_ros2_ws/src/Aerial-Robotics-Drone-Project/install/ros2_shared/share/ros2_shared/cmake)
[1.459s] -- Found tello_msgs: 0.1.0 (/home/danial/drone_racing_ros2_ws/src/Aerial-Robotics-Drone-Project/install/tello_msgs/share/tello_msgs/cmake)
[1.665s] -- Configuring done
[1.711s] -- Generating done
[1.713s] -- Build files have been written to: /home/danial/drone_racing_ros2_ws/src/Aerial-Robotics-Drone-Project/build/tello_driver
[1.722s] Invoked command in '/home/danial/drone_racing_ros2_ws/src/Aerial-Robotics-Drone-Project/build/tello_driver' returned '0': AMENT_PREFIX_PATH=/home/danial/drone_racing_ros2_ws/src/Aerial-Robotics-Drone-Project/install/tello_msgs:/home/danial/drone_racing_ros2_ws/src/Aerial-Robotics-Drone-Project/install/ros2_shared:${AMENT_PREFIX_PATH} CMAKE_PREFIX_PATH=/home/danial/drone_racing_ros2_ws/src/Aerial-Robotics-Drone-Project/install/tello_msgs:/home/danial/drone_racing_ros2_ws/src/Aerial-Robotics-Drone-Project/install/ros2_shared:/home/danial/drone_racing_ros2_ws/install/tello_gazebo:/home/danial/drone_racing_ros2_ws/install/tello_driver:/home/danial/drone_racing_ros2_ws/install/tello_msgs:/home/danial/drone_racing_ros2_ws/install/tello_description:/home/danial/drone_racing_ros2_ws/install/ros2_shared:/home/danial/drone_racing_ros2_ws/install/example_cpp_pkg:/home/danial/drone_racing_ros2_ws/src/Aerial-Robotics-Drone-Project/install/tello_process:/home/danial/drone_racing_ros2_ws/install/drone_project:/home/danial/drone_racing_ros2_ws/src/Aerial-Robotics-Drone-Project/install/drone_project:/opt/ros/galactic LD_LIBRARY_PATH=/home/danial/drone_racing_ros2_ws/src/Aerial-Robotics-Drone-Project/install/tello_msgs/lib:/home/danial/drone_racing_ros2_ws/install/tello_gazebo/lib:/home/danial/drone_racing_ros2_ws/install/tello_driver/lib:/home/danial/drone_racing_ros2_ws/install/tello_msgs/lib:/usr/lib/x86_64-linux-gnu/gazebo-11/plugins:/opt/ros/galactic/opt/yaml_cpp_vendor/lib:/opt/ros/galactic/opt/rviz_ogre_vendor/lib:/opt/ros/galactic/lib/x86_64-linux-gnu:/opt/ros/galactic/lib:/usr/lib/x86_64-linux-gnu/gazebo-11/plugins PYTHONPATH=/home/danial/drone_racing_ros2_ws/src/Aerial-Robotics-Drone-Project/install/tello_msgs/lib/python3.8/site-packages:${PYTHONPATH} /usr/bin/cmake /home/danial/drone_racing_ros2_ws/src/Aerial-Robotics-Drone-Project/src/tello_ros/tello_driver -DCMAKE_INSTALL_PREFIX=/home/danial/drone_racing_ros2_ws/src/Aerial-Robotics-Drone-Project/install/tello_driver
[1.724s] Invoking command in '/home/danial/drone_racing_ros2_ws/src/Aerial-Robotics-Drone-Project/build/tello_driver': AMENT_PREFIX_PATH=/home/danial/drone_racing_ros2_ws/src/Aerial-Robotics-Drone-Project/install/tello_msgs:/home/danial/drone_racing_ros2_ws/src/Aerial-Robotics-Drone-Project/install/ros2_shared:${AMENT_PREFIX_PATH} CMAKE_PREFIX_PATH=/home/danial/drone_racing_ros2_ws/src/Aerial-Robotics-Drone-Project/install/tello_msgs:/home/danial/drone_racing_ros2_ws/src/Aerial-Robotics-Drone-Project/install/ros2_shared:/home/danial/drone_racing_ros2_ws/install/tello_gazebo:/home/danial/drone_racing_ros2_ws/install/tello_driver:/home/danial/drone_racing_ros2_ws/install/tello_msgs:/home/danial/drone_racing_ros2_ws/install/tello_description:/home/danial/drone_racing_ros2_ws/install/ros2_shared:/home/danial/drone_racing_ros2_ws/install/example_cpp_pkg:/home/danial/drone_racing_ros2_ws/src/Aerial-Robotics-Drone-Project/install/tello_process:/home/danial/drone_racing_ros2_ws/install/drone_project:/home/danial/drone_racing_ros2_ws/src/Aerial-Robotics-Drone-Project/install/drone_project:/opt/ros/galactic LD_LIBRARY_PATH=/home/danial/drone_racing_ros2_ws/src/Aerial-Robotics-Drone-Project/install/tello_msgs/lib:/home/danial/drone_racing_ros2_ws/install/tello_gazebo/lib:/home/danial/drone_racing_ros2_ws/install/tello_driver/lib:/home/danial/drone_racing_ros2_ws/install/tello_msgs/lib:/usr/lib/x86_64-linux-gnu/gazebo-11/plugins:/opt/ros/galactic/opt/yaml_cpp_vendor/lib:/opt/ros/galactic/opt/rviz_ogre_vendor/lib:/opt/ros/galactic/lib/x86_64-linux-gnu:/opt/ros/galactic/lib:/usr/lib/x86_64-linux-gnu/gazebo-11/plugins PYTHONPATH=/home/danial/drone_racing_ros2_ws/src/Aerial-Robotics-Drone-Project/install/tello_msgs/lib/python3.8/site-packages:${PYTHONPATH} /usr/bin/cmake --build /home/danial/drone_racing_ros2_ws/src/Aerial-Robotics-Drone-Project/build/tello_driver -- -j8 -l8
[1.772s] [35m[1mScanning dependencies of target tello_driver_main[0m
[1.775s] [35m[1mScanning dependencies of target tello_emulator[0m
[1.775s] [35m[1mScanning dependencies of target tello_joy_main[0m
[1.775s] [35m[1mScanning dependencies of target tello_joy_node[0m
[1.775s] [35m[1mScanning dependencies of target tello_driver_node[0m
[1.789s] [  4%] [32mBuilding CXX object CMakeFiles/tello_emulator.dir/src/tello_emulator.cpp.o[0m
[1.840s] [  9%] [32mBuilding CXX object CMakeFiles/tello_joy_node.dir/src/tello_joy_node.cpp.o[0m
[1.850s] [ 13%] [32mBuilding CXX object CMakeFiles/tello_joy_main.dir/src/tello_joy_node.cpp.o[0m
[1.856s] [ 18%] [32mBuilding CXX object CMakeFiles/tello_joy_main.dir/src/tello_joy_main.cpp.o[0m
[1.903s] [ 22%] [32mBuilding CXX object CMakeFiles/tello_driver_node.dir/src/tello_socket.cpp.o[0m
[1.908s] [ 27%] [32mBuilding CXX object CMakeFiles/tello_driver_node.dir/src/tello_driver_node.cpp.o[0m
[1.909s] [ 31%] [32mBuilding CXX object CMakeFiles/tello_driver_main.dir/src/tello_driver_main.cpp.o[0m
[1.919s] [ 36%] [32mBuilding CXX object CMakeFiles/tello_driver_node.dir/src/command_socket.cpp.o[0m
[5.313s] [ 40%] [32m[1mLinking CXX executable tello_emulator[0m
[5.619s] [ 40%] Built target tello_emulator
[5.633s] [ 45%] [32mBuilding CXX object CMakeFiles/tello_driver_node.dir/src/state_socket.cpp.o[0m
[7.224s] [ 50%] [32mBuilding CXX object CMakeFiles/tello_driver_main.dir/src/tello_driver_node.cpp.o[0m
[9.768s] [ 54%] [32mBuilding CXX object CMakeFiles/tello_driver_main.dir/src/tello_socket.cpp.o[0m
[10.049s] [ 59%] [32mBuilding CXX object CMakeFiles/tello_driver_node.dir/src/video_socket.cpp.o[0m
[10.291s] [ 63%] [32mBuilding CXX object CMakeFiles/tello_driver_main.dir/src/command_socket.cpp.o[0m
[17.274s] [ 68%] [32m[1mLinking CXX shared library libtello_joy_node.so[0m
[17.525s] [ 72%] [32mBuilding CXX object CMakeFiles/tello_driver_node.dir/h264decoder/h264decoder.cpp.o[0m
[18.254s] [ 77%] [32mBuilding CXX object CMakeFiles/tello_driver_main.dir/src/state_socket.cpp.o[0m
[18.479s] [ 77%] Built target tello_joy_node
[18.501s] [ 81%] [32mBuilding CXX object CMakeFiles/tello_driver_main.dir/src/video_socket.cpp.o[0m
[18.775s] [ 86%] [32m[1mLinking CXX executable tello_joy_main[0m
[18.846s] [ 90%] [32mBuilding CXX object CMakeFiles/tello_driver_main.dir/h264decoder/h264decoder.cpp.o[0m
[19.722s] [ 90%] Built target tello_joy_main
[21.960s] [ 95%] [32m[1mLinking CXX shared library libtello_driver_node.so[0m
[23.059s] [ 95%] Built target tello_driver_node
[26.062s] [100%] [32m[1mLinking CXX executable tello_driver_main[0m
[27.297s] [100%] Built target tello_driver_main
[27.311s] Invoked command in '/home/danial/drone_racing_ros2_ws/src/Aerial-Robotics-Drone-Project/build/tello_driver' returned '0': AMENT_PREFIX_PATH=/home/danial/drone_racing_ros2_ws/src/Aerial-Robotics-Drone-Project/install/tello_msgs:/home/danial/drone_racing_ros2_ws/src/Aerial-Robotics-Drone-Project/install/ros2_shared:${AMENT_PREFIX_PATH} CMAKE_PREFIX_PATH=/home/danial/drone_racing_ros2_ws/src/Aerial-Robotics-Drone-Project/install/tello_msgs:/home/danial/drone_racing_ros2_ws/src/Aerial-Robotics-Drone-Project/install/ros2_shared:/home/danial/drone_racing_ros2_ws/install/tello_gazebo:/home/danial/drone_racing_ros2_ws/install/tello_driver:/home/danial/drone_racing_ros2_ws/install/tello_msgs:/home/danial/drone_racing_ros2_ws/install/tello_description:/home/danial/drone_racing_ros2_ws/install/ros2_shared:/home/danial/drone_racing_ros2_ws/install/example_cpp_pkg:/home/danial/drone_racing_ros2_ws/src/Aerial-Robotics-Drone-Project/install/tello_process:/home/danial/drone_racing_ros2_ws/install/drone_project:/home/danial/drone_racing_ros2_ws/src/Aerial-Robotics-Drone-Project/install/drone_project:/opt/ros/galactic LD_LIBRARY_PATH=/home/danial/drone_racing_ros2_ws/src/Aerial-Robotics-Drone-Project/install/tello_msgs/lib:/home/danial/drone_racing_ros2_ws/install/tello_gazebo/lib:/home/danial/drone_racing_ros2_ws/install/tello_driver/lib:/home/danial/drone_racing_ros2_ws/install/tello_msgs/lib:/usr/lib/x86_64-linux-gnu/gazebo-11/plugins:/opt/ros/galactic/opt/yaml_cpp_vendor/lib:/opt/ros/galactic/opt/rviz_ogre_vendor/lib:/opt/ros/galactic/lib/x86_64-linux-gnu:/opt/ros/galactic/lib:/usr/lib/x86_64-linux-gnu/gazebo-11/plugins PYTHONPATH=/home/danial/drone_racing_ros2_ws/src/Aerial-Robotics-Drone-Project/install/tello_msgs/lib/python3.8/site-packages:${PYTHONPATH} /usr/bin/cmake --build /home/danial/drone_racing_ros2_ws/src/Aerial-Robotics-Drone-Project/build/tello_driver -- -j8 -l8
[27.357s] Invoking command in '/home/danial/drone_racing_ros2_ws/src/Aerial-Robotics-Drone-Project/build/tello_driver': AMENT_PREFIX_PATH=/home/danial/drone_racing_ros2_ws/src/Aerial-Robotics-Drone-Project/install/tello_msgs:/home/danial/drone_racing_ros2_ws/src/Aerial-Robotics-Drone-Project/install/ros2_shared:${AMENT_PREFIX_PATH} CMAKE_PREFIX_PATH=/home/danial/drone_racing_ros2_ws/src/Aerial-Robotics-Drone-Project/install/tello_msgs:/home/danial/drone_racing_ros2_ws/src/Aerial-Robotics-Drone-Project/install/ros2_shared:/home/danial/drone_racing_ros2_ws/install/tello_gazebo:/home/danial/drone_racing_ros2_ws/install/tello_driver:/home/danial/drone_racing_ros2_ws/install/tello_msgs:/home/danial/drone_racing_ros2_ws/install/tello_description:/home/danial/drone_racing_ros2_ws/install/ros2_shared:/home/danial/drone_racing_ros2_ws/install/example_cpp_pkg:/home/danial/drone_racing_ros2_ws/src/Aerial-Robotics-Drone-Project/install/tello_process:/home/danial/drone_racing_ros2_ws/install/drone_project:/home/danial/drone_racing_ros2_ws/src/Aerial-Robotics-Drone-Project/install/drone_project:/opt/ros/galactic LD_LIBRARY_PATH=/home/danial/drone_racing_ros2_ws/src/Aerial-Robotics-Drone-Project/install/tello_msgs/lib:/home/danial/drone_racing_ros2_ws/install/tello_gazebo/lib:/home/danial/drone_racing_ros2_ws/install/tello_driver/lib:/home/danial/drone_racing_ros2_ws/install/tello_msgs/lib:/usr/lib/x86_64-linux-gnu/gazebo-11/plugins:/opt/ros/galactic/opt/yaml_cpp_vendor/lib:/opt/ros/galactic/opt/rviz_ogre_vendor/lib:/opt/ros/galactic/lib/x86_64-linux-gnu:/opt/ros/galactic/lib:/usr/lib/x86_64-linux-gnu/gazebo-11/plugins PYTHONPATH=/home/danial/drone_racing_ros2_ws/src/Aerial-Robotics-Drone-Project/install/tello_msgs/lib/python3.8/site-packages:${PYTHONPATH} /usr/bin/cmake --install /home/danial/drone_racing_ros2_ws/src/Aerial-Robotics-Drone-Project/build/tello_driver
[27.367s] -- Install configuration: ""
[27.367s] -- Installing: /home/danial/drone_racing_ros2_ws/src/Aerial-Robotics-Drone-Project/install/tello_driver/share/tello_driver/environment/library_path.sh
[27.368s] -- Installing: /home/danial/drone_racing_ros2_ws/src/Aerial-Robotics-Drone-Project/install/tello_driver/share/tello_driver/environment/library_path.dsv
[27.368s] -- Installing: /home/danial/drone_racing_ros2_ws/src/Aerial-Robotics-Drone-Project/install/tello_driver/lib/libtello_driver_node.so
[27.374s] -- Set runtime path of "/home/danial/drone_racing_ros2_ws/src/Aerial-Robotics-Drone-Project/install/tello_driver/lib/libtello_driver_node.so" to ""
[27.374s] -- Installing: /home/danial/drone_racing_ros2_ws/src/Aerial-Robotics-Drone-Project/install/tello_driver/lib/libtello_joy_node.so
[27.378s] -- Set runtime path of "/home/danial/drone_racing_ros2_ws/src/Aerial-Robotics-Drone-Project/install/tello_driver/lib/libtello_joy_node.so" to ""
[27.378s] -- Installing: /home/danial/drone_racing_ros2_ws/src/Aerial-Robotics-Drone-Project/install/tello_driver/lib/tello_driver/tello_driver_main
[27.385s] -- Set runtime path of "/home/danial/drone_racing_ros2_ws/src/Aerial-Robotics-Drone-Project/install/tello_driver/lib/tello_driver/tello_driver_main" to ""
[27.385s] -- Installing: /home/danial/drone_racing_ros2_ws/src/Aerial-Robotics-Drone-Project/install/tello_driver/lib/tello_driver/tello_joy_main
[27.386s] -- Set runtime path of "/home/danial/drone_racing_ros2_ws/src/Aerial-Robotics-Drone-Project/install/tello_driver/lib/tello_driver/tello_joy_main" to ""
[27.386s] -- Installing: /home/danial/drone_racing_ros2_ws/src/Aerial-Robotics-Drone-Project/install/tello_driver/lib/tello_driver/tello_emulator
[27.386s] -- Installing: /home/danial/drone_racing_ros2_ws/src/Aerial-Robotics-Drone-Project/install/tello_driver/share/tello_driver/cfg
[27.386s] -- Installing: /home/danial/drone_racing_ros2_ws/src/Aerial-Robotics-Drone-Project/install/tello_driver/share/tello_driver/cfg/camera_info.yaml
[27.386s] -- Installing: /home/danial/drone_racing_ros2_ws/src/Aerial-Robotics-Drone-Project/install/tello_driver/share/tello_driver/launch
[27.387s] -- Installing: /home/danial/drone_racing_ros2_ws/src/Aerial-Robotics-Drone-Project/install/tello_driver/share/tello_driver/launch/emulator_launch.py
[27.387s] -- Installing: /home/danial/drone_racing_ros2_ws/src/Aerial-Robotics-Drone-Project/install/tello_driver/share/tello_driver/launch/emulators_launch.py
[27.387s] -- Installing: /home/danial/drone_racing_ros2_ws/src/Aerial-Robotics-Drone-Project/install/tello_driver/share/tello_driver/launch/teleop_launch.py
[27.387s] -- Installing: /home/danial/drone_racing_ros2_ws/src/Aerial-Robotics-Drone-Project/install/tello_driver/share/ament_index/resource_index/package_run_dependencies/tello_driver
[27.387s] -- Installing: /home/danial/drone_racing_ros2_ws/src/Aerial-Robotics-Drone-Project/install/tello_driver/share/ament_index/resource_index/parent_prefix_path/tello_driver
[27.387s] -- Installing: /home/danial/drone_racing_ros2_ws/src/Aerial-Robotics-Drone-Project/install/tello_driver/share/tello_driver/environment/ament_prefix_path.sh
[27.388s] -- Installing: /home/danial/drone_racing_ros2_ws/src/Aerial-Robotics-Drone-Project/install/tello_driver/share/tello_driver/environment/ament_prefix_path.dsv
[27.388s] -- Installing: /home/danial/drone_racing_ros2_ws/src/Aerial-Robotics-Drone-Project/install/tello_driver/share/tello_driver/environment/path.sh
[27.388s] -- Installing: /home/danial/drone_racing_ros2_ws/src/Aerial-Robotics-Drone-Project/install/tello_driver/share/tello_driver/environment/path.dsv
[27.388s] -- Installing: /home/danial/drone_racing_ros2_ws/src/Aerial-Robotics-Drone-Project/install/tello_driver/share/tello_driver/local_setup.bash
[27.388s] -- Installing: /home/danial/drone_racing_ros2_ws/src/Aerial-Robotics-Drone-Project/install/tello_driver/share/tello_driver/local_setup.sh
[27.388s] -- Installing: /home/danial/drone_racing_ros2_ws/src/Aerial-Robotics-Drone-Project/install/tello_driver/share/tello_driver/local_setup.zsh
[27.388s] -- Installing: /home/danial/drone_racing_ros2_ws/src/Aerial-Robotics-Drone-Project/install/tello_driver/share/tello_driver/local_setup.dsv
[27.388s] -- Installing: /home/danial/drone_racing_ros2_ws/src/Aerial-Robotics-Drone-Project/install/tello_driver/share/tello_driver/package.dsv
[27.388s] -- Installing: /home/danial/drone_racing_ros2_ws/src/Aerial-Robotics-Drone-Project/install/tello_driver/share/ament_index/resource_index/packages/tello_driver
[27.389s] -- Installing: /home/danial/drone_racing_ros2_ws/src/Aerial-Robotics-Drone-Project/install/tello_driver/share/ament_index/resource_index/rclcpp_components/tello_driver
[27.389s] -- Installing: /home/danial/drone_racing_ros2_ws/src/Aerial-Robotics-Drone-Project/install/tello_driver/share/tello_driver/cmake/tello_driverConfig.cmake
[27.389s] -- Installing: /home/danial/drone_racing_ros2_ws/src/Aerial-Robotics-Drone-Project/install/tello_driver/share/tello_driver/cmake/tello_driverConfig-version.cmake
[27.389s] -- Installing: /home/danial/drone_racing_ros2_ws/src/Aerial-Robotics-Drone-Project/install/tello_driver/share/tello_driver/package.xml
[27.391s] Invoked command in '/home/danial/drone_racing_ros2_ws/src/Aerial-Robotics-Drone-Project/build/tello_driver' returned '0': AMENT_PREFIX_PATH=/home/danial/drone_racing_ros2_ws/src/Aerial-Robotics-Drone-Project/install/tello_msgs:/home/danial/drone_racing_ros2_ws/src/Aerial-Robotics-Drone-Project/install/ros2_shared:${AMENT_PREFIX_PATH} CMAKE_PREFIX_PATH=/home/danial/drone_racing_ros2_ws/src/Aerial-Robotics-Drone-Project/install/tello_msgs:/home/danial/drone_racing_ros2_ws/src/Aerial-Robotics-Drone-Project/install/ros2_shared:/home/danial/drone_racing_ros2_ws/install/tello_gazebo:/home/danial/drone_racing_ros2_ws/install/tello_driver:/home/danial/drone_racing_ros2_ws/install/tello_msgs:/home/danial/drone_racing_ros2_ws/install/tello_description:/home/danial/drone_racing_ros2_ws/install/ros2_shared:/home/danial/drone_racing_ros2_ws/install/example_cpp_pkg:/home/danial/drone_racing_ros2_ws/src/Aerial-Robotics-Drone-Project/install/tello_process:/home/danial/drone_racing_ros2_ws/install/drone_project:/home/danial/drone_racing_ros2_ws/src/Aerial-Robotics-Drone-Project/install/drone_project:/opt/ros/galactic LD_LIBRARY_PATH=/home/danial/drone_racing_ros2_ws/src/Aerial-Robotics-Drone-Project/install/tello_msgs/lib:/home/danial/drone_racing_ros2_ws/install/tello_gazebo/lib:/home/danial/drone_racing_ros2_ws/install/tello_driver/lib:/home/danial/drone_racing_ros2_ws/install/tello_msgs/lib:/usr/lib/x86_64-linux-gnu/gazebo-11/plugins:/opt/ros/galactic/opt/yaml_cpp_vendor/lib:/opt/ros/galactic/opt/rviz_ogre_vendor/lib:/opt/ros/galactic/lib/x86_64-linux-gnu:/opt/ros/galactic/lib:/usr/lib/x86_64-linux-gnu/gazebo-11/plugins PYTHONPATH=/home/danial/drone_racing_ros2_ws/src/Aerial-Robotics-Drone-Project/install/tello_msgs/lib/python3.8/site-packages:${PYTHONPATH} /usr/bin/cmake --install /home/danial/drone_racing_ros2_ws/src/Aerial-Robotics-Drone-Project/build/tello_driver
