[100%] Built target TelloPlugin
-- Install configuration: ""
-- Up-to-date: /home/danial/drone_racing_ros2_ws/src/Aerial-Robotics-Drone-Project/install/tello_gazebo/lib/libTelloPlugin.so
-- Up-to-date: /home/danial/drone_racing_ros2_ws/src/Aerial-Robotics-Drone-Project/install/tello_gazebo/share/tello_gazebo/models
-- Up-to-date: /home/danial/drone_racing_ros2_ws/src/Aerial-Robotics-Drone-Project/install/tello_gazebo/share/tello_gazebo/models/square_gate_green_tall
-- Up-to-date: /home/danial/drone_racing_ros2_ws/src/Aerial-Robotics-Drone-Project/install/tello_gazebo/share/tello_gazebo/models/square_gate_green_tall/square_gate_tall.dae
-- Up-to-date: /home/danial/drone_racing_ros2_ws/src/Aerial-Robotics-Drone-Project/install/tello_gazebo/share/tello_gazebo/models/square_gate_green_tall/model.config
-- Up-to-date: /home/danial/drone_racing_ros2_ws/src/Aerial-Robotics-Drone-Project/install/tello_gazebo/share/tello_gazebo/models/square_gate_green_tall/model.sdf
-- Installing: /home/danial/drone_racing_ros2_ws/src/Aerial-Robotics-Drone-Project/install/tello_gazebo/share/tello_gazebo/models/marker_4
-- Installing: /home/danial/drone_racing_ros2_ws/src/Aerial-Robotics-Drone-Project/install/tello_gazebo/share/tello_gazebo/models/marker_4/materials
-- Installing: /home/danial/drone_racing_ros2_ws/src/Aerial-Robotics-Drone-Project/install/tello_gazebo/share/tello_gazebo/models/marker_4/materials/scripts
-- Installing: /home/danial/drone_racing_ros2_ws/src/Aerial-Robotics-Drone-Project/install/tello_gazebo/share/tello_gazebo/models/marker_4/materials/scripts/marker_4.material
-- Installing: /home/danial/drone_racing_ros2_ws/src/Aerial-Robotics-Drone-Project/install/tello_gazebo/share/tello_gazebo/models/marker_4/materials/textures
-- Installing: /home/danial/drone_racing_ros2_ws/src/Aerial-Robotics-Drone-Project/install/tello_gazebo/share/tello_gazebo/models/marker_4/materials/textures/aruco_mark_4.png
-- Installing: /home/danial/drone_racing_ros2_ws/src/Aerial-Robotics-Drone-Project/install/tello_gazebo/share/tello_gazebo/models/marker_4/materials/textures/aruco_mark_4.svg
-- Installing: /home/danial/drone_racing_ros2_ws/src/Aerial-Robotics-Drone-Project/install/tello_gazebo/share/tello_gazebo/models/marker_4/model.config
-- Installing: /home/danial/drone_racing_ros2_ws/src/Aerial-Robotics-Drone-Project/install/tello_gazebo/share/tello_gazebo/models/marker_4/model.sdf
-- Installing: /home/danial/drone_racing_ros2_ws/src/Aerial-Robotics-Drone-Project/install/tello_gazebo/share/tello_gazebo/models/marker_7
-- Installing: /home/danial/drone_racing_ros2_ws/src/Aerial-Robotics-Drone-Project/install/tello_gazebo/share/tello_gazebo/models/marker_7/materials
-- Installing: /home/danial/drone_racing_ros2_ws/src/Aerial-Robotics-Drone-Project/install/tello_gazebo/share/tello_gazebo/models/marker_7/materials/scripts
-- Installing: /home/danial/drone_racing_ros2_ws/src/Aerial-Robotics-Drone-Project/install/tello_gazebo/share/tello_gazebo/models/marker_7/materials/scripts/marker_7.material
-- Installing: /home/danial/drone_racing_ros2_ws/src/Aerial-Robotics-Drone-Project/install/tello_gazebo/share/tello_gazebo/models/marker_7/materials/textures
-- Installing: /home/danial/drone_racing_ros2_ws/src/Aerial-Robotics-Drone-Project/install/tello_gazebo/share/tello_gazebo/models/marker_7/materials/textures/aruco_mark_7.svg
-- Installing: /home/danial/drone_racing_ros2_ws/src/Aerial-Robotics-Drone-Project/install/tello_gazebo/share/tello_gazebo/models/marker_7/materials/textures/aruco_mark_7.png
-- Installing: /home/danial/drone_racing_ros2_ws/src/Aerial-Robotics-Drone-Project/install/tello_gazebo/share/tello_gazebo/models/marker_7/model.config
-- Installing: /home/danial/drone_racing_ros2_ws/src/Aerial-Robotics-Drone-Project/install/tello_gazebo/share/tello_gazebo/models/marker_7/model.sdf
-- Up-to-date: /home/danial/drone_racing_ros2_ws/src/Aerial-Robotics-Drone-Project/install/tello_gazebo/share/tello_gazebo/models/circle_gate_green_short
-- Up-to-date: /home/danial/drone_racing_ros2_ws/src/Aerial-Robotics-Drone-Project/install/tello_gazebo/share/tello_gazebo/models/circle_gate_green_short/model.config
-- Up-to-date: /home/danial/drone_racing_ros2_ws/src/Aerial-Robotics-Drone-Project/install/tello_gazebo/share/tello_gazebo/models/circle_gate_green_short/model.sdf
-- Up-to-date: /home/danial/drone_racing_ros2_ws/src/Aerial-Robotics-Drone-Project/install/tello_gazebo/share/tello_gazebo/models/circle_gate_green_short/circle_gate_short.dae
-- Up-to-date: /home/danial/drone_racing_ros2_ws/src/Aerial-Robotics-Drone-Project/install/tello_gazebo/share/tello_gazebo/models/square_gate_blue
-- Up-to-date: /home/danial/drone_racing_ros2_ws/src/Aerial-Robotics-Drone-Project/install/tello_gazebo/share/tello_gazebo/models/square_gate_blue/square_gate.dae
-- Up-to-date: /home/danial/drone_racing_ros2_ws/src/Aerial-Robotics-Drone-Project/install/tello_gazebo/share/tello_gazebo/models/square_gate_blue/model.config
-- Up-to-date: /home/danial/drone_racing_ros2_ws/src/Aerial-Robotics-Drone-Project/install/tello_gazebo/share/tello_gazebo/models/square_gate_blue/model.sdf
-- Up-to-date: /home/danial/drone_racing_ros2_ws/src/Aerial-Robotics-Drone-Project/install/tello_gazebo/share/tello_gazebo/models/square_gate_green
-- Up-to-date: /home/danial/drone_racing_ros2_ws/src/Aerial-Robotics-Drone-Project/install/tello_gazebo/share/tello_gazebo/models/square_gate_green/square_gate.dae
-- Up-to-date: /home/danial/drone_racing_ros2_ws/src/Aerial-Robotics-Drone-Project/install/tello_gazebo/share/tello_gazebo/models/square_gate_green/model.config
-- Up-to-date: /home/danial/drone_racing_ros2_ws/src/Aerial-Robotics-Drone-Project/install/tello_gazebo/share/tello_gazebo/models/square_gate_green/model.sdf
-- Installing: /home/danial/drone_racing_ros2_ws/src/Aerial-Robotics-Drone-Project/install/tello_gazebo/share/tello_gazebo/models/marker_1
-- Installing: /home/danial/drone_racing_ros2_ws/src/Aerial-Robotics-Drone-Project/install/tello_gazebo/share/tello_gazebo/models/marker_1/materials
-- Installing: /home/danial/drone_racing_ros2_ws/src/Aerial-Robotics-Drone-Project/install/tello_gazebo/share/tello_gazebo/models/marker_1/materials/scripts
-- Installing: /home/danial/drone_racing_ros2_ws/src/Aerial-Robotics-Drone-Project/install/tello_gazebo/share/tello_gazebo/models/marker_1/materials/scripts/marker_1.material
-- Installing: /home/danial/drone_racing_ros2_ws/src/Aerial-Robotics-Drone-Project/install/tello_gazebo/share/tello_gazebo/models/marker_1/materials/textures
-- Installing: /home/danial/drone_racing_ros2_ws/src/Aerial-Robotics-Drone-Project/install/tello_gazebo/share/tello_gazebo/models/marker_1/materials/textures/aruco_mark_1.svg
-- Installing: /home/danial/drone_racing_ros2_ws/src/Aerial-Robotics-Drone-Project/install/tello_gazebo/share/tello_gazebo/models/marker_1/materials/textures/aruco_mark_1.png
-- Installing: /home/danial/drone_racing_ros2_ws/src/Aerial-Robotics-Drone-Project/install/tello_gazebo/share/tello_gazebo/models/marker_1/model.config
-- Installing: /home/danial/drone_racing_ros2_ws/src/Aerial-Robotics-Drone-Project/install/tello_gazebo/share/tello_gazebo/models/marker_1/model.sdf
-- Up-to-date: /home/danial/drone_racing_ros2_ws/src/Aerial-Robotics-Drone-Project/install/tello_gazebo/share/tello_gazebo/models/circle_gate_red
-- Up-to-date: /home/danial/drone_racing_ros2_ws/src/Aerial-Robotics-Drone-Project/install/tello_gazebo/share/tello_gazebo/models/circle_gate_red/circle_gate.dae
-- Up-to-date: /home/danial/drone_racing_ros2_ws/src/Aerial-Robotics-Drone-Project/install/tello_gazebo/share/tello_gazebo/models/circle_gate_red/model.config
-- Up-to-date: /home/danial/drone_racing_ros2_ws/src/Aerial-Robotics-Drone-Project/install/tello_gazebo/share/tello_gazebo/models/circle_gate_red/model.sdf
-- Installing: /home/danial/drone_racing_ros2_ws/src/Aerial-Robotics-Drone-Project/install/tello_gazebo/share/tello_gazebo/models/marker_3
-- Installing: /home/danial/drone_racing_ros2_ws/src/Aerial-Robotics-Drone-Project/install/tello_gazebo/share/tello_gazebo/models/marker_3/materials
-- Installing: /home/danial/drone_racing_ros2_ws/src/Aerial-Robotics-Drone-Project/install/tello_gazebo/share/tello_gazebo/models/marker_3/materials/scripts
-- Installing: /home/danial/drone_racing_ros2_ws/src/Aerial-Robotics-Drone-Project/install/tello_gazebo/share/tello_gazebo/models/marker_3/materials/scripts/marker_3.material
-- Installing: /home/danial/drone_racing_ros2_ws/src/Aerial-Robotics-Drone-Project/install/tello_gazebo/share/tello_gazebo/models/marker_3/materials/textures
-- Installing: /home/danial/drone_racing_ros2_ws/src/Aerial-Robotics-Drone-Project/install/tello_gazebo/share/tello_gazebo/models/marker_3/materials/textures/aruco_mark_3.png
-- Installing: /home/danial/drone_racing_ros2_ws/src/Aerial-Robotics-Drone-Project/install/tello_gazebo/share/tello_gazebo/models/marker_3/materials/textures/aruco_mark_3.svg
-- Installing: /home/danial/drone_racing_ros2_ws/src/Aerial-Robotics-Drone-Project/install/tello_gazebo/share/tello_gazebo/models/marker_3/model.config
-- Installing: /home/danial/drone_racing_ros2_ws/src/Aerial-Robotics-Drone-Project/install/tello_gazebo/share/tello_gazebo/models/marker_3/model.sdf
-- Up-to-date: /home/danial/drone_racing_ros2_ws/src/Aerial-Robotics-Drone-Project/install/tello_gazebo/share/tello_gazebo/models/stop_sign
-- Up-to-date: /home/danial/drone_racing_ros2_ws/src/Aerial-Robotics-Drone-Project/install/tello_gazebo/share/tello_gazebo/models/stop_sign/materials
-- Up-to-date: /home/danial/drone_racing_ros2_ws/src/Aerial-Robotics-Drone-Project/install/tello_gazebo/share/tello_gazebo/models/stop_sign/materials/scripts
-- Up-to-date: /home/danial/drone_racing_ros2_ws/src/Aerial-Robotics-Drone-Project/install/tello_gazebo/share/tello_gazebo/models/stop_sign/materials/scripts/stopsign.material
-- Up-to-date: /home/danial/drone_racing_ros2_ws/src/Aerial-Robotics-Drone-Project/install/tello_gazebo/share/tello_gazebo/models/stop_sign/materials/textures
-- Up-to-date: /home/danial/drone_racing_ros2_ws/src/Aerial-Robotics-Drone-Project/install/tello_gazebo/share/tello_gazebo/models/stop_sign/materials/textures/StopSign_Diffuse.png
-- Up-to-date: /home/danial/drone_racing_ros2_ws/src/Aerial-Robotics-Drone-Project/install/tello_gazebo/share/tello_gazebo/models/stop_sign/materials/textures/StopSign_Spec.png
-- Up-to-date: /home/danial/drone_racing_ros2_ws/src/Aerial-Robotics-Drone-Project/install/tello_gazebo/share/tello_gazebo/models/stop_sign/meshes
-- Up-to-date: /home/danial/drone_racing_ros2_ws/src/Aerial-Robotics-Drone-Project/install/tello_gazebo/share/tello_gazebo/models/stop_sign/meshes/stop_sign.dae
-- Up-to-date: /home/danial/drone_racing_ros2_ws/src/Aerial-Robotics-Drone-Project/install/tello_gazebo/share/tello_gazebo/models/stop_sign/model.config
-- Up-to-date: /home/danial/drone_racing_ros2_ws/src/Aerial-Robotics-Drone-Project/install/tello_gazebo/share/tello_gazebo/models/stop_sign/model-1_3.sdf
-- Up-to-date: /home/danial/drone_racing_ros2_ws/src/Aerial-Robotics-Drone-Project/install/tello_gazebo/share/tello_gazebo/models/stop_sign/model.sdf
-- Up-to-date: /home/danial/drone_racing_ros2_ws/src/Aerial-Robotics-Drone-Project/install/tello_gazebo/share/tello_gazebo/models/stop_sign/model-1_4.sdf
-- Installing: /home/danial/drone_racing_ros2_ws/src/Aerial-Robotics-Drone-Project/install/tello_gazebo/share/tello_gazebo/models/marker_6
-- Installing: /home/danial/drone_racing_ros2_ws/src/Aerial-Robotics-Drone-Project/install/tello_gazebo/share/tello_gazebo/models/marker_6/materials
-- Installing: /home/danial/drone_racing_ros2_ws/src/Aerial-Robotics-Drone-Project/install/tello_gazebo/share/tello_gazebo/models/marker_6/materials/scripts
-- Installing: /home/danial/drone_racing_ros2_ws/src/Aerial-Robotics-Drone-Project/install/tello_gazebo/share/tello_gazebo/models/marker_6/materials/scripts/marker_6.material
-- Installing: /home/danial/drone_racing_ros2_ws/src/Aerial-Robotics-Drone-Project/install/tello_gazebo/share/tello_gazebo/models/marker_6/materials/textures
-- Installing: /home/danial/drone_racing_ros2_ws/src/Aerial-Robotics-Drone-Project/install/tello_gazebo/share/tello_gazebo/models/marker_6/materials/textures/aruco_mark_6.svg
-- Installing: /home/danial/drone_racing_ros2_ws/src/Aerial-Robotics-Drone-Project/install/tello_gazebo/share/tello_gazebo/models/marker_6/materials/textures/aruco_mark_6.png
-- Installing: /home/danial/drone_racing_ros2_ws/src/Aerial-Robotics-Drone-Project/install/tello_gazebo/share/tello_gazebo/models/marker_6/model.config
-- Installing: /home/danial/drone_racing_ros2_ws/src/Aerial-Robotics-Drone-Project/install/tello_gazebo/share/tello_gazebo/models/marker_6/model.sdf
-- Up-to-date: /home/danial/drone_racing_ros2_ws/src/Aerial-Robotics-Drone-Project/install/tello_gazebo/share/tello_gazebo/models/circle_gate_green_tall
-- Up-to-date: /home/danial/drone_racing_ros2_ws/src/Aerial-Robotics-Drone-Project/install/tello_gazebo/share/tello_gazebo/models/circle_gate_green_tall/circle_gate_tall.dae
-- Up-to-date: /home/danial/drone_racing_ros2_ws/src/Aerial-Robotics-Drone-Project/install/tello_gazebo/share/tello_gazebo/models/circle_gate_green_tall/model.config
-- Up-to-date: /home/danial/drone_racing_ros2_ws/src/Aerial-Robotics-Drone-Project/install/tello_gazebo/share/tello_gazebo/models/circle_gate_green_tall/model.sdf
-- Installing: /home/danial/drone_racing_ros2_ws/src/Aerial-Robotics-Drone-Project/install/tello_gazebo/share/tello_gazebo/models/marker_2
-- Installing: /home/danial/drone_racing_ros2_ws/src/Aerial-Robotics-Drone-Project/install/tello_gazebo/share/tello_gazebo/models/marker_2/materials
-- Installing: /home/danial/drone_racing_ros2_ws/src/Aerial-Robotics-Drone-Project/install/tello_gazebo/share/tello_gazebo/models/marker_2/materials/scripts
-- Installing: /home/danial/drone_racing_ros2_ws/src/Aerial-Robotics-Drone-Project/install/tello_gazebo/share/tello_gazebo/models/marker_2/materials/scripts/marker_2.material
-- Installing: /home/danial/drone_racing_ros2_ws/src/Aerial-Robotics-Drone-Project/install/tello_gazebo/share/tello_gazebo/models/marker_2/materials/textures
-- Installing: /home/danial/drone_racing_ros2_ws/src/Aerial-Robotics-Drone-Project/install/tello_gazebo/share/tello_gazebo/models/marker_2/materials/textures/aruco_mark_2.svg
-- Installing: /home/danial/drone_racing_ros2_ws/src/Aerial-Robotics-Drone-Project/install/tello_gazebo/share/tello_gazebo/models/marker_2/materials/textures/aruco_mark_2.png
-- Installing: /home/danial/drone_racing_ros2_ws/src/Aerial-Robotics-Drone-Project/install/tello_gazebo/share/tello_gazebo/models/marker_2/model.config
-- Installing: /home/danial/drone_racing_ros2_ws/src/Aerial-Robotics-Drone-Project/install/tello_gazebo/share/tello_gazebo/models/marker_2/model.sdf
-- Up-to-date: /home/danial/drone_racing_ros2_ws/src/Aerial-Robotics-Drone-Project/install/tello_gazebo/share/tello_gazebo/models/circle_gate_blue
-- Up-to-date: /home/danial/drone_racing_ros2_ws/src/Aerial-Robotics-Drone-Project/install/tello_gazebo/share/tello_gazebo/models/circle_gate_blue/circle_gate.dae
-- Up-to-date: /home/danial/drone_racing_ros2_ws/src/Aerial-Robotics-Drone-Project/install/tello_gazebo/share/tello_gazebo/models/circle_gate_blue/model.config
-- Up-to-date: /home/danial/drone_racing_ros2_ws/src/Aerial-Robotics-Drone-Project/install/tello_gazebo/share/tello_gazebo/models/circle_gate_blue/model.sdf
-- Installing: /home/danial/drone_racing_ros2_ws/src/Aerial-Robotics-Drone-Project/install/tello_gazebo/share/tello_gazebo/models/marker_0
-- Installing: /home/danial/drone_racing_ros2_ws/src/Aerial-Robotics-Drone-Project/install/tello_gazebo/share/tello_gazebo/models/marker_0/materials
-- Installing: /home/danial/drone_racing_ros2_ws/src/Aerial-Robotics-Drone-Project/install/tello_gazebo/share/tello_gazebo/models/marker_0/materials/scripts
-- Installing: /home/danial/drone_racing_ros2_ws/src/Aerial-Robotics-Drone-Project/install/tello_gazebo/share/tello_gazebo/models/marker_0/materials/scripts/marker_0.material
-- Installing: /home/danial/drone_racing_ros2_ws/src/Aerial-Robotics-Drone-Project/install/tello_gazebo/share/tello_gazebo/models/marker_0/materials/textures
-- Installing: /home/danial/drone_racing_ros2_ws/src/Aerial-Robotics-Drone-Project/install/tello_gazebo/share/tello_gazebo/models/marker_0/materials/textures/aruco_mark_0.svg
-- Installing: /home/danial/drone_racing_ros2_ws/src/Aerial-Robotics-Drone-Project/install/tello_gazebo/share/tello_gazebo/models/marker_0/materials/textures/aruco_mark_0.png
-- Installing: /home/danial/drone_racing_ros2_ws/src/Aerial-Robotics-Drone-Project/install/tello_gazebo/share/tello_gazebo/models/marker_0/model.config
-- Installing: /home/danial/drone_racing_ros2_ws/src/Aerial-Robotics-Drone-Project/install/tello_gazebo/share/tello_gazebo/models/marker_0/model.sdf
-- Up-to-date: /home/danial/drone_racing_ros2_ws/src/Aerial-Robotics-Drone-Project/install/tello_gazebo/share/tello_gazebo/models/circle_gate_green
-- Up-to-date: /home/danial/drone_racing_ros2_ws/src/Aerial-Robotics-Drone-Project/install/tello_gazebo/share/tello_gazebo/models/circle_gate_green/circle_gate.dae
-- Up-to-date: /home/danial/drone_racing_ros2_ws/src/Aerial-Robotics-Drone-Project/install/tello_gazebo/share/tello_gazebo/models/circle_gate_green/model.config
-- Up-to-date: /home/danial/drone_racing_ros2_ws/src/Aerial-Robotics-Drone-Project/install/tello_gazebo/share/tello_gazebo/models/circle_gate_green/model.sdf
-- Installing: /home/danial/drone_racing_ros2_ws/src/Aerial-Robotics-Drone-Project/install/tello_gazebo/share/tello_gazebo/models/marker_5
-- Installing: /home/danial/drone_racing_ros2_ws/src/Aerial-Robotics-Drone-Project/install/tello_gazebo/share/tello_gazebo/models/marker_5/materials
-- Installing: /home/danial/drone_racing_ros2_ws/src/Aerial-Robotics-Drone-Project/install/tello_gazebo/share/tello_gazebo/models/marker_5/materials/scripts
-- Installing: /home/danial/drone_racing_ros2_ws/src/Aerial-Robotics-Drone-Project/install/tello_gazebo/share/tello_gazebo/models/marker_5/materials/scripts/marker_5.material
-- Installing: /home/danial/drone_racing_ros2_ws/src/Aerial-Robotics-Drone-Project/install/tello_gazebo/share/tello_gazebo/models/marker_5/materials/textures
-- Installing: /home/danial/drone_racing_ros2_ws/src/Aerial-Robotics-Drone-Project/install/tello_gazebo/share/tello_gazebo/models/marker_5/materials/textures/aruco_mark_5.png
-- Installing: /home/danial/drone_racing_ros2_ws/src/Aerial-Robotics-Drone-Project/install/tello_gazebo/share/tello_gazebo/models/marker_5/materials/textures/aruco_mark_5.svg
-- Installing: /home/danial/drone_racing_ros2_ws/src/Aerial-Robotics-Drone-Project/install/tello_gazebo/share/tello_gazebo/models/marker_5/model.config
-- Installing: /home/danial/drone_racing_ros2_ws/src/Aerial-Robotics-Drone-Project/install/tello_gazebo/share/tello_gazebo/models/marker_5/model.sdf
-- Up-to-date: /home/danial/drone_racing_ros2_ws/src/Aerial-Robotics-Drone-Project/install/tello_gazebo/share/tello_gazebo/models/square_gate_red
-- Up-to-date: /home/danial/drone_racing_ros2_ws/src/Aerial-Robotics-Drone-Project/install/tello_gazebo/share/tello_gazebo/models/square_gate_red/square_gate.dae
-- Up-to-date: /home/danial/drone_racing_ros2_ws/src/Aerial-Robotics-Drone-Project/install/tello_gazebo/share/tello_gazebo/models/square_gate_red/model.config
-- Up-to-date: /home/danial/drone_racing_ros2_ws/src/Aerial-Robotics-Drone-Project/install/tello_gazebo/share/tello_gazebo/models/square_gate_red/model.sdf
-- Up-to-date: /home/danial/drone_racing_ros2_ws/src/Aerial-Robotics-Drone-Project/install/tello_gazebo/share/tello_gazebo/models/asphalt_plane
-- Up-to-date: /home/danial/drone_racing_ros2_ws/src/Aerial-Robotics-Drone-Project/install/tello_gazebo/share/tello_gazebo/models/asphalt_plane/materials
-- Up-to-date: /home/danial/drone_racing_ros2_ws/src/Aerial-Robotics-Drone-Project/install/tello_gazebo/share/tello_gazebo/models/asphalt_plane/materials/scripts
-- Up-to-date: /home/danial/drone_racing_ros2_ws/src/Aerial-Robotics-Drone-Project/install/tello_gazebo/share/tello_gazebo/models/asphalt_plane/materials/scripts/asphalt.material
-- Up-to-date: /home/danial/drone_racing_ros2_ws/src/Aerial-Robotics-Drone-Project/install/tello_gazebo/share/tello_gazebo/models/asphalt_plane/materials/textures
-- Up-to-date: /home/danial/drone_racing_ros2_ws/src/Aerial-Robotics-Drone-Project/install/tello_gazebo/share/tello_gazebo/models/asphalt_plane/materials/textures/tarmac.png
-- Up-to-date: /home/danial/drone_racing_ros2_ws/src/Aerial-Robotics-Drone-Project/install/tello_gazebo/share/tello_gazebo/models/asphalt_plane/model.config
-- Up-to-date: /home/danial/drone_racing_ros2_ws/src/Aerial-Robotics-Drone-Project/install/tello_gazebo/share/tello_gazebo/models/asphalt_plane/model.sdf
-- Up-to-date: /home/danial/drone_racing_ros2_ws/src/Aerial-Robotics-Drone-Project/install/tello_gazebo/share/tello_gazebo/models/asphalt_plane/model-1_4.sdf
-- Up-to-date: /home/danial/drone_racing_ros2_ws/src/Aerial-Robotics-Drone-Project/install/tello_gazebo/share/tello_gazebo/models/euro_pallet
-- Up-to-date: /home/danial/drone_racing_ros2_ws/src/Aerial-Robotics-Drone-Project/install/tello_gazebo/share/tello_gazebo/models/euro_pallet/meshes
-- Up-to-date: /home/danial/drone_racing_ros2_ws/src/Aerial-Robotics-Drone-Project/install/tello_gazebo/share/tello_gazebo/models/euro_pallet/meshes/pallet.dae
-- Up-to-date: /home/danial/drone_racing_ros2_ws/src/Aerial-Robotics-Drone-Project/install/tello_gazebo/share/tello_gazebo/models/euro_pallet/model.config
-- Up-to-date: /home/danial/drone_racing_ros2_ws/src/Aerial-Robotics-Drone-Project/install/tello_gazebo/share/tello_gazebo/models/euro_pallet/model.sdf
-- Up-to-date: /home/danial/drone_racing_ros2_ws/src/Aerial-Robotics-Drone-Project/install/tello_gazebo/share/tello_gazebo/models/square_gate_green_short
-- Up-to-date: /home/danial/drone_racing_ros2_ws/src/Aerial-Robotics-Drone-Project/install/tello_gazebo/share/tello_gazebo/models/square_gate_green_short/square_gate_short.dae
-- Up-to-date: /home/danial/drone_racing_ros2_ws/src/Aerial-Robotics-Drone-Project/install/tello_gazebo/share/tello_gazebo/models/square_gate_green_short/model.config
-- Up-to-date: /home/danial/drone_racing_ros2_ws/src/Aerial-Robotics-Drone-Project/install/tello_gazebo/share/tello_gazebo/models/square_gate_green_short/model.sdf
-- Up-to-date: /home/danial/drone_racing_ros2_ws/src/Aerial-Robotics-Drone-Project/install/tello_gazebo/share/tello_gazebo/worlds
-- Up-to-date: /home/danial/drone_racing_ros2_ws/src/Aerial-Robotics-Drone-Project/install/tello_gazebo/share/tello_gazebo/worlds/fiducial.world
-- Up-to-date: /home/danial/drone_racing_ros2_ws/src/Aerial-Robotics-Drone-Project/install/tello_gazebo/share/tello_gazebo/worlds/simple.world
-- Up-to-date: /home/danial/drone_racing_ros2_ws/src/Aerial-Robotics-Drone-Project/install/tello_gazebo/share/tello_gazebo/worlds/demo_track.world
-- Up-to-date: /home/danial/drone_racing_ros2_ws/src/Aerial-Robotics-Drone-Project/install/tello_gazebo/share/tello_gazebo/launch
-- Up-to-date: /home/danial/drone_racing_ros2_ws/src/Aerial-Robotics-Drone-Project/install/tello_gazebo/share/tello_gazebo/launch/__pycache__
-- Up-to-date: /home/danial/drone_racing_ros2_ws/src/Aerial-Robotics-Drone-Project/install/tello_gazebo/share/tello_gazebo/launch/__pycache__/vlam_launch.cpython-38.pyc
-- Up-to-date: /home/danial/drone_racing_ros2_ws/src/Aerial-Robotics-Drone-Project/install/tello_gazebo/share/tello_gazebo/launch/simple_launch.py
-- Up-to-date: /home/danial/drone_racing_ros2_ws/src/Aerial-Robotics-Drone-Project/install/tello_gazebo/share/tello_gazebo/launch/demo_track_launch.py
-- Up-to-date: /home/danial/drone_racing_ros2_ws/src/Aerial-Robotics-Drone-Project/install/tello_gazebo/lib/tello_gazebo/inject_entity.py
-- Up-to-date: /home/danial/drone_racing_ros2_ws/src/Aerial-Robotics-Drone-Project/install/tello_gazebo/share/ament_index/resource_index/package_run_dependencies/tello_gazebo
-- Up-to-date: /home/danial/drone_racing_ros2_ws/src/Aerial-Robotics-Drone-Project/install/tello_gazebo/share/ament_index/resource_index/parent_prefix_path/tello_gazebo
-- Up-to-date: /home/danial/drone_racing_ros2_ws/src/Aerial-Robotics-Drone-Project/install/tello_gazebo/share/tello_gazebo/environment/ament_prefix_path.sh
-- Up-to-date: /home/danial/drone_racing_ros2_ws/src/Aerial-Robotics-Drone-Project/install/tello_gazebo/share/tello_gazebo/environment/ament_prefix_path.dsv
-- Up-to-date: /home/danial/drone_racing_ros2_ws/src/Aerial-Robotics-Drone-Project/install/tello_gazebo/share/tello_gazebo/environment/path.sh
-- Up-to-date: /home/danial/drone_racing_ros2_ws/src/Aerial-Robotics-Drone-Project/install/tello_gazebo/share/tello_gazebo/environment/path.dsv
-- Up-to-date: /home/danial/drone_racing_ros2_ws/src/Aerial-Robotics-Drone-Project/install/tello_gazebo/share/tello_gazebo/local_setup.bash
-- Up-to-date: /home/danial/drone_racing_ros2_ws/src/Aerial-Robotics-Drone-Project/install/tello_gazebo/share/tello_gazebo/local_setup.sh
-- Up-to-date: /home/danial/drone_racing_ros2_ws/src/Aerial-Robotics-Drone-Project/install/tello_gazebo/share/tello_gazebo/local_setup.zsh
-- Up-to-date: /home/danial/drone_racing_ros2_ws/src/Aerial-Robotics-Drone-Project/install/tello_gazebo/share/tello_gazebo/local_setup.dsv
-- Installing: /home/danial/drone_racing_ros2_ws/src/Aerial-Robotics-Drone-Project/install/tello_gazebo/share/tello_gazebo/package.dsv
-- Up-to-date: /home/danial/drone_racing_ros2_ws/src/Aerial-Robotics-Drone-Project/install/tello_gazebo/share/ament_index/resource_index/packages/tello_gazebo
-- Up-to-date: /home/danial/drone_racing_ros2_ws/src/Aerial-Robotics-Drone-Project/install/tello_gazebo/share/tello_gazebo/cmake/tello_gazeboConfig.cmake
-- Up-to-date: /home/danial/drone_racing_ros2_ws/src/Aerial-Robotics-Drone-Project/install/tello_gazebo/share/tello_gazebo/cmake/tello_gazeboConfig-version.cmake
-- Up-to-date: /home/danial/drone_racing_ros2_ws/src/Aerial-Robotics-Drone-Project/install/tello_gazebo/share/tello_gazebo/package.xml
