[0.040s] Invoking command in '/home/danial/drone_racing_ros2_ws/src/Aerial-Robotics-Drone-Project/build/tello_msgs': CMAKE_PREFIX_PATH=${CMAKE_PREFIX_PATH}:/home/danial/drone_racing_ros2_ws/src/Aerial-Robotics-Drone-Project/install/tello_process:/home/danial/drone_racing_ros2_ws/install/drone_project:/home/danial/drone_racing_ros2_ws/src/Aerial-Robotics-Drone-Project/install/drone_project:/opt/ros/galactic /usr/bin/cmake /home/danial/drone_racing_ros2_ws/src/Aerial-Robotics-Drone-Project/src/tello_ros/tello_msgs -DCMAKE_INSTALL_PREFIX=/home/danial/drone_racing_ros2_ws/src/Aerial-Robotics-Drone-Project/install/tello_msgs
[0.244s] -- The C compiler identification is GNU 9.4.0
[0.244s] -- The CXX compiler identification is GNU 9.4.0
[0.244s] -- Check for working C compiler: /usr/bin/cc
[0.244s] -- Check for working C compiler: /usr/bin/cc -- works
[0.244s] -- Detecting C compiler ABI info
[0.290s] -- Detecting C compiler ABI info - done
[0.301s] -- Detecting C compile features
[0.302s] -- Detecting C compile features - done
[0.305s] -- Check for working CXX compiler: /usr/bin/c++
[0.409s] -- Check for working CXX compiler: /usr/bin/c++ -- works
[0.409s] -- Detecting CXX compiler ABI info
[0.516s] -- Detecting CXX compiler ABI info - done
[0.528s] -- Detecting CXX compile features
[0.530s] -- Detecting CXX compile features - done
[0.532s] -- Found ament_cmake: 1.1.6 (/opt/ros/galactic/share/ament_cmake/cmake)
[0.562s] -- Found PythonInterp: /usr/bin/python3 (found suitable version "3.8.10", minimum required is "3") 
[0.562s] -- Using PYTHON_EXECUTABLE: /usr/bin/python3
[0.669s] -- Found rosidl_default_generators: 1.1.1 (/opt/ros/galactic/share/rosidl_default_generators/cmake)
[0.675s] -- Using single rosidl_typesupport_c: rosidl_typesupport_introspection_c
[0.690s] -- Found rosidl_adapter: 2.2.3 (/opt/ros/galactic/share/rosidl_adapter/cmake)
[0.745s] -- Using single rosidl_typesupport_cpp: rosidl_typesupport_introspection_cpp
[0.802s] -- Found std_msgs: 2.2.4 (/opt/ros/galactic/share/std_msgs/cmake)
[0.880s] -- Found PythonInterp: /usr/bin/python3 (found version "3.8.10") 
[1.181s] -- Using single rosidl_typesupport_c: rosidl_typesupport_introspection_c
[1.304s] -- Using single rosidl_typesupport_cpp: rosidl_typesupport_introspection_cpp
[1.330s] -- Found PythonInterp: /usr/bin/python3 (found suitable version "3.8.10", minimum required is "3.5") 
[1.331s] -- Found python_cmake_module: 0.8.1 (/opt/ros/galactic/share/python_cmake_module/cmake)
[1.362s] -- Found PythonLibs: /usr/lib/x86_64-linux-gnu/libpython3.8.so (found suitable version "3.8.10", minimum required is "3.5") 
[1.362s] -- Using PYTHON_EXECUTABLE: /usr/bin/python3
[1.362s] -- Using PYTHON_INCLUDE_DIRS: /usr/include/python3.8
[1.362s] -- Using PYTHON_LIBRARIES: /usr/lib/x86_64-linux-gnu/libpython3.8.so
[1.396s] -- Found PythonExtra: .so  
[1.460s] -- Configuring done
[1.486s] -- Generating done
[1.488s] -- Build files have been written to: /home/danial/drone_racing_ros2_ws/src/Aerial-Robotics-Drone-Project/build/tello_msgs
[1.491s] Invoked command in '/home/danial/drone_racing_ros2_ws/src/Aerial-Robotics-Drone-Project/build/tello_msgs' returned '0': CMAKE_PREFIX_PATH=${CMAKE_PREFIX_PATH}:/home/danial/drone_racing_ros2_ws/src/Aerial-Robotics-Drone-Project/install/tello_process:/home/danial/drone_racing_ros2_ws/install/drone_project:/home/danial/drone_racing_ros2_ws/src/Aerial-Robotics-Drone-Project/install/drone_project:/opt/ros/galactic /usr/bin/cmake /home/danial/drone_racing_ros2_ws/src/Aerial-Robotics-Drone-Project/src/tello_ros/tello_msgs -DCMAKE_INSTALL_PREFIX=/home/danial/drone_racing_ros2_ws/src/Aerial-Robotics-Drone-Project/install/tello_msgs
[1.492s] Invoking command in '/home/danial/drone_racing_ros2_ws/src/Aerial-Robotics-Drone-Project/build/tello_msgs': CMAKE_PREFIX_PATH=${CMAKE_PREFIX_PATH}:/home/danial/drone_racing_ros2_ws/src/Aerial-Robotics-Drone-Project/install/tello_process:/home/danial/drone_racing_ros2_ws/install/drone_project:/home/danial/drone_racing_ros2_ws/src/Aerial-Robotics-Drone-Project/install/drone_project:/opt/ros/galactic /usr/bin/cmake --build /home/danial/drone_racing_ros2_ws/src/Aerial-Robotics-Drone-Project/build/tello_msgs -- -j8 -l8
[1.541s] [  2%] [34m[1mGenerating C code for ROS interfaces[0m
[1.542s] [35m[1mScanning dependencies of target tello_msgs__cpp[0m
[1.553s] [  5%] [34m[1mGenerating C++ code for ROS interfaces[0m
[2.200s] [35m[1mScanning dependencies of target tello_msgs__rosidl_generator_c[0m
[2.206s] [  5%] Built target tello_msgs__cpp
[2.216s] [  8%] [32mBuilding C object CMakeFiles/tello_msgs__rosidl_generator_c.dir/rosidl_generator_c/tello_msgs/msg/detail/flight_data__functions.c.o[0m
[2.216s] [ 11%] [32mBuilding C object CMakeFiles/tello_msgs__rosidl_generator_c.dir/rosidl_generator_c/tello_msgs/msg/detail/tello_response__functions.c.o[0m
[2.217s] [ 14%] [32mBuilding C object CMakeFiles/tello_msgs__rosidl_generator_c.dir/rosidl_generator_c/tello_msgs/srv/detail/tello_action__functions.c.o[0m
[2.222s] [ 17%] [34m[1mGenerating C++ introspection for ROS interfaces[0m
[2.280s] [ 20%] [32m[1mLinking C shared library libtello_msgs__rosidl_generator_c.so[0m
[2.318s] [ 20%] Built target tello_msgs__rosidl_generator_c
[2.334s] [ 22%] [34m[1mGenerating C introspection for ROS interfaces[0m
[2.769s] [35m[1mScanning dependencies of target tello_msgs__rosidl_typesupport_introspection_cpp[0m
[2.787s] [ 31%] [32mBuilding CXX object CMakeFiles/tello_msgs__rosidl_typesupport_introspection_cpp.dir/rosidl_typesupport_introspection_cpp/tello_msgs/srv/detail/tello_action__type_support.cpp.o[0m
[2.787s] [ 31%] [32mBuilding CXX object CMakeFiles/tello_msgs__rosidl_typesupport_introspection_cpp.dir/rosidl_typesupport_introspection_cpp/tello_msgs/msg/detail/tello_response__type_support.cpp.o[0m
[2.787s] [ 31%] [32mBuilding CXX object CMakeFiles/tello_msgs__rosidl_typesupport_introspection_cpp.dir/rosidl_typesupport_introspection_cpp/tello_msgs/msg/detail/flight_data__type_support.cpp.o[0m
[2.934s] [35m[1mScanning dependencies of target tello_msgs__rosidl_typesupport_introspection_c[0m
[2.960s] [ 34%] [32mBuilding C object CMakeFiles/tello_msgs__rosidl_typesupport_introspection_c.dir/rosidl_typesupport_introspection_c/tello_msgs/msg/detail/flight_data__type_support.c.o[0m
[2.964s] [ 37%] [32mBuilding C object CMakeFiles/tello_msgs__rosidl_typesupport_introspection_c.dir/rosidl_typesupport_introspection_c/tello_msgs/msg/detail/tello_response__type_support.c.o[0m
[2.967s] [ 40%] [32mBuilding C object CMakeFiles/tello_msgs__rosidl_typesupport_introspection_c.dir/rosidl_typesupport_introspection_c/tello_msgs/srv/detail/tello_action__type_support.c.o[0m
[3.017s] [ 42%] [32m[1mLinking C shared library libtello_msgs__rosidl_typesupport_introspection_c.so[0m
[3.065s] [ 42%] Built target tello_msgs__rosidl_typesupport_introspection_c
[3.081s] [ 45%] [34m[1mGenerating C type support dispatch for ROS interfaces[0m
[3.119s] [ 48%] [32m[1mLinking CXX shared library libtello_msgs__rosidl_typesupport_introspection_cpp.so[0m
[3.185s] [ 48%] Built target tello_msgs__rosidl_typesupport_introspection_cpp
[3.195s] [ 51%] [34m[1mGenerating C++ type support dispatch for ROS interfaces[0m
[3.520s] [35m[1mScanning dependencies of target tello_msgs__rosidl_typesupport_c[0m
[3.533s] [ 54%] [32mBuilding CXX object CMakeFiles/tello_msgs__rosidl_typesupport_c.dir/rosidl_typesupport_c/tello_msgs/msg/flight_data__type_support.cpp.o[0m
[3.536s] [ 60%] [32mBuilding CXX object CMakeFiles/tello_msgs__rosidl_typesupport_c.dir/rosidl_typesupport_c/tello_msgs/srv/tello_action__type_support.cpp.o[0m
[3.536s] [ 60%] [32mBuilding CXX object CMakeFiles/tello_msgs__rosidl_typesupport_c.dir/rosidl_typesupport_c/tello_msgs/msg/tello_response__type_support.cpp.o[0m
[3.569s] [ 62%] [32m[1mLinking CXX shared library libtello_msgs__rosidl_typesupport_c.so[0m
[3.610s] [ 62%] Built target tello_msgs__rosidl_typesupport_c
[3.662s] [35m[1mScanning dependencies of target tello_msgs__rosidl_typesupport_cpp[0m
[3.678s] [ 65%] [32mBuilding CXX object CMakeFiles/tello_msgs__rosidl_typesupport_cpp.dir/rosidl_typesupport_cpp/tello_msgs/msg/flight_data__type_support.cpp.o[0m
[3.680s] [ 71%] [32mBuilding CXX object CMakeFiles/tello_msgs__rosidl_typesupport_cpp.dir/rosidl_typesupport_cpp/tello_msgs/msg/tello_response__type_support.cpp.o[0m
[3.680s] [ 71%] [32mBuilding CXX object CMakeFiles/tello_msgs__rosidl_typesupport_cpp.dir/rosidl_typesupport_cpp/tello_msgs/srv/tello_action__type_support.cpp.o[0m
[4.005s] [ 74%] [32m[1mLinking CXX shared library libtello_msgs__rosidl_typesupport_cpp.so[0m
[4.042s] [ 74%] Built target tello_msgs__rosidl_typesupport_cpp
[4.052s] [35m[1mScanning dependencies of target tello_msgs[0m
[4.064s] [ 74%] Built target tello_msgs
[4.076s] [35m[1mScanning dependencies of target tello_msgs__py[0m
[4.088s] [ 77%] [34m[1mGenerating Python code for ROS interfaces[0m
[5.134s] [ 77%] Built target tello_msgs__py
[5.145s] [35m[1mScanning dependencies of target tello_msgs__python[0m
[5.175s] [ 85%] [32mBuilding C object CMakeFiles/tello_msgs__python.dir/rosidl_generator_py/tello_msgs/srv/_tello_action_s.c.o[0m
[5.175s] [ 85%] [32mBuilding C object CMakeFiles/tello_msgs__python.dir/rosidl_generator_py/tello_msgs/msg/_tello_response_s.c.o[0m
[5.175s] [ 85%] [32mBuilding C object CMakeFiles/tello_msgs__python.dir/rosidl_generator_py/tello_msgs/msg/_flight_data_s.c.o[0m
[5.293s] [ 88%] [32m[1mLinking C shared library rosidl_generator_py/tello_msgs/libtello_msgs__python.so[0m
[5.330s] [ 88%] Built target tello_msgs__python
[5.342s] [35m[1mScanning dependencies of target tello_msgs__rosidl_typesupport_introspection_c__pyext[0m
[5.342s] [35m[1mScanning dependencies of target tello_msgs__rosidl_typesupport_c__pyext[0m
[5.361s] [ 91%] [32mBuilding C object CMakeFiles/tello_msgs__rosidl_typesupport_c__pyext.dir/rosidl_generator_py/tello_msgs/_tello_msgs_s.ep.rosidl_typesupport_c.c.o[0m
[5.363s] [ 94%] [32mBuilding C object CMakeFiles/tello_msgs__rosidl_typesupport_introspection_c__pyext.dir/rosidl_generator_py/tello_msgs/_tello_msgs_s.ep.rosidl_typesupport_introspection_c.c.o[0m
[5.459s] [ 97%] [32m[1mLinking C shared library rosidl_generator_py/tello_msgs/tello_msgs_s__rosidl_typesupport_c.cpython-38-x86_64-linux-gnu.so[0m
[5.463s] [100%] [32m[1mLinking C shared library rosidl_generator_py/tello_msgs/tello_msgs_s__rosidl_typesupport_introspection_c.cpython-38-x86_64-linux-gnu.so[0m
[5.498s] [100%] Built target tello_msgs__rosidl_typesupport_introspection_c__pyext
[5.498s] [100%] Built target tello_msgs__rosidl_typesupport_c__pyext
[5.510s] Invoked command in '/home/danial/drone_racing_ros2_ws/src/Aerial-Robotics-Drone-Project/build/tello_msgs' returned '0': CMAKE_PREFIX_PATH=${CMAKE_PREFIX_PATH}:/home/danial/drone_racing_ros2_ws/src/Aerial-Robotics-Drone-Project/install/tello_process:/home/danial/drone_racing_ros2_ws/install/drone_project:/home/danial/drone_racing_ros2_ws/src/Aerial-Robotics-Drone-Project/install/drone_project:/opt/ros/galactic /usr/bin/cmake --build /home/danial/drone_racing_ros2_ws/src/Aerial-Robotics-Drone-Project/build/tello_msgs -- -j8 -l8
[5.571s] Invoking command in '/home/danial/drone_racing_ros2_ws/src/Aerial-Robotics-Drone-Project/build/tello_msgs': CMAKE_PREFIX_PATH=${CMAKE_PREFIX_PATH}:/home/danial/drone_racing_ros2_ws/src/Aerial-Robotics-Drone-Project/install/tello_process:/home/danial/drone_racing_ros2_ws/install/drone_project:/home/danial/drone_racing_ros2_ws/src/Aerial-Robotics-Drone-Project/install/drone_project:/opt/ros/galactic /usr/bin/cmake --install /home/danial/drone_racing_ros2_ws/src/Aerial-Robotics-Drone-Project/build/tello_msgs
[5.581s] -- Install configuration: ""
[5.581s] -- Installing: /home/danial/drone_racing_ros2_ws/src/Aerial-Robotics-Drone-Project/install/tello_msgs/share/ament_index/resource_index/rosidl_interfaces/tello_msgs
[5.581s] -- Installing: /home/danial/drone_racing_ros2_ws/src/Aerial-Robotics-Drone-Project/install/tello_msgs/include/tello_msgs
[5.581s] -- Installing: /home/danial/drone_racing_ros2_ws/src/Aerial-Robotics-Drone-Project/install/tello_msgs/include/tello_msgs/msg
[5.581s] -- Installing: /home/danial/drone_racing_ros2_ws/src/Aerial-Robotics-Drone-Project/install/tello_msgs/include/tello_msgs/msg/flight_data.h
[5.582s] -- Installing: /home/danial/drone_racing_ros2_ws/src/Aerial-Robotics-Drone-Project/install/tello_msgs/include/tello_msgs/msg/detail
[5.582s] -- Installing: /home/danial/drone_racing_ros2_ws/src/Aerial-Robotics-Drone-Project/install/tello_msgs/include/tello_msgs/msg/detail/flight_data__type_support.h
[5.582s] -- Installing: /home/danial/drone_racing_ros2_ws/src/Aerial-Robotics-Drone-Project/install/tello_msgs/include/tello_msgs/msg/detail/tello_response__struct.h
[5.582s] -- Installing: /home/danial/drone_racing_ros2_ws/src/Aerial-Robotics-Drone-Project/install/tello_msgs/include/tello_msgs/msg/detail/tello_response__type_support.h
[5.582s] -- Installing: /home/danial/drone_racing_ros2_ws/src/Aerial-Robotics-Drone-Project/install/tello_msgs/include/tello_msgs/msg/detail/flight_data__functions.h
[5.582s] -- Installing: /home/danial/drone_racing_ros2_ws/src/Aerial-Robotics-Drone-Project/install/tello_msgs/include/tello_msgs/msg/detail/tello_response__functions.h
[5.582s] -- Installing: /home/danial/drone_racing_ros2_ws/src/Aerial-Robotics-Drone-Project/install/tello_msgs/include/tello_msgs/msg/detail/tello_response__functions.c
[5.582s] -- Installing: /home/danial/drone_racing_ros2_ws/src/Aerial-Robotics-Drone-Project/install/tello_msgs/include/tello_msgs/msg/detail/flight_data__functions.c
[5.582s] -- Installing: /home/danial/drone_racing_ros2_ws/src/Aerial-Robotics-Drone-Project/install/tello_msgs/include/tello_msgs/msg/detail/flight_data__struct.h
[5.582s] -- Installing: /home/danial/drone_racing_ros2_ws/src/Aerial-Robotics-Drone-Project/install/tello_msgs/include/tello_msgs/msg/rosidl_generator_c__visibility_control.h
[5.582s] -- Installing: /home/danial/drone_racing_ros2_ws/src/Aerial-Robotics-Drone-Project/install/tello_msgs/include/tello_msgs/msg/tello_response.h
[5.582s] -- Installing: /home/danial/drone_racing_ros2_ws/src/Aerial-Robotics-Drone-Project/install/tello_msgs/include/tello_msgs/srv
[5.583s] -- Installing: /home/danial/drone_racing_ros2_ws/src/Aerial-Robotics-Drone-Project/install/tello_msgs/include/tello_msgs/srv/detail
[5.583s] -- Installing: /home/danial/drone_racing_ros2_ws/src/Aerial-Robotics-Drone-Project/install/tello_msgs/include/tello_msgs/srv/detail/tello_action__functions.h
[5.583s] -- Installing: /home/danial/drone_racing_ros2_ws/src/Aerial-Robotics-Drone-Project/install/tello_msgs/include/tello_msgs/srv/detail/tello_action__struct.h
[5.583s] -- Installing: /home/danial/drone_racing_ros2_ws/src/Aerial-Robotics-Drone-Project/install/tello_msgs/include/tello_msgs/srv/detail/tello_action__functions.c
[5.583s] -- Installing: /home/danial/drone_racing_ros2_ws/src/Aerial-Robotics-Drone-Project/install/tello_msgs/include/tello_msgs/srv/detail/tello_action__type_support.h
[5.583s] -- Installing: /home/danial/drone_racing_ros2_ws/src/Aerial-Robotics-Drone-Project/install/tello_msgs/include/tello_msgs/srv/tello_action.h
[5.583s] -- Installing: /home/danial/drone_racing_ros2_ws/src/Aerial-Robotics-Drone-Project/install/tello_msgs/share/tello_msgs/environment/library_path.sh
[5.583s] -- Installing: /home/danial/drone_racing_ros2_ws/src/Aerial-Robotics-Drone-Project/install/tello_msgs/share/tello_msgs/environment/library_path.dsv
[5.583s] -- Installing: /home/danial/drone_racing_ros2_ws/src/Aerial-Robotics-Drone-Project/install/tello_msgs/lib/libtello_msgs__rosidl_generator_c.so
[5.583s] -- Set runtime path of "/home/danial/drone_racing_ros2_ws/src/Aerial-Robotics-Drone-Project/install/tello_msgs/lib/libtello_msgs__rosidl_generator_c.so" to ""
[5.584s] -- Up-to-date: /home/danial/drone_racing_ros2_ws/src/Aerial-Robotics-Drone-Project/install/tello_msgs/include/tello_msgs
[5.584s] -- Up-to-date: /home/danial/drone_racing_ros2_ws/src/Aerial-Robotics-Drone-Project/install/tello_msgs/include/tello_msgs/msg
[5.584s] -- Installing: /home/danial/drone_racing_ros2_ws/src/Aerial-Robotics-Drone-Project/install/tello_msgs/include/tello_msgs/msg/rosidl_typesupport_introspection_c__visibility_control.h
[5.584s] -- Up-to-date: /home/danial/drone_racing_ros2_ws/src/Aerial-Robotics-Drone-Project/install/tello_msgs/include/tello_msgs/msg/detail
[5.584s] -- Installing: /home/danial/drone_racing_ros2_ws/src/Aerial-Robotics-Drone-Project/install/tello_msgs/include/tello_msgs/msg/detail/flight_data__rosidl_typesupport_introspection_c.h
[5.584s] -- Installing: /home/danial/drone_racing_ros2_ws/src/Aerial-Robotics-Drone-Project/install/tello_msgs/include/tello_msgs/msg/detail/flight_data__type_support.c
[5.584s] -- Installing: /home/danial/drone_racing_ros2_ws/src/Aerial-Robotics-Drone-Project/install/tello_msgs/include/tello_msgs/msg/detail/tello_response__rosidl_typesupport_introspection_c.h
[5.584s] -- Installing: /home/danial/drone_racing_ros2_ws/src/Aerial-Robotics-Drone-Project/install/tello_msgs/include/tello_msgs/msg/detail/tello_response__type_support.c
[5.584s] -- Up-to-date: /home/danial/drone_racing_ros2_ws/src/Aerial-Robotics-Drone-Project/install/tello_msgs/include/tello_msgs/srv
[5.584s] -- Up-to-date: /home/danial/drone_racing_ros2_ws/src/Aerial-Robotics-Drone-Project/install/tello_msgs/include/tello_msgs/srv/detail
[5.585s] -- Installing: /home/danial/drone_racing_ros2_ws/src/Aerial-Robotics-Drone-Project/install/tello_msgs/include/tello_msgs/srv/detail/tello_action__rosidl_typesupport_introspection_c.h
[5.585s] -- Installing: /home/danial/drone_racing_ros2_ws/src/Aerial-Robotics-Drone-Project/install/tello_msgs/include/tello_msgs/srv/detail/tello_action__type_support.c
[5.585s] -- Installing: /home/danial/drone_racing_ros2_ws/src/Aerial-Robotics-Drone-Project/install/tello_msgs/lib/libtello_msgs__rosidl_typesupport_introspection_c.so
[5.585s] -- Set runtime path of "/home/danial/drone_racing_ros2_ws/src/Aerial-Robotics-Drone-Project/install/tello_msgs/lib/libtello_msgs__rosidl_typesupport_introspection_c.so" to ""
[5.585s] -- Installing: /home/danial/drone_racing_ros2_ws/src/Aerial-Robotics-Drone-Project/install/tello_msgs/lib/libtello_msgs__rosidl_typesupport_c.so
[5.585s] -- Set runtime path of "/home/danial/drone_racing_ros2_ws/src/Aerial-Robotics-Drone-Project/install/tello_msgs/lib/libtello_msgs__rosidl_typesupport_c.so" to ""
[5.585s] -- Up-to-date: /home/danial/drone_racing_ros2_ws/src/Aerial-Robotics-Drone-Project/install/tello_msgs/include/tello_msgs
[5.585s] -- Up-to-date: /home/danial/drone_racing_ros2_ws/src/Aerial-Robotics-Drone-Project/install/tello_msgs/include/tello_msgs/msg
[5.586s] -- Up-to-date: /home/danial/drone_racing_ros2_ws/src/Aerial-Robotics-Drone-Project/install/tello_msgs/include/tello_msgs/msg/detail
[5.586s] -- Installing: /home/danial/drone_racing_ros2_ws/src/Aerial-Robotics-Drone-Project/install/tello_msgs/include/tello_msgs/msg/detail/tello_response__builder.hpp
[5.586s] -- Installing: /home/danial/drone_racing_ros2_ws/src/Aerial-Robotics-Drone-Project/install/tello_msgs/include/tello_msgs/msg/detail/flight_data__traits.hpp
[5.586s] -- Installing: /home/danial/drone_racing_ros2_ws/src/Aerial-Robotics-Drone-Project/install/tello_msgs/include/tello_msgs/msg/detail/tello_response__struct.hpp
[5.586s] -- Installing: /home/danial/drone_racing_ros2_ws/src/Aerial-Robotics-Drone-Project/install/tello_msgs/include/tello_msgs/msg/detail/flight_data__struct.hpp
[5.586s] -- Installing: /home/danial/drone_racing_ros2_ws/src/Aerial-Robotics-Drone-Project/install/tello_msgs/include/tello_msgs/msg/detail/flight_data__builder.hpp
[5.586s] -- Installing: /home/danial/drone_racing_ros2_ws/src/Aerial-Robotics-Drone-Project/install/tello_msgs/include/tello_msgs/msg/detail/tello_response__traits.hpp
[5.586s] -- Installing: /home/danial/drone_racing_ros2_ws/src/Aerial-Robotics-Drone-Project/install/tello_msgs/include/tello_msgs/msg/tello_response.hpp
[5.586s] -- Installing: /home/danial/drone_racing_ros2_ws/src/Aerial-Robotics-Drone-Project/install/tello_msgs/include/tello_msgs/msg/flight_data.hpp
[5.586s] -- Up-to-date: /home/danial/drone_racing_ros2_ws/src/Aerial-Robotics-Drone-Project/install/tello_msgs/include/tello_msgs/srv
[5.587s] -- Up-to-date: /home/danial/drone_racing_ros2_ws/src/Aerial-Robotics-Drone-Project/install/tello_msgs/include/tello_msgs/srv/detail
[5.587s] -- Installing: /home/danial/drone_racing_ros2_ws/src/Aerial-Robotics-Drone-Project/install/tello_msgs/include/tello_msgs/srv/detail/tello_action__builder.hpp
[5.587s] -- Installing: /home/danial/drone_racing_ros2_ws/src/Aerial-Robotics-Drone-Project/install/tello_msgs/include/tello_msgs/srv/detail/tello_action__struct.hpp
[5.587s] -- Installing: /home/danial/drone_racing_ros2_ws/src/Aerial-Robotics-Drone-Project/install/tello_msgs/include/tello_msgs/srv/detail/tello_action__traits.hpp
[5.587s] -- Installing: /home/danial/drone_racing_ros2_ws/src/Aerial-Robotics-Drone-Project/install/tello_msgs/include/tello_msgs/srv/tello_action.hpp
[5.587s] -- Up-to-date: /home/danial/drone_racing_ros2_ws/src/Aerial-Robotics-Drone-Project/install/tello_msgs/include/tello_msgs
[5.587s] -- Up-to-date: /home/danial/drone_racing_ros2_ws/src/Aerial-Robotics-Drone-Project/install/tello_msgs/include/tello_msgs/msg
[5.587s] -- Up-to-date: /home/danial/drone_racing_ros2_ws/src/Aerial-Robotics-Drone-Project/install/tello_msgs/include/tello_msgs/msg/detail
[5.587s] -- Installing: /home/danial/drone_racing_ros2_ws/src/Aerial-Robotics-Drone-Project/install/tello_msgs/include/tello_msgs/msg/detail/tello_response__rosidl_typesupport_introspection_cpp.hpp
[5.587s] -- Installing: /home/danial/drone_racing_ros2_ws/src/Aerial-Robotics-Drone-Project/install/tello_msgs/include/tello_msgs/msg/detail/tello_response__type_support.cpp
[5.587s] -- Installing: /home/danial/drone_racing_ros2_ws/src/Aerial-Robotics-Drone-Project/install/tello_msgs/include/tello_msgs/msg/detail/flight_data__type_support.cpp
[5.587s] -- Installing: /home/danial/drone_racing_ros2_ws/src/Aerial-Robotics-Drone-Project/install/tello_msgs/include/tello_msgs/msg/detail/flight_data__rosidl_typesupport_introspection_cpp.hpp
[5.587s] -- Up-to-date: /home/danial/drone_racing_ros2_ws/src/Aerial-Robotics-Drone-Project/install/tello_msgs/include/tello_msgs/srv
[5.587s] -- Up-to-date: /home/danial/drone_racing_ros2_ws/src/Aerial-Robotics-Drone-Project/install/tello_msgs/include/tello_msgs/srv/detail
[5.587s] -- Installing: /home/danial/drone_racing_ros2_ws/src/Aerial-Robotics-Drone-Project/install/tello_msgs/include/tello_msgs/srv/detail/tello_action__type_support.cpp
[5.587s] -- Installing: /home/danial/drone_racing_ros2_ws/src/Aerial-Robotics-Drone-Project/install/tello_msgs/include/tello_msgs/srv/detail/tello_action__rosidl_typesupport_introspection_cpp.hpp
[5.587s] -- Installing: /home/danial/drone_racing_ros2_ws/src/Aerial-Robotics-Drone-Project/install/tello_msgs/lib/libtello_msgs__rosidl_typesupport_introspection_cpp.so
[5.587s] -- Set runtime path of "/home/danial/drone_racing_ros2_ws/src/Aerial-Robotics-Drone-Project/install/tello_msgs/lib/libtello_msgs__rosidl_typesupport_introspection_cpp.so" to ""
[5.587s] -- Installing: /home/danial/drone_racing_ros2_ws/src/Aerial-Robotics-Drone-Project/install/tello_msgs/lib/libtello_msgs__rosidl_typesupport_cpp.so
[5.587s] -- Set runtime path of "/home/danial/drone_racing_ros2_ws/src/Aerial-Robotics-Drone-Project/install/tello_msgs/lib/libtello_msgs__rosidl_typesupport_cpp.so" to ""
[5.587s] -- Installing: /home/danial/drone_racing_ros2_ws/src/Aerial-Robotics-Drone-Project/install/tello_msgs/share/tello_msgs/environment/pythonpath.sh
[5.588s] -- Installing: /home/danial/drone_racing_ros2_ws/src/Aerial-Robotics-Drone-Project/install/tello_msgs/share/tello_msgs/environment/pythonpath.dsv
[5.588s] -- Installing: /home/danial/drone_racing_ros2_ws/src/Aerial-Robotics-Drone-Project/install/tello_msgs/lib/python3.8/site-packages/tello_msgs/__init__.py
[5.613s] Compiling '/home/danial/drone_racing_ros2_ws/src/Aerial-Robotics-Drone-Project/install/tello_msgs/lib/python3.8/site-packages/tello_msgs/__init__.py'...
[5.617s] -- Installing: /home/danial/drone_racing_ros2_ws/src/Aerial-Robotics-Drone-Project/install/tello_msgs/lib/python3.8/site-packages/tello_msgs/msg
[5.617s] -- Installing: /home/danial/drone_racing_ros2_ws/src/Aerial-Robotics-Drone-Project/install/tello_msgs/lib/python3.8/site-packages/tello_msgs/msg/_flight_data.py
[5.617s] -- Installing: /home/danial/drone_racing_ros2_ws/src/Aerial-Robotics-Drone-Project/install/tello_msgs/lib/python3.8/site-packages/tello_msgs/msg/_flight_data_s.c
[5.617s] -- Installing: /home/danial/drone_racing_ros2_ws/src/Aerial-Robotics-Drone-Project/install/tello_msgs/lib/python3.8/site-packages/tello_msgs/msg/_tello_response.py
[5.617s] -- Installing: /home/danial/drone_racing_ros2_ws/src/Aerial-Robotics-Drone-Project/install/tello_msgs/lib/python3.8/site-packages/tello_msgs/msg/_tello_response_s.c
[5.617s] -- Installing: /home/danial/drone_racing_ros2_ws/src/Aerial-Robotics-Drone-Project/install/tello_msgs/lib/python3.8/site-packages/tello_msgs/msg/__init__.py
[5.617s] -- Installing: /home/danial/drone_racing_ros2_ws/src/Aerial-Robotics-Drone-Project/install/tello_msgs/lib/python3.8/site-packages/tello_msgs/srv
[5.618s] -- Installing: /home/danial/drone_racing_ros2_ws/src/Aerial-Robotics-Drone-Project/install/tello_msgs/lib/python3.8/site-packages/tello_msgs/srv/_tello_action.py
[5.618s] -- Installing: /home/danial/drone_racing_ros2_ws/src/Aerial-Robotics-Drone-Project/install/tello_msgs/lib/python3.8/site-packages/tello_msgs/srv/__init__.py
[5.618s] -- Installing: /home/danial/drone_racing_ros2_ws/src/Aerial-Robotics-Drone-Project/install/tello_msgs/lib/python3.8/site-packages/tello_msgs/srv/_tello_action_s.c
[5.618s] -- Installing: /home/danial/drone_racing_ros2_ws/src/Aerial-Robotics-Drone-Project/install/tello_msgs/lib/python3.8/site-packages/tello_msgs/tello_msgs_s__rosidl_typesupport_introspection_c.cpython-38-x86_64-linux-gnu.so
[5.618s] -- Set runtime path of "/home/danial/drone_racing_ros2_ws/src/Aerial-Robotics-Drone-Project/install/tello_msgs/lib/python3.8/site-packages/tello_msgs/tello_msgs_s__rosidl_typesupport_introspection_c.cpython-38-x86_64-linux-gnu.so" to ""
[5.618s] -- Installing: /home/danial/drone_racing_ros2_ws/src/Aerial-Robotics-Drone-Project/install/tello_msgs/lib/python3.8/site-packages/tello_msgs/tello_msgs_s__rosidl_typesupport_c.cpython-38-x86_64-linux-gnu.so
[5.618s] -- Set runtime path of "/home/danial/drone_racing_ros2_ws/src/Aerial-Robotics-Drone-Project/install/tello_msgs/lib/python3.8/site-packages/tello_msgs/tello_msgs_s__rosidl_typesupport_c.cpython-38-x86_64-linux-gnu.so" to ""
[5.618s] -- Installing: /home/danial/drone_racing_ros2_ws/src/Aerial-Robotics-Drone-Project/install/tello_msgs/lib/libtello_msgs__python.so
[5.619s] -- Set runtime path of "/home/danial/drone_racing_ros2_ws/src/Aerial-Robotics-Drone-Project/install/tello_msgs/lib/libtello_msgs__python.so" to ""
[5.619s] -- Installing: /home/danial/drone_racing_ros2_ws/src/Aerial-Robotics-Drone-Project/install/tello_msgs/share/tello_msgs/msg/FlightData.idl
[5.619s] -- Installing: /home/danial/drone_racing_ros2_ws/src/Aerial-Robotics-Drone-Project/install/tello_msgs/share/tello_msgs/msg/TelloResponse.idl
[5.619s] -- Installing: /home/danial/drone_racing_ros2_ws/src/Aerial-Robotics-Drone-Project/install/tello_msgs/share/tello_msgs/srv/TelloAction.idl
[5.619s] -- Installing: /home/danial/drone_racing_ros2_ws/src/Aerial-Robotics-Drone-Project/install/tello_msgs/share/tello_msgs/msg/FlightData.msg
[5.619s] -- Installing: /home/danial/drone_racing_ros2_ws/src/Aerial-Robotics-Drone-Project/install/tello_msgs/share/tello_msgs/msg/TelloResponse.msg
[5.620s] -- Installing: /home/danial/drone_racing_ros2_ws/src/Aerial-Robotics-Drone-Project/install/tello_msgs/share/tello_msgs/srv/TelloAction.srv
[5.620s] -- Installing: /home/danial/drone_racing_ros2_ws/src/Aerial-Robotics-Drone-Project/install/tello_msgs/share/tello_msgs/srv/TelloAction_Request.msg
[5.620s] -- Installing: /home/danial/drone_racing_ros2_ws/src/Aerial-Robotics-Drone-Project/install/tello_msgs/share/tello_msgs/srv/TelloAction_Response.msg
[5.620s] -- Installing: /home/danial/drone_racing_ros2_ws/src/Aerial-Robotics-Drone-Project/install/tello_msgs/share/ament_index/resource_index/package_run_dependencies/tello_msgs
[5.620s] -- Installing: /home/danial/drone_racing_ros2_ws/src/Aerial-Robotics-Drone-Project/install/tello_msgs/share/ament_index/resource_index/parent_prefix_path/tello_msgs
[5.621s] -- Installing: /home/danial/drone_racing_ros2_ws/src/Aerial-Robotics-Drone-Project/install/tello_msgs/share/tello_msgs/environment/ament_prefix_path.sh
[5.621s] -- Installing: /home/danial/drone_racing_ros2_ws/src/Aerial-Robotics-Drone-Project/install/tello_msgs/share/tello_msgs/environment/ament_prefix_path.dsv
[5.621s] -- Installing: /home/danial/drone_racing_ros2_ws/src/Aerial-Robotics-Drone-Project/install/tello_msgs/share/tello_msgs/environment/path.sh
[5.621s] -- Installing: /home/danial/drone_racing_ros2_ws/src/Aerial-Robotics-Drone-Project/install/tello_msgs/share/tello_msgs/environment/path.dsv
[5.621s] -- Installing: /home/danial/drone_racing_ros2_ws/src/Aerial-Robotics-Drone-Project/install/tello_msgs/share/tello_msgs/local_setup.bash
[5.621s] -- Installing: /home/danial/drone_racing_ros2_ws/src/Aerial-Robotics-Drone-Project/install/tello_msgs/share/tello_msgs/local_setup.sh
[5.621s] -- Installing: /home/danial/drone_racing_ros2_ws/src/Aerial-Robotics-Drone-Project/install/tello_msgs/share/tello_msgs/local_setup.zsh
[5.621s] -- Installing: /home/danial/drone_racing_ros2_ws/src/Aerial-Robotics-Drone-Project/install/tello_msgs/share/tello_msgs/local_setup.dsv
[5.621s] -- Installing: /home/danial/drone_racing_ros2_ws/src/Aerial-Robotics-Drone-Project/install/tello_msgs/share/tello_msgs/package.dsv
[5.621s] -- Installing: /home/danial/drone_racing_ros2_ws/src/Aerial-Robotics-Drone-Project/install/tello_msgs/share/ament_index/resource_index/packages/tello_msgs
[5.622s] -- Installing: /home/danial/drone_racing_ros2_ws/src/Aerial-Robotics-Drone-Project/install/tello_msgs/share/tello_msgs/cmake/tello_msgs__rosidl_generator_cExport.cmake
[5.622s] -- Installing: /home/danial/drone_racing_ros2_ws/src/Aerial-Robotics-Drone-Project/install/tello_msgs/share/tello_msgs/cmake/tello_msgs__rosidl_generator_cExport-noconfig.cmake
[5.622s] -- Installing: /home/danial/drone_racing_ros2_ws/src/Aerial-Robotics-Drone-Project/install/tello_msgs/share/tello_msgs/cmake/tello_msgs__rosidl_typesupport_introspection_cExport.cmake
[5.622s] -- Installing: /home/danial/drone_racing_ros2_ws/src/Aerial-Robotics-Drone-Project/install/tello_msgs/share/tello_msgs/cmake/tello_msgs__rosidl_typesupport_introspection_cExport-noconfig.cmake
[5.622s] -- Installing: /home/danial/drone_racing_ros2_ws/src/Aerial-Robotics-Drone-Project/install/tello_msgs/share/tello_msgs/cmake/tello_msgs__rosidl_typesupport_cExport.cmake
[5.622s] -- Installing: /home/danial/drone_racing_ros2_ws/src/Aerial-Robotics-Drone-Project/install/tello_msgs/share/tello_msgs/cmake/tello_msgs__rosidl_typesupport_cExport-noconfig.cmake
[5.622s] -- Installing: /home/danial/drone_racing_ros2_ws/src/Aerial-Robotics-Drone-Project/install/tello_msgs/share/tello_msgs/cmake/tello_msgs__rosidl_generator_cppExport.cmake
[5.622s] -- Installing: /home/danial/drone_racing_ros2_ws/src/Aerial-Robotics-Drone-Project/install/tello_msgs/share/tello_msgs/cmake/tello_msgs__rosidl_typesupport_introspection_cppExport.cmake
[5.622s] -- Installing: /home/danial/drone_racing_ros2_ws/src/Aerial-Robotics-Drone-Project/install/tello_msgs/share/tello_msgs/cmake/tello_msgs__rosidl_typesupport_introspection_cppExport-noconfig.cmake
[5.623s] -- Installing: /home/danial/drone_racing_ros2_ws/src/Aerial-Robotics-Drone-Project/install/tello_msgs/share/tello_msgs/cmake/tello_msgs__rosidl_typesupport_cppExport.cmake
[5.623s] -- Installing: /home/danial/drone_racing_ros2_ws/src/Aerial-Robotics-Drone-Project/install/tello_msgs/share/tello_msgs/cmake/tello_msgs__rosidl_typesupport_cppExport-noconfig.cmake
[5.623s] -- Installing: /home/danial/drone_racing_ros2_ws/src/Aerial-Robotics-Drone-Project/install/tello_msgs/share/tello_msgs/cmake/rosidl_cmake-extras.cmake
[5.623s] -- Installing: /home/danial/drone_racing_ros2_ws/src/Aerial-Robotics-Drone-Project/install/tello_msgs/share/tello_msgs/cmake/ament_cmake_export_dependencies-extras.cmake
[5.623s] -- Installing: /home/danial/drone_racing_ros2_ws/src/Aerial-Robotics-Drone-Project/install/tello_msgs/share/tello_msgs/cmake/ament_cmake_export_libraries-extras.cmake
[5.623s] -- Installing: /home/danial/drone_racing_ros2_ws/src/Aerial-Robotics-Drone-Project/install/tello_msgs/share/tello_msgs/cmake/ament_cmake_export_targets-extras.cmake
[5.623s] -- Installing: /home/danial/drone_racing_ros2_ws/src/Aerial-Robotics-Drone-Project/install/tello_msgs/share/tello_msgs/cmake/ament_cmake_export_include_directories-extras.cmake
[5.623s] -- Installing: /home/danial/drone_racing_ros2_ws/src/Aerial-Robotics-Drone-Project/install/tello_msgs/share/tello_msgs/cmake/rosidl_cmake_export_typesupport_targets-extras.cmake
[5.623s] -- Installing: /home/danial/drone_racing_ros2_ws/src/Aerial-Robotics-Drone-Project/install/tello_msgs/share/tello_msgs/cmake/tello_msgsConfig.cmake
[5.623s] -- Installing: /home/danial/drone_racing_ros2_ws/src/Aerial-Robotics-Drone-Project/install/tello_msgs/share/tello_msgs/cmake/tello_msgsConfig-version.cmake
[5.623s] -- Installing: /home/danial/drone_racing_ros2_ws/src/Aerial-Robotics-Drone-Project/install/tello_msgs/share/tello_msgs/package.xml
[5.626s] Invoked command in '/home/danial/drone_racing_ros2_ws/src/Aerial-Robotics-Drone-Project/build/tello_msgs' returned '0': CMAKE_PREFIX_PATH=${CMAKE_PREFIX_PATH}:/home/danial/drone_racing_ros2_ws/src/Aerial-Robotics-Drone-Project/install/tello_process:/home/danial/drone_racing_ros2_ws/install/drone_project:/home/danial/drone_racing_ros2_ws/src/Aerial-Robotics-Drone-Project/install/drone_project:/opt/ros/galactic /usr/bin/cmake --install /home/danial/drone_racing_ros2_ws/src/Aerial-Robotics-Drone-Project/build/tello_msgs
