[0.231s] Invoking command in '/home/danial/drone_racing_ros2_ws/src/Aerial-Robotics-Drone-Project/build/example_cpp_pkg': CMAKE_PREFIX_PATH=${CMAKE_PREFIX_PATH}:/home/danial/drone_racing_ros2_ws/src/Aerial-Robotics-Drone-Project/install/tello_process:/home/danial/drone_racing_ros2_ws/install/drone_project:/home/danial/drone_racing_ros2_ws/src/Aerial-Robotics-Drone-Project/install/drone_project:/opt/ros/galactic /usr/bin/cmake --build /home/danial/drone_racing_ros2_ws/src/Aerial-Robotics-Drone-Project/build/example_cpp_pkg -- -j8 -l8
[0.325s] [100%] Built target tracker
[0.459s] Invoked command in '/home/danial/drone_racing_ros2_ws/src/Aerial-Robotics-Drone-Project/build/example_cpp_pkg' returned '0': CMAKE_PREFIX_PATH=${CMAKE_PREFIX_PATH}:/home/danial/drone_racing_ros2_ws/src/Aerial-Robotics-Drone-Project/install/tello_process:/home/danial/drone_racing_ros2_ws/install/drone_project:/home/danial/drone_racing_ros2_ws/src/Aerial-Robotics-Drone-Project/install/drone_project:/opt/ros/galactic /usr/bin/cmake --build /home/danial/drone_racing_ros2_ws/src/Aerial-Robotics-Drone-Project/build/example_cpp_pkg -- -j8 -l8
[0.506s] Invoking command in '/home/danial/drone_racing_ros2_ws/src/Aerial-Robotics-Drone-Project/build/example_cpp_pkg': CMAKE_PREFIX_PATH=${CMAKE_PREFIX_PATH}:/home/danial/drone_racing_ros2_ws/src/Aerial-Robotics-Drone-Project/install/tello_process:/home/danial/drone_racing_ros2_ws/install/drone_project:/home/danial/drone_racing_ros2_ws/src/Aerial-Robotics-Drone-Project/install/drone_project:/opt/ros/galactic /usr/bin/cmake --install /home/danial/drone_racing_ros2_ws/src/Aerial-Robotics-Drone-Project/build/example_cpp_pkg
[0.522s] -- Install configuration: ""
[0.523s] -- Up-to-date: /home/danial/drone_racing_ros2_ws/src/Aerial-Robotics-Drone-Project/install/example_cpp_pkg/lib/example_cpp_pkg/tracker
[0.523s] -- Up-to-date: /home/danial/drone_racing_ros2_ws/src/Aerial-Robotics-Drone-Project/install/example_cpp_pkg/share/example_cpp_pkg/launch
[0.523s] -- Up-to-date: /home/danial/drone_racing_ros2_ws/src/Aerial-Robotics-Drone-Project/install/example_cpp_pkg/share/example_cpp_pkg/launch/__pycache__
[0.523s] -- Up-to-date: /home/danial/drone_racing_ros2_ws/src/Aerial-Robotics-Drone-Project/install/example_cpp_pkg/share/example_cpp_pkg/launch/__pycache__/demo_track_launch.cpython-38.pyc
[0.523s] -- Up-to-date: /home/danial/drone_racing_ros2_ws/src/Aerial-Robotics-Drone-Project/install/example_cpp_pkg/share/example_cpp_pkg/launch/demo_track_launch.py
[0.523s] -- Up-to-date: /home/danial/drone_racing_ros2_ws/src/Aerial-Robotics-Drone-Project/install/example_cpp_pkg/share/ament_index/resource_index/package_run_dependencies/example_cpp_pkg
[0.523s] -- Up-to-date: /home/danial/drone_racing_ros2_ws/src/Aerial-Robotics-Drone-Project/install/example_cpp_pkg/share/ament_index/resource_index/parent_prefix_path/example_cpp_pkg
[0.523s] -- Up-to-date: /home/danial/drone_racing_ros2_ws/src/Aerial-Robotics-Drone-Project/install/example_cpp_pkg/share/example_cpp_pkg/environment/ament_prefix_path.sh
[0.523s] -- Up-to-date: /home/danial/drone_racing_ros2_ws/src/Aerial-Robotics-Drone-Project/install/example_cpp_pkg/share/example_cpp_pkg/environment/ament_prefix_path.dsv
[0.523s] -- Up-to-date: /home/danial/drone_racing_ros2_ws/src/Aerial-Robotics-Drone-Project/install/example_cpp_pkg/share/example_cpp_pkg/environment/path.sh
[0.523s] -- Up-to-date: /home/danial/drone_racing_ros2_ws/src/Aerial-Robotics-Drone-Project/install/example_cpp_pkg/share/example_cpp_pkg/environment/path.dsv
[0.523s] -- Up-to-date: /home/danial/drone_racing_ros2_ws/src/Aerial-Robotics-Drone-Project/install/example_cpp_pkg/share/example_cpp_pkg/local_setup.bash
[0.524s] -- Up-to-date: /home/danial/drone_racing_ros2_ws/src/Aerial-Robotics-Drone-Project/install/example_cpp_pkg/share/example_cpp_pkg/local_setup.sh
[0.524s] -- Up-to-date: /home/danial/drone_racing_ros2_ws/src/Aerial-Robotics-Drone-Project/install/example_cpp_pkg/share/example_cpp_pkg/local_setup.zsh
[0.524s] -- Up-to-date: /home/danial/drone_racing_ros2_ws/src/Aerial-Robotics-Drone-Project/install/example_cpp_pkg/share/example_cpp_pkg/local_setup.dsv
[0.526s] -- Installing: /home/danial/drone_racing_ros2_ws/src/Aerial-Robotics-Drone-Project/install/example_cpp_pkg/share/example_cpp_pkg/package.dsv
[0.526s] -- Up-to-date: /home/danial/drone_racing_ros2_ws/src/Aerial-Robotics-Drone-Project/install/example_cpp_pkg/share/ament_index/resource_index/packages/example_cpp_pkg
[0.526s] -- Up-to-date: /home/danial/drone_racing_ros2_ws/src/Aerial-Robotics-Drone-Project/install/example_cpp_pkg/share/example_cpp_pkg/cmake/example_cpp_pkgConfig.cmake
[0.526s] -- Up-to-date: /home/danial/drone_racing_ros2_ws/src/Aerial-Robotics-Drone-Project/install/example_cpp_pkg/share/example_cpp_pkg/cmake/example_cpp_pkgConfig-version.cmake
[0.526s] -- Up-to-date: /home/danial/drone_racing_ros2_ws/src/Aerial-Robotics-Drone-Project/install/example_cpp_pkg/share/example_cpp_pkg/package.xml
[0.554s] Invoked command in '/home/danial/drone_racing_ros2_ws/src/Aerial-Robotics-Drone-Project/build/example_cpp_pkg' returned '0': CMAKE_PREFIX_PATH=${CMAKE_PREFIX_PATH}:/home/danial/drone_racing_ros2_ws/src/Aerial-Robotics-Drone-Project/install/tello_process:/home/danial/drone_racing_ros2_ws/install/drone_project:/home/danial/drone_racing_ros2_ws/src/Aerial-Robotics-Drone-Project/install/drone_project:/opt/ros/galactic /usr/bin/cmake --install /home/danial/drone_racing_ros2_ws/src/Aerial-Robotics-Drone-Project/build/example_cpp_pkg
