[1.041s] Invoking command in '/home/danial/drone_racing_ros2_ws/src/Aerial-Robotics-Drone-Project/src/drone_project': PYTHONPATH=/home/danial/drone_racing_ros2_ws/src/Aerial-Robotics-Drone-Project/build/drone_project/prefix_override:/home/danial/drone_racing_ros2_ws/src/Aerial-Robotics-Drone-Project/install/drone_project/lib/python3.8/site-packages:${PYTHONPATH} /usr/bin/python3 -W ignore:setup.py install is deprecated setup.py egg_info --egg-base ../../build/drone_project build --build-base /home/danial/drone_racing_ros2_ws/src/Aerial-Robotics-Drone-Project/build/drone_project/build install --record /home/danial/drone_racing_ros2_ws/src/Aerial-Robotics-Drone-Project/build/drone_project/install.log --single-version-externally-managed install_data
[1.286s] running egg_info
[1.286s] writing ../../build/drone_project/drone_project.egg-info/PKG-INFO
[1.286s] writing dependency_links to ../../build/drone_project/drone_project.egg-info/dependency_links.txt
[1.287s] writing entry points to ../../build/drone_project/drone_project.egg-info/entry_points.txt
[1.287s] writing requirements to ../../build/drone_project/drone_project.egg-info/requires.txt
[1.287s] writing top-level names to ../../build/drone_project/drone_project.egg-info/top_level.txt
[1.336s] reading manifest file '../../build/drone_project/drone_project.egg-info/SOURCES.txt'
[1.337s] writing manifest file '../../build/drone_project/drone_project.egg-info/SOURCES.txt'
[1.338s] running build
[1.338s] running build_py
[1.338s] running install
[1.339s] running install_lib
[1.341s] running install_data
[1.341s] running install_egg_info
[1.343s] removing '/home/danial/drone_racing_ros2_ws/src/Aerial-Robotics-Drone-Project/install/drone_project/lib/python3.8/site-packages/drone_project-0.0.0-py3.8.egg-info' (and everything under it)
[1.343s] Copying ../../build/drone_project/drone_project.egg-info to /home/danial/drone_racing_ros2_ws/src/Aerial-Robotics-Drone-Project/install/drone_project/lib/python3.8/site-packages/drone_project-0.0.0-py3.8.egg-info
[1.344s] running install_scripts
[1.366s] Installing drone_controller script to /home/danial/drone_racing_ros2_ws/src/Aerial-Robotics-Drone-Project/install/drone_project/lib/drone_project
[1.367s] writing list of installed files to '/home/danial/drone_racing_ros2_ws/src/Aerial-Robotics-Drone-Project/build/drone_project/install.log'
[1.398s] Invoked command in '/home/danial/drone_racing_ros2_ws/src/Aerial-Robotics-Drone-Project/src/drone_project' returned '0': PYTHONPATH=/home/danial/drone_racing_ros2_ws/src/Aerial-Robotics-Drone-Project/build/drone_project/prefix_override:/home/danial/drone_racing_ros2_ws/src/Aerial-Robotics-Drone-Project/install/drone_project/lib/python3.8/site-packages:${PYTHONPATH} /usr/bin/python3 -W ignore:setup.py install is deprecated setup.py egg_info --egg-base ../../build/drone_project build --build-base /home/danial/drone_racing_ros2_ws/src/Aerial-Robotics-Drone-Project/build/drone_project/build install --record /home/danial/drone_racing_ros2_ws/src/Aerial-Robotics-Drone-Project/build/drone_project/install.log --single-version-externally-managed install_data
