running egg_info
creating ../../build/drone_project/drone_project.egg-info
writing ../../build/drone_project/drone_project.egg-info/PKG-INFO
writing dependency_links to ../../build/drone_project/drone_project.egg-info/dependency_links.txt
writing entry points to ../../build/drone_project/drone_project.egg-info/entry_points.txt
writing requirements to ../../build/drone_project/drone_project.egg-info/requires.txt
writing top-level names to ../../build/drone_project/drone_project.egg-info/top_level.txt
writing manifest file '../../build/drone_project/drone_project.egg-info/SOURCES.txt'
reading manifest file '../../build/drone_project/drone_project.egg-info/SOURCES.txt'
writing manifest file '../../build/drone_project/drone_project.egg-info/SOURCES.txt'
running build
running build_py
creating /home/danial/drone_racing_ros2_ws/src/Aerial-Robotics-Drone-Project/build/drone_project/build
creating /home/danial/drone_racing_ros2_ws/src/Aerial-Robotics-Drone-Project/build/drone_project/build/lib
creating /home/danial/drone_racing_ros2_ws/src/Aerial-Robotics-Drone-Project/build/drone_project/build/lib/drone_project
copying drone_project/drone_controller.py -> /home/danial/drone_racing_ros2_ws/src/Aerial-Robotics-Drone-Project/build/drone_project/build/lib/drone_project
copying drone_project/__init__.py -> /home/danial/drone_racing_ros2_ws/src/Aerial-Robotics-Drone-Project/build/drone_project/build/lib/drone_project
running install
running install_lib
creating /home/danial/drone_racing_ros2_ws/src/Aerial-Robotics-Drone-Project/install/drone_project/lib/python3.8/site-packages/drone_project
copying /home/danial/drone_racing_ros2_ws/src/Aerial-Robotics-Drone-Project/build/drone_project/build/lib/drone_project/drone_controller.py -> /home/danial/drone_racing_ros2_ws/src/Aerial-Robotics-Drone-Project/install/drone_project/lib/python3.8/site-packages/drone_project
copying /home/danial/drone_racing_ros2_ws/src/Aerial-Robotics-Drone-Project/build/drone_project/build/lib/drone_project/__init__.py -> /home/danial/drone_racing_ros2_ws/src/Aerial-Robotics-Drone-Project/install/drone_project/lib/python3.8/site-packages/drone_project
byte-compiling /home/danial/drone_racing_ros2_ws/src/Aerial-Robotics-Drone-Project/install/drone_project/lib/python3.8/site-packages/drone_project/drone_controller.py to drone_controller.cpython-38.pyc
byte-compiling /home/danial/drone_racing_ros2_ws/src/Aerial-Robotics-Drone-Project/install/drone_project/lib/python3.8/site-packages/drone_project/__init__.py to __init__.cpython-38.pyc
running install_data
creating /home/danial/drone_racing_ros2_ws/src/Aerial-Robotics-Drone-Project/install/drone_project/share/ament_index
creating /home/danial/drone_racing_ros2_ws/src/Aerial-Robotics-Drone-Project/install/drone_project/share/ament_index/resource_index
creating /home/danial/drone_racing_ros2_ws/src/Aerial-Robotics-Drone-Project/install/drone_project/share/ament_index/resource_index/packages
copying resource/drone_project -> /home/danial/drone_racing_ros2_ws/src/Aerial-Robotics-Drone-Project/install/drone_project/share/ament_index/resource_index/packages
copying package.xml -> /home/danial/drone_racing_ros2_ws/src/Aerial-Robotics-Drone-Project/install/drone_project/share/drone_project
running install_egg_info
Copying ../../build/drone_project/drone_project.egg-info to /home/danial/drone_racing_ros2_ws/src/Aerial-Robotics-Drone-Project/install/drone_project/lib/python3.8/site-packages/drone_project-0.0.0-py3.8.egg-info
running install_scripts
Installing drone_controller script to /home/danial/drone_racing_ros2_ws/src/Aerial-Robotics-Drone-Project/install/drone_project/lib/drone_project
writing list of installed files to '/home/danial/drone_racing_ros2_ws/src/Aerial-Robotics-Drone-Project/build/drone_project/install.log'
