running egg_info
creating ../../build/tello_process/tello_process.egg-info
writing ../../build/tello_process/tello_process.egg-info/PKG-INFO
writing dependency_links to ../../build/tello_process/tello_process.egg-info/dependency_links.txt
writing entry points to ../../build/tello_process/tello_process.egg-info/entry_points.txt
writing requirements to ../../build/tello_process/tello_process.egg-info/requires.txt
writing top-level names to ../../build/tello_process/tello_process.egg-info/top_level.txt
writing manifest file '../../build/tello_process/tello_process.egg-info/SOURCES.txt'
reading manifest file '../../build/tello_process/tello_process.egg-info/SOURCES.txt'
writing manifest file '../../build/tello_process/tello_process.egg-info/SOURCES.txt'
running build
running build_py
creating /home/danial/drone_racing_ros2_ws/src/Aerial-Robotics-Drone-Project/build/tello_process/build
creating /home/danial/drone_racing_ros2_ws/src/Aerial-Robotics-Drone-Project/build/tello_process/build/lib
creating /home/danial/drone_racing_ros2_ws/src/Aerial-Robotics-Drone-Project/build/tello_process/build/lib/tello_process
copying tello_process/receiver.py -> /home/danial/drone_racing_ros2_ws/src/Aerial-Robotics-Drone-Project/build/tello_process/build/lib/tello_process
copying tello_process/__init__.py -> /home/danial/drone_racing_ros2_ws/src/Aerial-Robotics-Drone-Project/build/tello_process/build/lib/tello_process
running install
running install_lib
creating /home/danial/drone_racing_ros2_ws/src/Aerial-Robotics-Drone-Project/install/tello_process/lib/python3.8/site-packages/tello_process
copying /home/danial/drone_racing_ros2_ws/src/Aerial-Robotics-Drone-Project/build/tello_process/build/lib/tello_process/receiver.py -> /home/danial/drone_racing_ros2_ws/src/Aerial-Robotics-Drone-Project/install/tello_process/lib/python3.8/site-packages/tello_process
copying /home/danial/drone_racing_ros2_ws/src/Aerial-Robotics-Drone-Project/build/tello_process/build/lib/tello_process/__init__.py -> /home/danial/drone_racing_ros2_ws/src/Aerial-Robotics-Drone-Project/install/tello_process/lib/python3.8/site-packages/tello_process
byte-compiling /home/danial/drone_racing_ros2_ws/src/Aerial-Robotics-Drone-Project/install/tello_process/lib/python3.8/site-packages/tello_process/receiver.py to receiver.cpython-38.pyc
byte-compiling /home/danial/drone_racing_ros2_ws/src/Aerial-Robotics-Drone-Project/install/tello_process/lib/python3.8/site-packages/tello_process/__init__.py to __init__.cpython-38.pyc
running install_data
creating /home/danial/drone_racing_ros2_ws/src/Aerial-Robotics-Drone-Project/install/tello_process/share/ament_index
creating /home/danial/drone_racing_ros2_ws/src/Aerial-Robotics-Drone-Project/install/tello_process/share/ament_index/resource_index
creating /home/danial/drone_racing_ros2_ws/src/Aerial-Robotics-Drone-Project/install/tello_process/share/ament_index/resource_index/packages
copying resource/tello_process -> /home/danial/drone_racing_ros2_ws/src/Aerial-Robotics-Drone-Project/install/tello_process/share/ament_index/resource_index/packages
copying package.xml -> /home/danial/drone_racing_ros2_ws/src/Aerial-Robotics-Drone-Project/install/tello_process/share/tello_process
running install_egg_info
Copying ../../build/tello_process/tello_process.egg-info to /home/danial/drone_racing_ros2_ws/src/Aerial-Robotics-Drone-Project/install/tello_process/lib/python3.8/site-packages/tello_process-0.0.0-py3.8.egg-info
running install_scripts
Installing receiver script to /home/danial/drone_racing_ros2_ws/src/Aerial-Robotics-Drone-Project/install/tello_process/lib/tello_process
writing list of installed files to '/home/danial/drone_racing_ros2_ws/src/Aerial-Robotics-Drone-Project/build/tello_process/install.log'
