[0.246s] Invoking command in '/home/danial/drone_racing_ros2_ws/src/Aerial-Robotics-Drone-Project/build/example_cpp_pkg': CMAKE_PREFIX_PATH=${CMAKE_PREFIX_PATH}:/home/danial/drone_racing_ros2_ws/src/Aerial-Robotics-Drone-Project/install/tello_process:/home/danial/drone_racing_ros2_ws/install/drone_project:/home/danial/drone_racing_ros2_ws/src/Aerial-Robotics-Drone-Project/install/drone_project:/opt/ros/galactic /usr/bin/cmake --build /home/danial/drone_racing_ros2_ws/src/Aerial-Robotics-Drone-Project/build/example_cpp_pkg -- -j8 -l8
[0.290s] -- Found cv_bridge: 3.1.3 (/opt/ros/galactic/share/cv_bridge/cmake)
[0.336s] -- Using PYTHON_EXECUTABLE: /usr/bin/python3
[0.433s] -- Using single rosidl_typesupport_c: rosidl_typesupport_introspection_c
[0.437s] -- Found rosidl_adapter: 2.2.3 (/opt/ros/galactic/share/rosidl_adapter/cmake)
[0.465s] -- Using single rosidl_typesupport_cpp: rosidl_typesupport_introspection_cpp
[0.717s] -- Found rclcpp: 9.2.2 (/opt/ros/galactic/share/rclcpp/cmake)
[0.782s] -- Found rmw_implementation_cmake: 3.3.1 (/opt/ros/galactic/share/rmw_implementation_cmake/cmake)
[0.785s] -- Found rmw_cyclonedds_cpp: 0.22.6 (/opt/ros/galactic/share/rmw_cyclonedds_cpp/cmake)
[0.819s] -- Using RMW implementation 'rmw_cyclonedds_cpp' as default
[1.005s] -- Found std_srvs: 2.2.4 (/opt/ros/galactic/share/std_srvs/cmake)
[1.033s] -- Found tello_msgs: 0.1.0 (/home/danial/drone_racing_ros2_ws/src/Aerial-Robotics-Drone-Project/src/example_cpp_pkg/../../install/tello_msgs/share/tello_msgs/cmake)
[1.059s] -- Found ament_lint_auto: 0.10.7 (/opt/ros/galactic/share/ament_lint_auto/cmake)
[1.134s] -- Added test 'copyright' to check source files copyright and LICENSE
[1.135s] -- Added test 'cppcheck' to perform static code analysis on C / C++ code
[1.135s] -- Configured cppcheck include dirs: /home/danial/drone_racing_ros2_ws/src/Aerial-Robotics-Drone-Project/src/example_cpp_pkg/include
[1.135s] -- Configured cppcheck exclude dirs and/or files: 
[1.136s] -- Added test 'cpplint' to check C / C++ code against the Google style
[1.136s] -- Configured cpplint exclude dirs and/or files: 
[1.137s] -- Added test 'flake8' to check Python code syntax and style conventions
[1.137s] -- Added test 'lint_cmake' to check CMake code style
[1.138s] -- Added test 'pep257' to check Python code against some of the style conventions in PEP 257
[1.139s] -- Added test 'uncrustify' to check C / C++ code style
[1.139s] -- Configured uncrustify additional arguments: 
[1.140s] -- Added test 'xmllint' to check XML markup files
[1.142s] -- Configuring done
[1.161s] -- Generating done
[1.163s] -- Build files have been written to: /home/danial/drone_racing_ros2_ws/src/Aerial-Robotics-Drone-Project/build/example_cpp_pkg
[1.194s] [35m[1mScanning dependencies of target tracker[0m
[1.218s] [ 50%] [32mBuilding CXX object CMakeFiles/tracker.dir/src/tracker.cpp.o[0m
[9.342s] [100%] [32m[1mLinking CXX executable tracker[0m
[10.025s] [100%] Built target tracker
[10.037s] Invoked command in '/home/danial/drone_racing_ros2_ws/src/Aerial-Robotics-Drone-Project/build/example_cpp_pkg' returned '0': CMAKE_PREFIX_PATH=${CMAKE_PREFIX_PATH}:/home/danial/drone_racing_ros2_ws/src/Aerial-Robotics-Drone-Project/install/tello_process:/home/danial/drone_racing_ros2_ws/install/drone_project:/home/danial/drone_racing_ros2_ws/src/Aerial-Robotics-Drone-Project/install/drone_project:/opt/ros/galactic /usr/bin/cmake --build /home/danial/drone_racing_ros2_ws/src/Aerial-Robotics-Drone-Project/build/example_cpp_pkg -- -j8 -l8
[10.064s] Invoking command in '/home/danial/drone_racing_ros2_ws/src/Aerial-Robotics-Drone-Project/build/example_cpp_pkg': CMAKE_PREFIX_PATH=${CMAKE_PREFIX_PATH}:/home/danial/drone_racing_ros2_ws/src/Aerial-Robotics-Drone-Project/install/tello_process:/home/danial/drone_racing_ros2_ws/install/drone_project:/home/danial/drone_racing_ros2_ws/src/Aerial-Robotics-Drone-Project/install/drone_project:/opt/ros/galactic /usr/bin/cmake --install /home/danial/drone_racing_ros2_ws/src/Aerial-Robotics-Drone-Project/build/example_cpp_pkg
[10.077s] -- Install configuration: ""
[10.077s] -- Installing: /home/danial/drone_racing_ros2_ws/src/Aerial-Robotics-Drone-Project/install/example_cpp_pkg/lib/example_cpp_pkg/tracker
[10.081s] -- Set runtime path of "/home/danial/drone_racing_ros2_ws/src/Aerial-Robotics-Drone-Project/install/example_cpp_pkg/lib/example_cpp_pkg/tracker" to ""
[10.081s] -- Up-to-date: /home/danial/drone_racing_ros2_ws/src/Aerial-Robotics-Drone-Project/install/example_cpp_pkg/share/example_cpp_pkg/launch
[10.081s] -- Up-to-date: /home/danial/drone_racing_ros2_ws/src/Aerial-Robotics-Drone-Project/install/example_cpp_pkg/share/example_cpp_pkg/launch/__pycache__
[10.081s] -- Up-to-date: /home/danial/drone_racing_ros2_ws/src/Aerial-Robotics-Drone-Project/install/example_cpp_pkg/share/example_cpp_pkg/launch/__pycache__/demo_track_launch.cpython-38.pyc
[10.081s] -- Up-to-date: /home/danial/drone_racing_ros2_ws/src/Aerial-Robotics-Drone-Project/install/example_cpp_pkg/share/example_cpp_pkg/launch/demo_track_launch.py
[10.081s] -- Up-to-date: /home/danial/drone_racing_ros2_ws/src/Aerial-Robotics-Drone-Project/install/example_cpp_pkg/share/ament_index/resource_index/package_run_dependencies/example_cpp_pkg
[10.081s] -- Installing: /home/danial/drone_racing_ros2_ws/src/Aerial-Robotics-Drone-Project/install/example_cpp_pkg/share/ament_index/resource_index/parent_prefix_path/example_cpp_pkg
[10.081s] -- Up-to-date: /home/danial/drone_racing_ros2_ws/src/Aerial-Robotics-Drone-Project/install/example_cpp_pkg/share/example_cpp_pkg/environment/ament_prefix_path.sh
[10.081s] -- Installing: /home/danial/drone_racing_ros2_ws/src/Aerial-Robotics-Drone-Project/install/example_cpp_pkg/share/example_cpp_pkg/environment/ament_prefix_path.dsv
[10.081s] -- Up-to-date: /home/danial/drone_racing_ros2_ws/src/Aerial-Robotics-Drone-Project/install/example_cpp_pkg/share/example_cpp_pkg/environment/path.sh
[10.081s] -- Installing: /home/danial/drone_racing_ros2_ws/src/Aerial-Robotics-Drone-Project/install/example_cpp_pkg/share/example_cpp_pkg/environment/path.dsv
[10.082s] -- Up-to-date: /home/danial/drone_racing_ros2_ws/src/Aerial-Robotics-Drone-Project/install/example_cpp_pkg/share/example_cpp_pkg/local_setup.bash
[10.082s] -- Up-to-date: /home/danial/drone_racing_ros2_ws/src/Aerial-Robotics-Drone-Project/install/example_cpp_pkg/share/example_cpp_pkg/local_setup.sh
[10.082s] -- Up-to-date: /home/danial/drone_racing_ros2_ws/src/Aerial-Robotics-Drone-Project/install/example_cpp_pkg/share/example_cpp_pkg/local_setup.zsh
[10.082s] -- Installing: /home/danial/drone_racing_ros2_ws/src/Aerial-Robotics-Drone-Project/install/example_cpp_pkg/share/example_cpp_pkg/local_setup.dsv
[10.082s] -- Installing: /home/danial/drone_racing_ros2_ws/src/Aerial-Robotics-Drone-Project/install/example_cpp_pkg/share/example_cpp_pkg/package.dsv
[10.082s] -- Up-to-date: /home/danial/drone_racing_ros2_ws/src/Aerial-Robotics-Drone-Project/install/example_cpp_pkg/share/ament_index/resource_index/packages/example_cpp_pkg
[10.082s] -- Up-to-date: /home/danial/drone_racing_ros2_ws/src/Aerial-Robotics-Drone-Project/install/example_cpp_pkg/share/example_cpp_pkg/cmake/example_cpp_pkgConfig.cmake
[10.082s] -- Up-to-date: /home/danial/drone_racing_ros2_ws/src/Aerial-Robotics-Drone-Project/install/example_cpp_pkg/share/example_cpp_pkg/cmake/example_cpp_pkgConfig-version.cmake
[10.082s] -- Up-to-date: /home/danial/drone_racing_ros2_ws/src/Aerial-Robotics-Drone-Project/install/example_cpp_pkg/share/example_cpp_pkg/package.xml
[10.085s] Invoked command in '/home/danial/drone_racing_ros2_ws/src/Aerial-Robotics-Drone-Project/build/example_cpp_pkg' returned '0': CMAKE_PREFIX_PATH=${CMAKE_PREFIX_PATH}:/home/danial/drone_racing_ros2_ws/src/Aerial-Robotics-Drone-Project/install/tello_process:/home/danial/drone_racing_ros2_ws/install/drone_project:/home/danial/drone_racing_ros2_ws/src/Aerial-Robotics-Drone-Project/install/drone_project:/opt/ros/galactic /usr/bin/cmake --install /home/danial/drone_racing_ros2_ws/src/Aerial-Robotics-Drone-Project/build/example_cpp_pkg
