[0.215s] Invoking command in '/home/danial/drone_racing_ros2_ws/src/Aerial-Robotics-Drone-Project/build/tello_description': CMAKE_PREFIX_PATH=${CMAKE_PREFIX_PATH}:/home/danial/drone_racing_ros2_ws/src/Aerial-Robotics-Drone-Project/install/tello_process:/home/danial/drone_racing_ros2_ws/install/drone_project:/home/danial/drone_racing_ros2_ws/src/Aerial-Robotics-Drone-Project/install/drone_project:/opt/ros/galactic /usr/bin/cmake /home/danial/drone_racing_ros2_ws/src/Aerial-Robotics-Drone-Project/src/tello_ros/tello_description -DCMAKE_INSTALL_PREFIX=/home/danial/drone_racing_ros2_ws/src/Aerial-Robotics-Drone-Project/install/tello_description
[0.280s] -- The C compiler identification is GNU 9.4.0
[0.349s] -- The CXX compiler identification is GNU 9.4.0
[0.355s] -- Check for working C compiler: /usr/bin/cc
[0.444s] -- Check for working C compiler: /usr/bin/cc -- works
[0.445s] -- Detecting C compiler ABI info
[0.540s] -- Detecting C compiler ABI info - done
[0.555s] -- Detecting C compile features
[0.555s] -- Detecting C compile features - done
[0.559s] -- Check for working CXX compiler: /usr/bin/c++
[0.672s] -- Check for working CXX compiler: /usr/bin/c++ -- works
[0.672s] -- Detecting CXX compiler ABI info
[0.794s] -- Detecting CXX compiler ABI info - done
[0.809s] -- Detecting CXX compile features
[0.809s] -- Detecting CXX compile features - done
[0.812s] -- Found ament_cmake: 1.1.6 (/opt/ros/galactic/share/ament_cmake/cmake)
[0.845s] -- Found PythonInterp: /usr/bin/python3 (found suitable version "3.8.10", minimum required is "3") 
[0.846s] -- Using PYTHON_EXECUTABLE: /usr/bin/python3
[0.947s] -- creating rules for /home/danial/drone_racing_ros2_ws/src/Aerial-Robotics-Drone-Project/build/tello_description/urdf/tello.urdf
[0.947s] -- creating rules for /home/danial/drone_racing_ros2_ws/src/Aerial-Robotics-Drone-Project/build/tello_description/urdf/tello_1.urdf
[0.947s] -- creating rules for /home/danial/drone_racing_ros2_ws/src/Aerial-Robotics-Drone-Project/build/tello_description/urdf/tello_2.urdf
[0.947s] -- creating rules for /home/danial/drone_racing_ros2_ws/src/Aerial-Robotics-Drone-Project/build/tello_description/urdf/tello_3.urdf
[0.948s] -- creating rules for /home/danial/drone_racing_ros2_ws/src/Aerial-Robotics-Drone-Project/build/tello_description/urdf/tello_4.urdf
[0.948s] -- creating rules for /home/danial/drone_racing_ros2_ws/src/Aerial-Robotics-Drone-Project/build/tello_description/urdf/tello_5.urdf
[0.948s] -- creating rules for /home/danial/drone_racing_ros2_ws/src/Aerial-Robotics-Drone-Project/build/tello_description/urdf/tello_6.urdf
[0.948s] -- creating rules for /home/danial/drone_racing_ros2_ws/src/Aerial-Robotics-Drone-Project/build/tello_description/urdf/tello_7.urdf
[0.948s] -- creating rules for /home/danial/drone_racing_ros2_ws/src/Aerial-Robotics-Drone-Project/build/tello_description/urdf/tello_8.urdf
[1.029s] -- Configuring done
[1.037s] -- Generating done
[1.040s] -- Build files have been written to: /home/danial/drone_racing_ros2_ws/src/Aerial-Robotics-Drone-Project/build/tello_description
[1.051s] Invoked command in '/home/danial/drone_racing_ros2_ws/src/Aerial-Robotics-Drone-Project/build/tello_description' returned '0': CMAKE_PREFIX_PATH=${CMAKE_PREFIX_PATH}:/home/danial/drone_racing_ros2_ws/src/Aerial-Robotics-Drone-Project/install/tello_process:/home/danial/drone_racing_ros2_ws/install/drone_project:/home/danial/drone_racing_ros2_ws/src/Aerial-Robotics-Drone-Project/install/drone_project:/opt/ros/galactic /usr/bin/cmake /home/danial/drone_racing_ros2_ws/src/Aerial-Robotics-Drone-Project/src/tello_ros/tello_description -DCMAKE_INSTALL_PREFIX=/home/danial/drone_racing_ros2_ws/src/Aerial-Robotics-Drone-Project/install/tello_description
[1.052s] Invoking command in '/home/danial/drone_racing_ros2_ws/src/Aerial-Robotics-Drone-Project/build/tello_description': CMAKE_PREFIX_PATH=${CMAKE_PREFIX_PATH}:/home/danial/drone_racing_ros2_ws/src/Aerial-Robotics-Drone-Project/install/tello_process:/home/danial/drone_racing_ros2_ws/install/drone_project:/home/danial/drone_racing_ros2_ws/src/Aerial-Robotics-Drone-Project/install/drone_project:/opt/ros/galactic /usr/bin/cmake --build /home/danial/drone_racing_ros2_ws/src/Aerial-Robotics-Drone-Project/build/tello_description -- -j8 -l8
[1.104s] [35m[1mScanning dependencies of target generate_urdf_1[0m
[1.107s] [35m[1mScanning dependencies of target generate_urdf[0m
[1.107s] [35m[1mScanning dependencies of target generate_urdf_3[0m
[1.111s] [35m[1mScanning dependencies of target generate_urdf_6[0m
[1.120s] [35m[1mScanning dependencies of target generate_urdf_7[0m
[1.127s] [35m[1mScanning dependencies of target generate_urdf_8[0m
[1.128s] [35m[1mScanning dependencies of target generate_urdf_5[0m
[1.134s] [ 11%] [34m[1mGenerate /home/danial/drone_racing_ros2_ws/src/Aerial-Robotics-Drone-Project/build/tello_description/urdf/tello_1.urdf[0m
[1.138s] [ 22%] [34m[1mGenerate /home/danial/drone_racing_ros2_ws/src/Aerial-Robotics-Drone-Project/build/tello_description/urdf/tello.urdf[0m
[1.140s] [35m[1mScanning dependencies of target generate_urdf_4[0m
[1.145s] [ 44%] [34m[1mGenerate /home/danial/drone_racing_ros2_ws/src/Aerial-Robotics-Drone-Project/build/tello_description/urdf/tello_6.urdf[0m
[1.148s] [ 33%] [34m[1mGenerate /home/danial/drone_racing_ros2_ws/src/Aerial-Robotics-Drone-Project/build/tello_description/urdf/tello_3.urdf[0m
[1.153s] [ 55%] [34m[1mGenerate /home/danial/drone_racing_ros2_ws/src/Aerial-Robotics-Drone-Project/build/tello_description/urdf/tello_7.urdf[0m
[1.158s] [ 66%] [34m[1mGenerate /home/danial/drone_racing_ros2_ws/src/Aerial-Robotics-Drone-Project/build/tello_description/urdf/tello_8.urdf[0m
[1.158s] [ 77%] [34m[1mGenerate /home/danial/drone_racing_ros2_ws/src/Aerial-Robotics-Drone-Project/build/tello_description/urdf/tello_5.urdf[0m
[1.179s] [ 88%] [34m[1mGenerate /home/danial/drone_racing_ros2_ws/src/Aerial-Robotics-Drone-Project/build/tello_description/urdf/tello_4.urdf[0m
[1.196s] [ 88%] Built target generate_urdf_1
[1.212s] [ 88%] Built target generate_urdf_3
[1.216s] [35m[1mScanning dependencies of target generate_urdf_2[0m
[1.222s] [ 88%] Built target generate_urdf
[1.227s] [ 88%] Built target generate_urdf_8
[1.238s] [ 88%] Built target generate_urdf_6
[1.247s] [ 88%] Built target generate_urdf_7
[1.251s] [100%] [34m[1mGenerate /home/danial/drone_racing_ros2_ws/src/Aerial-Robotics-Drone-Project/build/tello_description/urdf/tello_2.urdf[0m
[1.256s] [100%] Built target generate_urdf_5
[1.257s] [100%] Built target generate_urdf_4
[1.291s] [100%] Built target generate_urdf_2
[1.303s] Invoked command in '/home/danial/drone_racing_ros2_ws/src/Aerial-Robotics-Drone-Project/build/tello_description' returned '0': CMAKE_PREFIX_PATH=${CMAKE_PREFIX_PATH}:/home/danial/drone_racing_ros2_ws/src/Aerial-Robotics-Drone-Project/install/tello_process:/home/danial/drone_racing_ros2_ws/install/drone_project:/home/danial/drone_racing_ros2_ws/src/Aerial-Robotics-Drone-Project/install/drone_project:/opt/ros/galactic /usr/bin/cmake --build /home/danial/drone_racing_ros2_ws/src/Aerial-Robotics-Drone-Project/build/tello_description -- -j8 -l8
[1.334s] Invoking command in '/home/danial/drone_racing_ros2_ws/src/Aerial-Robotics-Drone-Project/build/tello_description': CMAKE_PREFIX_PATH=${CMAKE_PREFIX_PATH}:/home/danial/drone_racing_ros2_ws/src/Aerial-Robotics-Drone-Project/install/tello_process:/home/danial/drone_racing_ros2_ws/install/drone_project:/home/danial/drone_racing_ros2_ws/src/Aerial-Robotics-Drone-Project/install/drone_project:/opt/ros/galactic /usr/bin/cmake --install /home/danial/drone_racing_ros2_ws/src/Aerial-Robotics-Drone-Project/build/tello_description
[1.346s] -- Install configuration: ""
[1.346s] -- Installing: /home/danial/drone_racing_ros2_ws/src/Aerial-Robotics-Drone-Project/install/tello_description/share/tello_description/urdf
[1.346s] -- Installing: /home/danial/drone_racing_ros2_ws/src/Aerial-Robotics-Drone-Project/install/tello_description/share/tello_description/urdf/tello_3.urdf
[1.346s] -- Installing: /home/danial/drone_racing_ros2_ws/src/Aerial-Robotics-Drone-Project/install/tello_description/share/tello_description/urdf/tello.urdf
[1.346s] -- Installing: /home/danial/drone_racing_ros2_ws/src/Aerial-Robotics-Drone-Project/install/tello_description/share/tello_description/urdf/tello_2.urdf
[1.346s] -- Installing: /home/danial/drone_racing_ros2_ws/src/Aerial-Robotics-Drone-Project/install/tello_description/share/tello_description/urdf/tello_8.urdf
[1.346s] -- Installing: /home/danial/drone_racing_ros2_ws/src/Aerial-Robotics-Drone-Project/install/tello_description/share/tello_description/urdf/tello_7.urdf
[1.346s] -- Installing: /home/danial/drone_racing_ros2_ws/src/Aerial-Robotics-Drone-Project/install/tello_description/share/tello_description/urdf/tello_4.urdf
[1.346s] -- Installing: /home/danial/drone_racing_ros2_ws/src/Aerial-Robotics-Drone-Project/install/tello_description/share/tello_description/urdf/tello_1.urdf
[1.347s] -- Installing: /home/danial/drone_racing_ros2_ws/src/Aerial-Robotics-Drone-Project/install/tello_description/share/tello_description/urdf/tello_5.urdf
[1.347s] -- Installing: /home/danial/drone_racing_ros2_ws/src/Aerial-Robotics-Drone-Project/install/tello_description/share/tello_description/urdf/tello_6.urdf
[1.347s] -- Installing: /home/danial/drone_racing_ros2_ws/src/Aerial-Robotics-Drone-Project/install/tello_description/share/ament_index/resource_index/package_run_dependencies/tello_description
[1.347s] -- Installing: /home/danial/drone_racing_ros2_ws/src/Aerial-Robotics-Drone-Project/install/tello_description/share/ament_index/resource_index/parent_prefix_path/tello_description
[1.347s] -- Installing: /home/danial/drone_racing_ros2_ws/src/Aerial-Robotics-Drone-Project/install/tello_description/share/tello_description/environment/ament_prefix_path.sh
[1.347s] -- Installing: /home/danial/drone_racing_ros2_ws/src/Aerial-Robotics-Drone-Project/install/tello_description/share/tello_description/environment/ament_prefix_path.dsv
[1.347s] -- Installing: /home/danial/drone_racing_ros2_ws/src/Aerial-Robotics-Drone-Project/install/tello_description/share/tello_description/environment/path.sh
[1.347s] -- Installing: /home/danial/drone_racing_ros2_ws/src/Aerial-Robotics-Drone-Project/install/tello_description/share/tello_description/environment/path.dsv
[1.347s] -- Installing: /home/danial/drone_racing_ros2_ws/src/Aerial-Robotics-Drone-Project/install/tello_description/share/tello_description/local_setup.bash
[1.347s] -- Installing: /home/danial/drone_racing_ros2_ws/src/Aerial-Robotics-Drone-Project/install/tello_description/share/tello_description/local_setup.sh
[1.347s] -- Installing: /home/danial/drone_racing_ros2_ws/src/Aerial-Robotics-Drone-Project/install/tello_description/share/tello_description/local_setup.zsh
[1.347s] -- Installing: /home/danial/drone_racing_ros2_ws/src/Aerial-Robotics-Drone-Project/install/tello_description/share/tello_description/local_setup.dsv
[1.348s] -- Installing: /home/danial/drone_racing_ros2_ws/src/Aerial-Robotics-Drone-Project/install/tello_description/share/tello_description/package.dsv
[1.348s] -- Installing: /home/danial/drone_racing_ros2_ws/src/Aerial-Robotics-Drone-Project/install/tello_description/share/ament_index/resource_index/packages/tello_description
[1.348s] -- Installing: /home/danial/drone_racing_ros2_ws/src/Aerial-Robotics-Drone-Project/install/tello_description/share/tello_description/cmake/tello_descriptionConfig.cmake
[1.348s] -- Installing: /home/danial/drone_racing_ros2_ws/src/Aerial-Robotics-Drone-Project/install/tello_description/share/tello_description/cmake/tello_descriptionConfig-version.cmake
[1.348s] -- Installing: /home/danial/drone_racing_ros2_ws/src/Aerial-Robotics-Drone-Project/install/tello_description/share/tello_description/package.xml
[1.352s] Invoked command in '/home/danial/drone_racing_ros2_ws/src/Aerial-Robotics-Drone-Project/build/tello_description' returned '0': CMAKE_PREFIX_PATH=${CMAKE_PREFIX_PATH}:/home/danial/drone_racing_ros2_ws/src/Aerial-Robotics-Drone-Project/install/tello_process:/home/danial/drone_racing_ros2_ws/install/drone_project:/home/danial/drone_racing_ros2_ws/src/Aerial-Robotics-Drone-Project/install/drone_project:/opt/ros/galactic /usr/bin/cmake --install /home/danial/drone_racing_ros2_ws/src/Aerial-Robotics-Drone-Project/build/tello_description
