[0.017s] Invoking command in '/home/danial/drone_racing_ros2_ws/src/Aerial-Robotics-Drone-Project/build/tello_gazebo': CMAKE_PREFIX_PATH=/home/danial/drone_racing_ros2_ws/src/Aerial-Robotics-Drone-Project/install/tello_msgs:/home/danial/drone_racing_ros2_ws/src/Aerial-Robotics-Drone-Project/install/tello_gazebo:/home/danial/drone_racing_ros2_ws/src/Aerial-Robotics-Drone-Project/install/tello_driver:/home/danial/drone_racing_ros2_ws/src/Aerial-Robotics-Drone-Project/install/tello_description:/home/danial/drone_racing_ros2_ws/src/Aerial-Robotics-Drone-Project/install/ros2_shared:/home/danial/drone_racing_ros2_ws/src/Aerial-Robotics-Drone-Project/install/example_cpp_pkg:/home/danial/drone_racing_ros2_ws/install/tello_gazebo:/home/danial/drone_racing_ros2_ws/install/tello_driver:/home/danial/drone_racing_ros2_ws/install/tello_msgs:/home/danial/drone_racing_ros2_ws/install/tello_description:/home/danial/drone_racing_ros2_ws/install/ros2_shared:/home/danial/drone_racing_ros2_ws/install/example_cpp_pkg:/home/danial/drone_racing_ros2_ws/src/Aerial-Robotics-Drone-Project/install/tello_process:/home/danial/drone_racing_ros2_ws/install/drone_project:/home/danial/drone_racing_ros2_ws/src/Aerial-Robotics-Drone-Project/install/drone_project:/opt/ros/galactic LD_LIBRARY_PATH=/home/danial/drone_racing_ros2_ws/src/Aerial-Robotics-Drone-Project/install/tello_msgs/lib:/home/danial/drone_racing_ros2_ws/src/Aerial-Robotics-Drone-Project/install/tello_gazebo/lib:/home/danial/drone_racing_ros2_ws/src/Aerial-Robotics-Drone-Project/install/tello_driver/lib:/home/danial/drone_racing_ros2_ws/install/tello_gazebo/lib:/home/danial/drone_racing_ros2_ws/install/tello_driver/lib:/home/danial/drone_racing_ros2_ws/install/tello_msgs/lib:/usr/lib/x86_64-linux-gnu/gazebo-11/plugins:/opt/ros/galactic/opt/yaml_cpp_vendor/lib:/opt/ros/galactic/opt/rviz_ogre_vendor/lib:/opt/ros/galactic/lib/x86_64-linux-gnu:/opt/ros/galactic/lib:/usr/lib/x86_64-linux-gnu/gazebo-11/plugins /usr/bin/cmake --build /home/danial/drone_racing_ros2_ws/src/Aerial-Robotics-Drone-Project/build/tello_gazebo -- -j8 -l8
[0.142s] [100%] Built target TelloPlugin
[0.153s] Invoked command in '/home/danial/drone_racing_ros2_ws/src/Aerial-Robotics-Drone-Project/build/tello_gazebo' returned '0': CMAKE_PREFIX_PATH=/home/danial/drone_racing_ros2_ws/src/Aerial-Robotics-Drone-Project/install/tello_msgs:/home/danial/drone_racing_ros2_ws/src/Aerial-Robotics-Drone-Project/install/tello_gazebo:/home/danial/drone_racing_ros2_ws/src/Aerial-Robotics-Drone-Project/install/tello_driver:/home/danial/drone_racing_ros2_ws/src/Aerial-Robotics-Drone-Project/install/tello_description:/home/danial/drone_racing_ros2_ws/src/Aerial-Robotics-Drone-Project/install/ros2_shared:/home/danial/drone_racing_ros2_ws/src/Aerial-Robotics-Drone-Project/install/example_cpp_pkg:/home/danial/drone_racing_ros2_ws/install/tello_gazebo:/home/danial/drone_racing_ros2_ws/install/tello_driver:/home/danial/drone_racing_ros2_ws/install/tello_msgs:/home/danial/drone_racing_ros2_ws/install/tello_description:/home/danial/drone_racing_ros2_ws/install/ros2_shared:/home/danial/drone_racing_ros2_ws/install/example_cpp_pkg:/home/danial/drone_racing_ros2_ws/src/Aerial-Robotics-Drone-Project/install/tello_process:/home/danial/drone_racing_ros2_ws/install/drone_project:/home/danial/drone_racing_ros2_ws/src/Aerial-Robotics-Drone-Project/install/drone_project:/opt/ros/galactic LD_LIBRARY_PATH=/home/danial/drone_racing_ros2_ws/src/Aerial-Robotics-Drone-Project/install/tello_msgs/lib:/home/danial/drone_racing_ros2_ws/src/Aerial-Robotics-Drone-Project/install/tello_gazebo/lib:/home/danial/drone_racing_ros2_ws/src/Aerial-Robotics-Drone-Project/install/tello_driver/lib:/home/danial/drone_racing_ros2_ws/install/tello_gazebo/lib:/home/danial/drone_racing_ros2_ws/install/tello_driver/lib:/home/danial/drone_racing_ros2_ws/install/tello_msgs/lib:/usr/lib/x86_64-linux-gnu/gazebo-11/plugins:/opt/ros/galactic/opt/yaml_cpp_vendor/lib:/opt/ros/galactic/opt/rviz_ogre_vendor/lib:/opt/ros/galactic/lib/x86_64-linux-gnu:/opt/ros/galactic/lib:/usr/lib/x86_64-linux-gnu/gazebo-11/plugins /usr/bin/cmake --build /home/danial/drone_racing_ros2_ws/src/Aerial-Robotics-Drone-Project/build/tello_gazebo -- -j8 -l8
[0.183s] Invoking command in '/home/danial/drone_racing_ros2_ws/src/Aerial-Robotics-Drone-Project/build/tello_gazebo': CMAKE_PREFIX_PATH=/home/danial/drone_racing_ros2_ws/src/Aerial-Robotics-Drone-Project/install/tello_msgs:/home/danial/drone_racing_ros2_ws/src/Aerial-Robotics-Drone-Project/install/tello_gazebo:/home/danial/drone_racing_ros2_ws/src/Aerial-Robotics-Drone-Project/install/tello_driver:/home/danial/drone_racing_ros2_ws/src/Aerial-Robotics-Drone-Project/install/tello_description:/home/danial/drone_racing_ros2_ws/src/Aerial-Robotics-Drone-Project/install/ros2_shared:/home/danial/drone_racing_ros2_ws/src/Aerial-Robotics-Drone-Project/install/example_cpp_pkg:/home/danial/drone_racing_ros2_ws/install/tello_gazebo:/home/danial/drone_racing_ros2_ws/install/tello_driver:/home/danial/drone_racing_ros2_ws/install/tello_msgs:/home/danial/drone_racing_ros2_ws/install/tello_description:/home/danial/drone_racing_ros2_ws/install/ros2_shared:/home/danial/drone_racing_ros2_ws/install/example_cpp_pkg:/home/danial/drone_racing_ros2_ws/src/Aerial-Robotics-Drone-Project/install/tello_process:/home/danial/drone_racing_ros2_ws/install/drone_project:/home/danial/drone_racing_ros2_ws/src/Aerial-Robotics-Drone-Project/install/drone_project:/opt/ros/galactic LD_LIBRARY_PATH=/home/danial/drone_racing_ros2_ws/src/Aerial-Robotics-Drone-Project/install/tello_msgs/lib:/home/danial/drone_racing_ros2_ws/src/Aerial-Robotics-Drone-Project/install/tello_gazebo/lib:/home/danial/drone_racing_ros2_ws/src/Aerial-Robotics-Drone-Project/install/tello_driver/lib:/home/danial/drone_racing_ros2_ws/install/tello_gazebo/lib:/home/danial/drone_racing_ros2_ws/install/tello_driver/lib:/home/danial/drone_racing_ros2_ws/install/tello_msgs/lib:/usr/lib/x86_64-linux-gnu/gazebo-11/plugins:/opt/ros/galactic/opt/yaml_cpp_vendor/lib:/opt/ros/galactic/opt/rviz_ogre_vendor/lib:/opt/ros/galactic/lib/x86_64-linux-gnu:/opt/ros/galactic/lib:/usr/lib/x86_64-linux-gnu/gazebo-11/plugins /usr/bin/cmake --install /home/danial/drone_racing_ros2_ws/src/Aerial-Robotics-Drone-Project/build/tello_gazebo
[0.190s] -- Install configuration: ""
[0.191s] -- Up-to-date: /home/danial/drone_racing_ros2_ws/src/Aerial-Robotics-Drone-Project/install/tello_gazebo/lib/libTelloPlugin.so
[0.191s] -- Up-to-date: /home/danial/drone_racing_ros2_ws/src/Aerial-Robotics-Drone-Project/install/tello_gazebo/share/tello_gazebo/models
[0.191s] -- Up-to-date: /home/danial/drone_racing_ros2_ws/src/Aerial-Robotics-Drone-Project/install/tello_gazebo/share/tello_gazebo/models/square_gate_green_tall
[0.191s] -- Up-to-date: /home/danial/drone_racing_ros2_ws/src/Aerial-Robotics-Drone-Project/install/tello_gazebo/share/tello_gazebo/models/square_gate_green_tall/square_gate_tall.dae
[0.191s] -- Up-to-date: /home/danial/drone_racing_ros2_ws/src/Aerial-Robotics-Drone-Project/install/tello_gazebo/share/tello_gazebo/models/square_gate_green_tall/model.config
[0.191s] -- Up-to-date: /home/danial/drone_racing_ros2_ws/src/Aerial-Robotics-Drone-Project/install/tello_gazebo/share/tello_gazebo/models/square_gate_green_tall/model.sdf
[0.192s] -- Up-to-date: /home/danial/drone_racing_ros2_ws/src/Aerial-Robotics-Drone-Project/install/tello_gazebo/share/tello_gazebo/models/circle_gate_green_short
[0.192s] -- Up-to-date: /home/danial/drone_racing_ros2_ws/src/Aerial-Robotics-Drone-Project/install/tello_gazebo/share/tello_gazebo/models/circle_gate_green_short/model.config
[0.192s] -- Up-to-date: /home/danial/drone_racing_ros2_ws/src/Aerial-Robotics-Drone-Project/install/tello_gazebo/share/tello_gazebo/models/circle_gate_green_short/model.sdf
[0.192s] -- Up-to-date: /home/danial/drone_racing_ros2_ws/src/Aerial-Robotics-Drone-Project/install/tello_gazebo/share/tello_gazebo/models/circle_gate_green_short/circle_gate_short.dae
[0.192s] -- Up-to-date: /home/danial/drone_racing_ros2_ws/src/Aerial-Robotics-Drone-Project/install/tello_gazebo/share/tello_gazebo/models/square_gate_blue
[0.192s] -- Up-to-date: /home/danial/drone_racing_ros2_ws/src/Aerial-Robotics-Drone-Project/install/tello_gazebo/share/tello_gazebo/models/square_gate_blue/square_gate.dae
[0.192s] -- Up-to-date: /home/danial/drone_racing_ros2_ws/src/Aerial-Robotics-Drone-Project/install/tello_gazebo/share/tello_gazebo/models/square_gate_blue/model.config
[0.192s] -- Up-to-date: /home/danial/drone_racing_ros2_ws/src/Aerial-Robotics-Drone-Project/install/tello_gazebo/share/tello_gazebo/models/square_gate_blue/model.sdf
[0.192s] -- Up-to-date: /home/danial/drone_racing_ros2_ws/src/Aerial-Robotics-Drone-Project/install/tello_gazebo/share/tello_gazebo/models/square_gate_green
[0.192s] -- Up-to-date: /home/danial/drone_racing_ros2_ws/src/Aerial-Robotics-Drone-Project/install/tello_gazebo/share/tello_gazebo/models/square_gate_green/square_gate.dae
[0.192s] -- Up-to-date: /home/danial/drone_racing_ros2_ws/src/Aerial-Robotics-Drone-Project/install/tello_gazebo/share/tello_gazebo/models/square_gate_green/model.config
[0.192s] -- Up-to-date: /home/danial/drone_racing_ros2_ws/src/Aerial-Robotics-Drone-Project/install/tello_gazebo/share/tello_gazebo/models/square_gate_green/model.sdf
[0.192s] -- Up-to-date: /home/danial/drone_racing_ros2_ws/src/Aerial-Robotics-Drone-Project/install/tello_gazebo/share/tello_gazebo/models/circle_gate_red
[0.193s] -- Up-to-date: /home/danial/drone_racing_ros2_ws/src/Aerial-Robotics-Drone-Project/install/tello_gazebo/share/tello_gazebo/models/circle_gate_red/circle_gate.dae
[0.193s] -- Up-to-date: /home/danial/drone_racing_ros2_ws/src/Aerial-Robotics-Drone-Project/install/tello_gazebo/share/tello_gazebo/models/circle_gate_red/model.config
[0.193s] -- Up-to-date: /home/danial/drone_racing_ros2_ws/src/Aerial-Robotics-Drone-Project/install/tello_gazebo/share/tello_gazebo/models/circle_gate_red/model.sdf
[0.193s] -- Up-to-date: /home/danial/drone_racing_ros2_ws/src/Aerial-Robotics-Drone-Project/install/tello_gazebo/share/tello_gazebo/models/stop_sign
[0.193s] -- Up-to-date: /home/danial/drone_racing_ros2_ws/src/Aerial-Robotics-Drone-Project/install/tello_gazebo/share/tello_gazebo/models/stop_sign/materials
[0.193s] -- Up-to-date: /home/danial/drone_racing_ros2_ws/src/Aerial-Robotics-Drone-Project/install/tello_gazebo/share/tello_gazebo/models/stop_sign/materials/scripts
[0.193s] -- Up-to-date: /home/danial/drone_racing_ros2_ws/src/Aerial-Robotics-Drone-Project/install/tello_gazebo/share/tello_gazebo/models/stop_sign/materials/scripts/stopsign.material
[0.193s] -- Up-to-date: /home/danial/drone_racing_ros2_ws/src/Aerial-Robotics-Drone-Project/install/tello_gazebo/share/tello_gazebo/models/stop_sign/materials/textures
[0.194s] -- Up-to-date: /home/danial/drone_racing_ros2_ws/src/Aerial-Robotics-Drone-Project/install/tello_gazebo/share/tello_gazebo/models/stop_sign/materials/textures/StopSign_Diffuse.png
[0.194s] -- Up-to-date: /home/danial/drone_racing_ros2_ws/src/Aerial-Robotics-Drone-Project/install/tello_gazebo/share/tello_gazebo/models/stop_sign/materials/textures/StopSign_Spec.png
[0.194s] -- Up-to-date: /home/danial/drone_racing_ros2_ws/src/Aerial-Robotics-Drone-Project/install/tello_gazebo/share/tello_gazebo/models/stop_sign/meshes
[0.194s] -- Up-to-date: /home/danial/drone_racing_ros2_ws/src/Aerial-Robotics-Drone-Project/install/tello_gazebo/share/tello_gazebo/models/stop_sign/meshes/stop_sign.dae
[0.194s] -- Up-to-date: /home/danial/drone_racing_ros2_ws/src/Aerial-Robotics-Drone-Project/install/tello_gazebo/share/tello_gazebo/models/stop_sign/model.config
[0.194s] -- Up-to-date: /home/danial/drone_racing_ros2_ws/src/Aerial-Robotics-Drone-Project/install/tello_gazebo/share/tello_gazebo/models/stop_sign/model-1_3.sdf
[0.194s] -- Up-to-date: /home/danial/drone_racing_ros2_ws/src/Aerial-Robotics-Drone-Project/install/tello_gazebo/share/tello_gazebo/models/stop_sign/model.sdf
[0.194s] -- Up-to-date: /home/danial/drone_racing_ros2_ws/src/Aerial-Robotics-Drone-Project/install/tello_gazebo/share/tello_gazebo/models/stop_sign/model-1_4.sdf
[0.194s] -- Up-to-date: /home/danial/drone_racing_ros2_ws/src/Aerial-Robotics-Drone-Project/install/tello_gazebo/share/tello_gazebo/models/circle_gate_green_tall
[0.194s] -- Up-to-date: /home/danial/drone_racing_ros2_ws/src/Aerial-Robotics-Drone-Project/install/tello_gazebo/share/tello_gazebo/models/circle_gate_green_tall/circle_gate_tall.dae
[0.195s] -- Up-to-date: /home/danial/drone_racing_ros2_ws/src/Aerial-Robotics-Drone-Project/install/tello_gazebo/share/tello_gazebo/models/circle_gate_green_tall/model.config
[0.195s] -- Up-to-date: /home/danial/drone_racing_ros2_ws/src/Aerial-Robotics-Drone-Project/install/tello_gazebo/share/tello_gazebo/models/circle_gate_green_tall/model.sdf
[0.195s] -- Up-to-date: /home/danial/drone_racing_ros2_ws/src/Aerial-Robotics-Drone-Project/install/tello_gazebo/share/tello_gazebo/models/circle_gate_blue
[0.195s] -- Up-to-date: /home/danial/drone_racing_ros2_ws/src/Aerial-Robotics-Drone-Project/install/tello_gazebo/share/tello_gazebo/models/circle_gate_blue/circle_gate.dae
[0.195s] -- Up-to-date: /home/danial/drone_racing_ros2_ws/src/Aerial-Robotics-Drone-Project/install/tello_gazebo/share/tello_gazebo/models/circle_gate_blue/model.config
[0.195s] -- Up-to-date: /home/danial/drone_racing_ros2_ws/src/Aerial-Robotics-Drone-Project/install/tello_gazebo/share/tello_gazebo/models/circle_gate_blue/model.sdf
[0.195s] -- Up-to-date: /home/danial/drone_racing_ros2_ws/src/Aerial-Robotics-Drone-Project/install/tello_gazebo/share/tello_gazebo/models/circle_gate_green
[0.195s] -- Up-to-date: /home/danial/drone_racing_ros2_ws/src/Aerial-Robotics-Drone-Project/install/tello_gazebo/share/tello_gazebo/models/circle_gate_green/circle_gate.dae
[0.195s] -- Up-to-date: /home/danial/drone_racing_ros2_ws/src/Aerial-Robotics-Drone-Project/install/tello_gazebo/share/tello_gazebo/models/circle_gate_green/model.config
[0.195s] -- Up-to-date: /home/danial/drone_racing_ros2_ws/src/Aerial-Robotics-Drone-Project/install/tello_gazebo/share/tello_gazebo/models/circle_gate_green/model.sdf
[0.195s] -- Up-to-date: /home/danial/drone_racing_ros2_ws/src/Aerial-Robotics-Drone-Project/install/tello_gazebo/share/tello_gazebo/models/square_gate_red
[0.195s] -- Up-to-date: /home/danial/drone_racing_ros2_ws/src/Aerial-Robotics-Drone-Project/install/tello_gazebo/share/tello_gazebo/models/square_gate_red/square_gate.dae
[0.195s] -- Up-to-date: /home/danial/drone_racing_ros2_ws/src/Aerial-Robotics-Drone-Project/install/tello_gazebo/share/tello_gazebo/models/square_gate_red/model.config
[0.195s] -- Up-to-date: /home/danial/drone_racing_ros2_ws/src/Aerial-Robotics-Drone-Project/install/tello_gazebo/share/tello_gazebo/models/square_gate_red/model.sdf
[0.195s] -- Up-to-date: /home/danial/drone_racing_ros2_ws/src/Aerial-Robotics-Drone-Project/install/tello_gazebo/share/tello_gazebo/models/asphalt_plane
[0.196s] -- Up-to-date: /home/danial/drone_racing_ros2_ws/src/Aerial-Robotics-Drone-Project/install/tello_gazebo/share/tello_gazebo/models/asphalt_plane/materials
[0.196s] -- Up-to-date: /home/danial/drone_racing_ros2_ws/src/Aerial-Robotics-Drone-Project/install/tello_gazebo/share/tello_gazebo/models/asphalt_plane/materials/scripts
[0.196s] -- Up-to-date: /home/danial/drone_racing_ros2_ws/src/Aerial-Robotics-Drone-Project/install/tello_gazebo/share/tello_gazebo/models/asphalt_plane/materials/scripts/asphalt.material
[0.196s] -- Up-to-date: /home/danial/drone_racing_ros2_ws/src/Aerial-Robotics-Drone-Project/install/tello_gazebo/share/tello_gazebo/models/asphalt_plane/materials/textures
[0.196s] -- Up-to-date: /home/danial/drone_racing_ros2_ws/src/Aerial-Robotics-Drone-Project/install/tello_gazebo/share/tello_gazebo/models/asphalt_plane/materials/textures/tarmac.png
[0.196s] -- Up-to-date: /home/danial/drone_racing_ros2_ws/src/Aerial-Robotics-Drone-Project/install/tello_gazebo/share/tello_gazebo/models/asphalt_plane/model.config
[0.196s] -- Up-to-date: /home/danial/drone_racing_ros2_ws/src/Aerial-Robotics-Drone-Project/install/tello_gazebo/share/tello_gazebo/models/asphalt_plane/model.sdf
[0.196s] -- Up-to-date: /home/danial/drone_racing_ros2_ws/src/Aerial-Robotics-Drone-Project/install/tello_gazebo/share/tello_gazebo/models/asphalt_plane/model-1_4.sdf
[0.196s] -- Up-to-date: /home/danial/drone_racing_ros2_ws/src/Aerial-Robotics-Drone-Project/install/tello_gazebo/share/tello_gazebo/models/euro_pallet
[0.196s] -- Up-to-date: /home/danial/drone_racing_ros2_ws/src/Aerial-Robotics-Drone-Project/install/tello_gazebo/share/tello_gazebo/models/euro_pallet/meshes
[0.196s] -- Up-to-date: /home/danial/drone_racing_ros2_ws/src/Aerial-Robotics-Drone-Project/install/tello_gazebo/share/tello_gazebo/models/euro_pallet/meshes/pallet.dae
[0.196s] -- Up-to-date: /home/danial/drone_racing_ros2_ws/src/Aerial-Robotics-Drone-Project/install/tello_gazebo/share/tello_gazebo/models/euro_pallet/model.config
[0.196s] -- Up-to-date: /home/danial/drone_racing_ros2_ws/src/Aerial-Robotics-Drone-Project/install/tello_gazebo/share/tello_gazebo/models/euro_pallet/model.sdf
[0.196s] -- Up-to-date: /home/danial/drone_racing_ros2_ws/src/Aerial-Robotics-Drone-Project/install/tello_gazebo/share/tello_gazebo/models/square_gate_green_short
[0.197s] -- Up-to-date: /home/danial/drone_racing_ros2_ws/src/Aerial-Robotics-Drone-Project/install/tello_gazebo/share/tello_gazebo/models/square_gate_green_short/square_gate_short.dae
[0.197s] -- Up-to-date: /home/danial/drone_racing_ros2_ws/src/Aerial-Robotics-Drone-Project/install/tello_gazebo/share/tello_gazebo/models/square_gate_green_short/model.config
[0.197s] -- Up-to-date: /home/danial/drone_racing_ros2_ws/src/Aerial-Robotics-Drone-Project/install/tello_gazebo/share/tello_gazebo/models/square_gate_green_short/model.sdf
[0.197s] -- Up-to-date: /home/danial/drone_racing_ros2_ws/src/Aerial-Robotics-Drone-Project/install/tello_gazebo/share/tello_gazebo/worlds
[0.197s] -- Installing: /home/danial/drone_racing_ros2_ws/src/Aerial-Robotics-Drone-Project/install/tello_gazebo/share/tello_gazebo/worlds/fiducial.world
[0.197s] -- Up-to-date: /home/danial/drone_racing_ros2_ws/src/Aerial-Robotics-Drone-Project/install/tello_gazebo/share/tello_gazebo/worlds/simple.world
[0.197s] -- Up-to-date: /home/danial/drone_racing_ros2_ws/src/Aerial-Robotics-Drone-Project/install/tello_gazebo/share/tello_gazebo/worlds/demo_track.world
[0.197s] -- Up-to-date: /home/danial/drone_racing_ros2_ws/src/Aerial-Robotics-Drone-Project/install/tello_gazebo/share/tello_gazebo/launch
[0.197s] -- Up-to-date: /home/danial/drone_racing_ros2_ws/src/Aerial-Robotics-Drone-Project/install/tello_gazebo/share/tello_gazebo/launch/__pycache__
[0.197s] -- Up-to-date: /home/danial/drone_racing_ros2_ws/src/Aerial-Robotics-Drone-Project/install/tello_gazebo/share/tello_gazebo/launch/__pycache__/vlam_launch.cpython-38.pyc
[0.197s] -- Up-to-date: /home/danial/drone_racing_ros2_ws/src/Aerial-Robotics-Drone-Project/install/tello_gazebo/share/tello_gazebo/launch/simple_launch.py
[0.197s] -- Up-to-date: /home/danial/drone_racing_ros2_ws/src/Aerial-Robotics-Drone-Project/install/tello_gazebo/share/tello_gazebo/launch/demo_track_launch.py
[0.198s] -- Up-to-date: /home/danial/drone_racing_ros2_ws/src/Aerial-Robotics-Drone-Project/install/tello_gazebo/lib/tello_gazebo/inject_entity.py
[0.198s] -- Up-to-date: /home/danial/drone_racing_ros2_ws/src/Aerial-Robotics-Drone-Project/install/tello_gazebo/share/ament_index/resource_index/package_run_dependencies/tello_gazebo
[0.198s] -- Up-to-date: /home/danial/drone_racing_ros2_ws/src/Aerial-Robotics-Drone-Project/install/tello_gazebo/share/ament_index/resource_index/parent_prefix_path/tello_gazebo
[0.198s] -- Up-to-date: /home/danial/drone_racing_ros2_ws/src/Aerial-Robotics-Drone-Project/install/tello_gazebo/share/tello_gazebo/environment/ament_prefix_path.sh
[0.198s] -- Up-to-date: /home/danial/drone_racing_ros2_ws/src/Aerial-Robotics-Drone-Project/install/tello_gazebo/share/tello_gazebo/environment/ament_prefix_path.dsv
[0.198s] -- Up-to-date: /home/danial/drone_racing_ros2_ws/src/Aerial-Robotics-Drone-Project/install/tello_gazebo/share/tello_gazebo/environment/path.sh
[0.198s] -- Up-to-date: /home/danial/drone_racing_ros2_ws/src/Aerial-Robotics-Drone-Project/install/tello_gazebo/share/tello_gazebo/environment/path.dsv
[0.198s] -- Up-to-date: /home/danial/drone_racing_ros2_ws/src/Aerial-Robotics-Drone-Project/install/tello_gazebo/share/tello_gazebo/local_setup.bash
[0.198s] -- Up-to-date: /home/danial/drone_racing_ros2_ws/src/Aerial-Robotics-Drone-Project/install/tello_gazebo/share/tello_gazebo/local_setup.sh
[0.198s] -- Up-to-date: /home/danial/drone_racing_ros2_ws/src/Aerial-Robotics-Drone-Project/install/tello_gazebo/share/tello_gazebo/local_setup.zsh
[0.199s] -- Up-to-date: /home/danial/drone_racing_ros2_ws/src/Aerial-Robotics-Drone-Project/install/tello_gazebo/share/tello_gazebo/local_setup.dsv
[0.199s] -- Installing: /home/danial/drone_racing_ros2_ws/src/Aerial-Robotics-Drone-Project/install/tello_gazebo/share/tello_gazebo/package.dsv
[0.199s] -- Up-to-date: /home/danial/drone_racing_ros2_ws/src/Aerial-Robotics-Drone-Project/install/tello_gazebo/share/ament_index/resource_index/packages/tello_gazebo
[0.199s] -- Up-to-date: /home/danial/drone_racing_ros2_ws/src/Aerial-Robotics-Drone-Project/install/tello_gazebo/share/tello_gazebo/cmake/tello_gazeboConfig.cmake
[0.199s] -- Up-to-date: /home/danial/drone_racing_ros2_ws/src/Aerial-Robotics-Drone-Project/install/tello_gazebo/share/tello_gazebo/cmake/tello_gazeboConfig-version.cmake
[0.199s] -- Up-to-date: /home/danial/drone_racing_ros2_ws/src/Aerial-Robotics-Drone-Project/install/tello_gazebo/share/tello_gazebo/package.xml
[0.200s] Invoked command in '/home/danial/drone_racing_ros2_ws/src/Aerial-Robotics-Drone-Project/build/tello_gazebo' returned '0': CMAKE_PREFIX_PATH=/home/danial/drone_racing_ros2_ws/src/Aerial-Robotics-Drone-Project/install/tello_msgs:/home/danial/drone_racing_ros2_ws/src/Aerial-Robotics-Drone-Project/install/tello_gazebo:/home/danial/drone_racing_ros2_ws/src/Aerial-Robotics-Drone-Project/install/tello_driver:/home/danial/drone_racing_ros2_ws/src/Aerial-Robotics-Drone-Project/install/tello_description:/home/danial/drone_racing_ros2_ws/src/Aerial-Robotics-Drone-Project/install/ros2_shared:/home/danial/drone_racing_ros2_ws/src/Aerial-Robotics-Drone-Project/install/example_cpp_pkg:/home/danial/drone_racing_ros2_ws/install/tello_gazebo:/home/danial/drone_racing_ros2_ws/install/tello_driver:/home/danial/drone_racing_ros2_ws/install/tello_msgs:/home/danial/drone_racing_ros2_ws/install/tello_description:/home/danial/drone_racing_ros2_ws/install/ros2_shared:/home/danial/drone_racing_ros2_ws/install/example_cpp_pkg:/home/danial/drone_racing_ros2_ws/src/Aerial-Robotics-Drone-Project/install/tello_process:/home/danial/drone_racing_ros2_ws/install/drone_project:/home/danial/drone_racing_ros2_ws/src/Aerial-Robotics-Drone-Project/install/drone_project:/opt/ros/galactic LD_LIBRARY_PATH=/home/danial/drone_racing_ros2_ws/src/Aerial-Robotics-Drone-Project/install/tello_msgs/lib:/home/danial/drone_racing_ros2_ws/src/Aerial-Robotics-Drone-Project/install/tello_gazebo/lib:/home/danial/drone_racing_ros2_ws/src/Aerial-Robotics-Drone-Project/install/tello_driver/lib:/home/danial/drone_racing_ros2_ws/install/tello_gazebo/lib:/home/danial/drone_racing_ros2_ws/install/tello_driver/lib:/home/danial/drone_racing_ros2_ws/install/tello_msgs/lib:/usr/lib/x86_64-linux-gnu/gazebo-11/plugins:/opt/ros/galactic/opt/yaml_cpp_vendor/lib:/opt/ros/galactic/opt/rviz_ogre_vendor/lib:/opt/ros/galactic/lib/x86_64-linux-gnu:/opt/ros/galactic/lib:/usr/lib/x86_64-linux-gnu/gazebo-11/plugins /usr/bin/cmake --install /home/danial/drone_racing_ros2_ws/src/Aerial-Robotics-Drone-Project/build/tello_gazebo
