[0.016s] Invoking command in '/home/danial/drone_racing_ros2_ws/src/Aerial-Robotics-Drone-Project/build/tello_gazebo': CMAKE_PREFIX_PATH=/home/danial/drone_racing_ros2_ws/src/Aerial-Robotics-Drone-Project/install/tello_msgs:/home/danial/drone_racing_ros2_ws/src/Aerial-Robotics-Drone-Project/install/tello_gazebo:/home/danial/drone_racing_ros2_ws/src/Aerial-Robotics-Drone-Project/install/tello_driver:/home/danial/drone_racing_ros2_ws/src/Aerial-Robotics-Drone-Project/install/tello_description:/home/danial/drone_racing_ros2_ws/src/Aerial-Robotics-Drone-Project/install/ros2_shared:/home/danial/drone_racing_ros2_ws/src/Aerial-Robotics-Drone-Project/install/example_cpp_pkg:/home/danial/drone_racing_ros2_ws/install/tello_gazebo:/home/danial/drone_racing_ros2_ws/install/tello_driver:/home/danial/drone_racing_ros2_ws/install/tello_msgs:/home/danial/drone_racing_ros2_ws/install/tello_description:/home/danial/drone_racing_ros2_ws/install/ros2_shared:/home/danial/drone_racing_ros2_ws/install/example_cpp_pkg:/home/danial/drone_racing_ros2_ws/src/Aerial-Robotics-Drone-Project/install/tello_process:/home/danial/drone_racing_ros2_ws/install/drone_project:/home/danial/drone_racing_ros2_ws/src/Aerial-Robotics-Drone-Project/install/drone_project:/opt/ros/galactic LD_LIBRARY_PATH=/home/danial/drone_racing_ros2_ws/src/Aerial-Robotics-Drone-Project/install/tello_msgs/lib:/home/danial/drone_racing_ros2_ws/src/Aerial-Robotics-Drone-Project/install/tello_gazebo/lib:/home/danial/drone_racing_ros2_ws/src/Aerial-Robotics-Drone-Project/install/tello_driver/lib:/home/danial/drone_racing_ros2_ws/install/tello_gazebo/lib:/home/danial/drone_racing_ros2_ws/install/tello_driver/lib:/home/danial/drone_racing_ros2_ws/install/tello_msgs/lib:/usr/lib/x86_64-linux-gnu/gazebo-11/plugins:/opt/ros/galactic/opt/yaml_cpp_vendor/lib:/opt/ros/galactic/opt/rviz_ogre_vendor/lib:/opt/ros/galactic/lib/x86_64-linux-gnu:/opt/ros/galactic/lib:/usr/lib/x86_64-linux-gnu/gazebo-11/plugins /usr/bin/cmake --build /home/danial/drone_racing_ros2_ws/src/Aerial-Robotics-Drone-Project/build/tello_gazebo -- -j8 -l8
[0.111s] [100%] Built target TelloPlugin
[0.124s] Invoked command in '/home/danial/drone_racing_ros2_ws/src/Aerial-Robotics-Drone-Project/build/tello_gazebo' returned '0': CMAKE_PREFIX_PATH=/home/danial/drone_racing_ros2_ws/src/Aerial-Robotics-Drone-Project/install/tello_msgs:/home/danial/drone_racing_ros2_ws/src/Aerial-Robotics-Drone-Project/install/tello_gazebo:/home/danial/drone_racing_ros2_ws/src/Aerial-Robotics-Drone-Project/install/tello_driver:/home/danial/drone_racing_ros2_ws/src/Aerial-Robotics-Drone-Project/install/tello_description:/home/danial/drone_racing_ros2_ws/src/Aerial-Robotics-Drone-Project/install/ros2_shared:/home/danial/drone_racing_ros2_ws/src/Aerial-Robotics-Drone-Project/install/example_cpp_pkg:/home/danial/drone_racing_ros2_ws/install/tello_gazebo:/home/danial/drone_racing_ros2_ws/install/tello_driver:/home/danial/drone_racing_ros2_ws/install/tello_msgs:/home/danial/drone_racing_ros2_ws/install/tello_description:/home/danial/drone_racing_ros2_ws/install/ros2_shared:/home/danial/drone_racing_ros2_ws/install/example_cpp_pkg:/home/danial/drone_racing_ros2_ws/src/Aerial-Robotics-Drone-Project/install/tello_process:/home/danial/drone_racing_ros2_ws/install/drone_project:/home/danial/drone_racing_ros2_ws/src/Aerial-Robotics-Drone-Project/install/drone_project:/opt/ros/galactic LD_LIBRARY_PATH=/home/danial/drone_racing_ros2_ws/src/Aerial-Robotics-Drone-Project/install/tello_msgs/lib:/home/danial/drone_racing_ros2_ws/src/Aerial-Robotics-Drone-Project/install/tello_gazebo/lib:/home/danial/drone_racing_ros2_ws/src/Aerial-Robotics-Drone-Project/install/tello_driver/lib:/home/danial/drone_racing_ros2_ws/install/tello_gazebo/lib:/home/danial/drone_racing_ros2_ws/install/tello_driver/lib:/home/danial/drone_racing_ros2_ws/install/tello_msgs/lib:/usr/lib/x86_64-linux-gnu/gazebo-11/plugins:/opt/ros/galactic/opt/yaml_cpp_vendor/lib:/opt/ros/galactic/opt/rviz_ogre_vendor/lib:/opt/ros/galactic/lib/x86_64-linux-gnu:/opt/ros/galactic/lib:/usr/lib/x86_64-linux-gnu/gazebo-11/plugins /usr/bin/cmake --build /home/danial/drone_racing_ros2_ws/src/Aerial-Robotics-Drone-Project/build/tello_gazebo -- -j8 -l8
[0.167s] Invoking command in '/home/danial/drone_racing_ros2_ws/src/Aerial-Robotics-Drone-Project/build/tello_gazebo': CMAKE_PREFIX_PATH=/home/danial/drone_racing_ros2_ws/src/Aerial-Robotics-Drone-Project/install/tello_msgs:/home/danial/drone_racing_ros2_ws/src/Aerial-Robotics-Drone-Project/install/tello_gazebo:/home/danial/drone_racing_ros2_ws/src/Aerial-Robotics-Drone-Project/install/tello_driver:/home/danial/drone_racing_ros2_ws/src/Aerial-Robotics-Drone-Project/install/tello_description:/home/danial/drone_racing_ros2_ws/src/Aerial-Robotics-Drone-Project/install/ros2_shared:/home/danial/drone_racing_ros2_ws/src/Aerial-Robotics-Drone-Project/install/example_cpp_pkg:/home/danial/drone_racing_ros2_ws/install/tello_gazebo:/home/danial/drone_racing_ros2_ws/install/tello_driver:/home/danial/drone_racing_ros2_ws/install/tello_msgs:/home/danial/drone_racing_ros2_ws/install/tello_description:/home/danial/drone_racing_ros2_ws/install/ros2_shared:/home/danial/drone_racing_ros2_ws/install/example_cpp_pkg:/home/danial/drone_racing_ros2_ws/src/Aerial-Robotics-Drone-Project/install/tello_process:/home/danial/drone_racing_ros2_ws/install/drone_project:/home/danial/drone_racing_ros2_ws/src/Aerial-Robotics-Drone-Project/install/drone_project:/opt/ros/galactic LD_LIBRARY_PATH=/home/danial/drone_racing_ros2_ws/src/Aerial-Robotics-Drone-Project/install/tello_msgs/lib:/home/danial/drone_racing_ros2_ws/src/Aerial-Robotics-Drone-Project/install/tello_gazebo/lib:/home/danial/drone_racing_ros2_ws/src/Aerial-Robotics-Drone-Project/install/tello_driver/lib:/home/danial/drone_racing_ros2_ws/install/tello_gazebo/lib:/home/danial/drone_racing_ros2_ws/install/tello_driver/lib:/home/danial/drone_racing_ros2_ws/install/tello_msgs/lib:/usr/lib/x86_64-linux-gnu/gazebo-11/plugins:/opt/ros/galactic/opt/yaml_cpp_vendor/lib:/opt/ros/galactic/opt/rviz_ogre_vendor/lib:/opt/ros/galactic/lib/x86_64-linux-gnu:/opt/ros/galactic/lib:/usr/lib/x86_64-linux-gnu/gazebo-11/plugins /usr/bin/cmake --install /home/danial/drone_racing_ros2_ws/src/Aerial-Robotics-Drone-Project/build/tello_gazebo
[0.176s] -- Install configuration: ""
[0.176s] -- Up-to-date: /home/danial/drone_racing_ros2_ws/src/Aerial-Robotics-Drone-Project/install/tello_gazebo/lib/libTelloPlugin.so
[0.177s] -- Up-to-date: /home/danial/drone_racing_ros2_ws/src/Aerial-Robotics-Drone-Project/install/tello_gazebo/share/tello_gazebo/models
[0.177s] -- Up-to-date: /home/danial/drone_racing_ros2_ws/src/Aerial-Robotics-Drone-Project/install/tello_gazebo/share/tello_gazebo/models/square_gate_green_tall
[0.177s] -- Up-to-date: /home/danial/drone_racing_ros2_ws/src/Aerial-Robotics-Drone-Project/install/tello_gazebo/share/tello_gazebo/models/square_gate_green_tall/square_gate_tall.dae
[0.177s] -- Up-to-date: /home/danial/drone_racing_ros2_ws/src/Aerial-Robotics-Drone-Project/install/tello_gazebo/share/tello_gazebo/models/square_gate_green_tall/model.config
[0.177s] -- Up-to-date: /home/danial/drone_racing_ros2_ws/src/Aerial-Robotics-Drone-Project/install/tello_gazebo/share/tello_gazebo/models/square_gate_green_tall/model.sdf
[0.177s] -- Up-to-date: /home/danial/drone_racing_ros2_ws/src/Aerial-Robotics-Drone-Project/install/tello_gazebo/share/tello_gazebo/models/marker_4
[0.177s] -- Up-to-date: /home/danial/drone_racing_ros2_ws/src/Aerial-Robotics-Drone-Project/install/tello_gazebo/share/tello_gazebo/models/marker_4/materials
[0.177s] -- Up-to-date: /home/danial/drone_racing_ros2_ws/src/Aerial-Robotics-Drone-Project/install/tello_gazebo/share/tello_gazebo/models/marker_4/materials/scripts
[0.177s] -- Up-to-date: /home/danial/drone_racing_ros2_ws/src/Aerial-Robotics-Drone-Project/install/tello_gazebo/share/tello_gazebo/models/marker_4/materials/scripts/marker_4.material
[0.177s] -- Up-to-date: /home/danial/drone_racing_ros2_ws/src/Aerial-Robotics-Drone-Project/install/tello_gazebo/share/tello_gazebo/models/marker_4/materials/textures
[0.177s] -- Up-to-date: /home/danial/drone_racing_ros2_ws/src/Aerial-Robotics-Drone-Project/install/tello_gazebo/share/tello_gazebo/models/marker_4/materials/textures/aruco_mark_4.png
[0.177s] -- Up-to-date: /home/danial/drone_racing_ros2_ws/src/Aerial-Robotics-Drone-Project/install/tello_gazebo/share/tello_gazebo/models/marker_4/materials/textures/aruco_mark_4.svg
[0.178s] -- Up-to-date: /home/danial/drone_racing_ros2_ws/src/Aerial-Robotics-Drone-Project/install/tello_gazebo/share/tello_gazebo/models/marker_4/model.config
[0.178s] -- Up-to-date: /home/danial/drone_racing_ros2_ws/src/Aerial-Robotics-Drone-Project/install/tello_gazebo/share/tello_gazebo/models/marker_4/model.sdf
[0.178s] -- Up-to-date: /home/danial/drone_racing_ros2_ws/src/Aerial-Robotics-Drone-Project/install/tello_gazebo/share/tello_gazebo/models/marker_7
[0.178s] -- Up-to-date: /home/danial/drone_racing_ros2_ws/src/Aerial-Robotics-Drone-Project/install/tello_gazebo/share/tello_gazebo/models/marker_7/materials
[0.178s] -- Up-to-date: /home/danial/drone_racing_ros2_ws/src/Aerial-Robotics-Drone-Project/install/tello_gazebo/share/tello_gazebo/models/marker_7/materials/scripts
[0.178s] -- Up-to-date: /home/danial/drone_racing_ros2_ws/src/Aerial-Robotics-Drone-Project/install/tello_gazebo/share/tello_gazebo/models/marker_7/materials/scripts/marker_7.material
[0.178s] -- Up-to-date: /home/danial/drone_racing_ros2_ws/src/Aerial-Robotics-Drone-Project/install/tello_gazebo/share/tello_gazebo/models/marker_7/materials/textures
[0.178s] -- Up-to-date: /home/danial/drone_racing_ros2_ws/src/Aerial-Robotics-Drone-Project/install/tello_gazebo/share/tello_gazebo/models/marker_7/materials/textures/aruco_mark_7.svg
[0.178s] -- Up-to-date: /home/danial/drone_racing_ros2_ws/src/Aerial-Robotics-Drone-Project/install/tello_gazebo/share/tello_gazebo/models/marker_7/materials/textures/aruco_mark_7.png
[0.178s] -- Up-to-date: /home/danial/drone_racing_ros2_ws/src/Aerial-Robotics-Drone-Project/install/tello_gazebo/share/tello_gazebo/models/marker_7/model.config
[0.178s] -- Up-to-date: /home/danial/drone_racing_ros2_ws/src/Aerial-Robotics-Drone-Project/install/tello_gazebo/share/tello_gazebo/models/marker_7/model.sdf
[0.178s] -- Up-to-date: /home/danial/drone_racing_ros2_ws/src/Aerial-Robotics-Drone-Project/install/tello_gazebo/share/tello_gazebo/models/circle_gate_green_short
[0.179s] -- Up-to-date: /home/danial/drone_racing_ros2_ws/src/Aerial-Robotics-Drone-Project/install/tello_gazebo/share/tello_gazebo/models/circle_gate_green_short/model.config
[0.179s] -- Up-to-date: /home/danial/drone_racing_ros2_ws/src/Aerial-Robotics-Drone-Project/install/tello_gazebo/share/tello_gazebo/models/circle_gate_green_short/model.sdf
[0.179s] -- Up-to-date: /home/danial/drone_racing_ros2_ws/src/Aerial-Robotics-Drone-Project/install/tello_gazebo/share/tello_gazebo/models/circle_gate_green_short/circle_gate_short.dae
[0.179s] -- Up-to-date: /home/danial/drone_racing_ros2_ws/src/Aerial-Robotics-Drone-Project/install/tello_gazebo/share/tello_gazebo/models/square_gate_blue
[0.179s] -- Up-to-date: /home/danial/drone_racing_ros2_ws/src/Aerial-Robotics-Drone-Project/install/tello_gazebo/share/tello_gazebo/models/square_gate_blue/square_gate.dae
[0.179s] -- Up-to-date: /home/danial/drone_racing_ros2_ws/src/Aerial-Robotics-Drone-Project/install/tello_gazebo/share/tello_gazebo/models/square_gate_blue/model.config
[0.179s] -- Up-to-date: /home/danial/drone_racing_ros2_ws/src/Aerial-Robotics-Drone-Project/install/tello_gazebo/share/tello_gazebo/models/square_gate_blue/model.sdf
[0.179s] -- Up-to-date: /home/danial/drone_racing_ros2_ws/src/Aerial-Robotics-Drone-Project/install/tello_gazebo/share/tello_gazebo/models/square_gate_green
[0.179s] -- Up-to-date: /home/danial/drone_racing_ros2_ws/src/Aerial-Robotics-Drone-Project/install/tello_gazebo/share/tello_gazebo/models/square_gate_green/square_gate.dae
[0.179s] -- Up-to-date: /home/danial/drone_racing_ros2_ws/src/Aerial-Robotics-Drone-Project/install/tello_gazebo/share/tello_gazebo/models/square_gate_green/model.config
[0.179s] -- Up-to-date: /home/danial/drone_racing_ros2_ws/src/Aerial-Robotics-Drone-Project/install/tello_gazebo/share/tello_gazebo/models/square_gate_green/model.sdf
[0.179s] -- Up-to-date: /home/danial/drone_racing_ros2_ws/src/Aerial-Robotics-Drone-Project/install/tello_gazebo/share/tello_gazebo/models/marker_1
[0.179s] -- Up-to-date: /home/danial/drone_racing_ros2_ws/src/Aerial-Robotics-Drone-Project/install/tello_gazebo/share/tello_gazebo/models/marker_1/materials
[0.180s] -- Up-to-date: /home/danial/drone_racing_ros2_ws/src/Aerial-Robotics-Drone-Project/install/tello_gazebo/share/tello_gazebo/models/marker_1/materials/scripts
[0.180s] -- Up-to-date: /home/danial/drone_racing_ros2_ws/src/Aerial-Robotics-Drone-Project/install/tello_gazebo/share/tello_gazebo/models/marker_1/materials/scripts/marker_1.material
[0.180s] -- Up-to-date: /home/danial/drone_racing_ros2_ws/src/Aerial-Robotics-Drone-Project/install/tello_gazebo/share/tello_gazebo/models/marker_1/materials/textures
[0.180s] -- Up-to-date: /home/danial/drone_racing_ros2_ws/src/Aerial-Robotics-Drone-Project/install/tello_gazebo/share/tello_gazebo/models/marker_1/materials/textures/aruco_mark_1.svg
[0.180s] -- Up-to-date: /home/danial/drone_racing_ros2_ws/src/Aerial-Robotics-Drone-Project/install/tello_gazebo/share/tello_gazebo/models/marker_1/materials/textures/aruco_mark_1.png
[0.180s] -- Up-to-date: /home/danial/drone_racing_ros2_ws/src/Aerial-Robotics-Drone-Project/install/tello_gazebo/share/tello_gazebo/models/marker_1/model.config
[0.180s] -- Up-to-date: /home/danial/drone_racing_ros2_ws/src/Aerial-Robotics-Drone-Project/install/tello_gazebo/share/tello_gazebo/models/marker_1/model.sdf
[0.180s] -- Up-to-date: /home/danial/drone_racing_ros2_ws/src/Aerial-Robotics-Drone-Project/install/tello_gazebo/share/tello_gazebo/models/circle_gate_red
[0.180s] -- Up-to-date: /home/danial/drone_racing_ros2_ws/src/Aerial-Robotics-Drone-Project/install/tello_gazebo/share/tello_gazebo/models/circle_gate_red/circle_gate.dae
[0.180s] -- Up-to-date: /home/danial/drone_racing_ros2_ws/src/Aerial-Robotics-Drone-Project/install/tello_gazebo/share/tello_gazebo/models/circle_gate_red/model.config
[0.180s] -- Up-to-date: /home/danial/drone_racing_ros2_ws/src/Aerial-Robotics-Drone-Project/install/tello_gazebo/share/tello_gazebo/models/circle_gate_red/model.sdf
[0.180s] -- Up-to-date: /home/danial/drone_racing_ros2_ws/src/Aerial-Robotics-Drone-Project/install/tello_gazebo/share/tello_gazebo/models/marker_3
[0.180s] -- Up-to-date: /home/danial/drone_racing_ros2_ws/src/Aerial-Robotics-Drone-Project/install/tello_gazebo/share/tello_gazebo/models/marker_3/materials
[0.181s] -- Up-to-date: /home/danial/drone_racing_ros2_ws/src/Aerial-Robotics-Drone-Project/install/tello_gazebo/share/tello_gazebo/models/marker_3/materials/scripts
[0.181s] -- Up-to-date: /home/danial/drone_racing_ros2_ws/src/Aerial-Robotics-Drone-Project/install/tello_gazebo/share/tello_gazebo/models/marker_3/materials/scripts/marker_3.material
[0.181s] -- Up-to-date: /home/danial/drone_racing_ros2_ws/src/Aerial-Robotics-Drone-Project/install/tello_gazebo/share/tello_gazebo/models/marker_3/materials/textures
[0.181s] -- Up-to-date: /home/danial/drone_racing_ros2_ws/src/Aerial-Robotics-Drone-Project/install/tello_gazebo/share/tello_gazebo/models/marker_3/materials/textures/aruco_mark_3.png
[0.181s] -- Up-to-date: /home/danial/drone_racing_ros2_ws/src/Aerial-Robotics-Drone-Project/install/tello_gazebo/share/tello_gazebo/models/marker_3/materials/textures/aruco_mark_3.svg
[0.181s] -- Up-to-date: /home/danial/drone_racing_ros2_ws/src/Aerial-Robotics-Drone-Project/install/tello_gazebo/share/tello_gazebo/models/marker_3/model.config
[0.181s] -- Up-to-date: /home/danial/drone_racing_ros2_ws/src/Aerial-Robotics-Drone-Project/install/tello_gazebo/share/tello_gazebo/models/marker_3/model.sdf
[0.181s] -- Up-to-date: /home/danial/drone_racing_ros2_ws/src/Aerial-Robotics-Drone-Project/install/tello_gazebo/share/tello_gazebo/models/stop_sign
[0.181s] -- Up-to-date: /home/danial/drone_racing_ros2_ws/src/Aerial-Robotics-Drone-Project/install/tello_gazebo/share/tello_gazebo/models/stop_sign/materials
[0.181s] -- Up-to-date: /home/danial/drone_racing_ros2_ws/src/Aerial-Robotics-Drone-Project/install/tello_gazebo/share/tello_gazebo/models/stop_sign/materials/scripts
[0.181s] -- Up-to-date: /home/danial/drone_racing_ros2_ws/src/Aerial-Robotics-Drone-Project/install/tello_gazebo/share/tello_gazebo/models/stop_sign/materials/scripts/stopsign.material
[0.181s] -- Up-to-date: /home/danial/drone_racing_ros2_ws/src/Aerial-Robotics-Drone-Project/install/tello_gazebo/share/tello_gazebo/models/stop_sign/materials/textures
[0.181s] -- Up-to-date: /home/danial/drone_racing_ros2_ws/src/Aerial-Robotics-Drone-Project/install/tello_gazebo/share/tello_gazebo/models/stop_sign/materials/textures/StopSign_Diffuse.png
[0.181s] -- Up-to-date: /home/danial/drone_racing_ros2_ws/src/Aerial-Robotics-Drone-Project/install/tello_gazebo/share/tello_gazebo/models/stop_sign/materials/textures/StopSign_Spec.png
[0.181s] -- Up-to-date: /home/danial/drone_racing_ros2_ws/src/Aerial-Robotics-Drone-Project/install/tello_gazebo/share/tello_gazebo/models/stop_sign/meshes
[0.181s] -- Up-to-date: /home/danial/drone_racing_ros2_ws/src/Aerial-Robotics-Drone-Project/install/tello_gazebo/share/tello_gazebo/models/stop_sign/meshes/stop_sign.dae
[0.181s] -- Up-to-date: /home/danial/drone_racing_ros2_ws/src/Aerial-Robotics-Drone-Project/install/tello_gazebo/share/tello_gazebo/models/stop_sign/model.config
[0.181s] -- Up-to-date: /home/danial/drone_racing_ros2_ws/src/Aerial-Robotics-Drone-Project/install/tello_gazebo/share/tello_gazebo/models/stop_sign/model-1_3.sdf
[0.182s] -- Up-to-date: /home/danial/drone_racing_ros2_ws/src/Aerial-Robotics-Drone-Project/install/tello_gazebo/share/tello_gazebo/models/stop_sign/model.sdf
[0.182s] -- Up-to-date: /home/danial/drone_racing_ros2_ws/src/Aerial-Robotics-Drone-Project/install/tello_gazebo/share/tello_gazebo/models/stop_sign/model-1_4.sdf
[0.182s] -- Up-to-date: /home/danial/drone_racing_ros2_ws/src/Aerial-Robotics-Drone-Project/install/tello_gazebo/share/tello_gazebo/models/marker_6
[0.182s] -- Up-to-date: /home/danial/drone_racing_ros2_ws/src/Aerial-Robotics-Drone-Project/install/tello_gazebo/share/tello_gazebo/models/marker_6/materials
[0.182s] -- Up-to-date: /home/danial/drone_racing_ros2_ws/src/Aerial-Robotics-Drone-Project/install/tello_gazebo/share/tello_gazebo/models/marker_6/materials/scripts
[0.182s] -- Up-to-date: /home/danial/drone_racing_ros2_ws/src/Aerial-Robotics-Drone-Project/install/tello_gazebo/share/tello_gazebo/models/marker_6/materials/scripts/marker_6.material
[0.182s] -- Up-to-date: /home/danial/drone_racing_ros2_ws/src/Aerial-Robotics-Drone-Project/install/tello_gazebo/share/tello_gazebo/models/marker_6/materials/textures
[0.182s] -- Up-to-date: /home/danial/drone_racing_ros2_ws/src/Aerial-Robotics-Drone-Project/install/tello_gazebo/share/tello_gazebo/models/marker_6/materials/textures/aruco_mark_6.svg
[0.182s] -- Up-to-date: /home/danial/drone_racing_ros2_ws/src/Aerial-Robotics-Drone-Project/install/tello_gazebo/share/tello_gazebo/models/marker_6/materials/textures/aruco_mark_6.png
[0.182s] -- Up-to-date: /home/danial/drone_racing_ros2_ws/src/Aerial-Robotics-Drone-Project/install/tello_gazebo/share/tello_gazebo/models/marker_6/model.config
[0.182s] -- Up-to-date: /home/danial/drone_racing_ros2_ws/src/Aerial-Robotics-Drone-Project/install/tello_gazebo/share/tello_gazebo/models/marker_6/model.sdf
[0.182s] -- Up-to-date: /home/danial/drone_racing_ros2_ws/src/Aerial-Robotics-Drone-Project/install/tello_gazebo/share/tello_gazebo/models/circle_gate_green_tall
[0.182s] -- Up-to-date: /home/danial/drone_racing_ros2_ws/src/Aerial-Robotics-Drone-Project/install/tello_gazebo/share/tello_gazebo/models/circle_gate_green_tall/circle_gate_tall.dae
[0.182s] -- Up-to-date: /home/danial/drone_racing_ros2_ws/src/Aerial-Robotics-Drone-Project/install/tello_gazebo/share/tello_gazebo/models/circle_gate_green_tall/model.config
[0.182s] -- Up-to-date: /home/danial/drone_racing_ros2_ws/src/Aerial-Robotics-Drone-Project/install/tello_gazebo/share/tello_gazebo/models/circle_gate_green_tall/model.sdf
[0.182s] -- Up-to-date: /home/danial/drone_racing_ros2_ws/src/Aerial-Robotics-Drone-Project/install/tello_gazebo/share/tello_gazebo/models/marker_2
[0.183s] -- Up-to-date: /home/danial/drone_racing_ros2_ws/src/Aerial-Robotics-Drone-Project/install/tello_gazebo/share/tello_gazebo/models/marker_2/materials
[0.183s] -- Up-to-date: /home/danial/drone_racing_ros2_ws/src/Aerial-Robotics-Drone-Project/install/tello_gazebo/share/tello_gazebo/models/marker_2/materials/scripts
[0.183s] -- Up-to-date: /home/danial/drone_racing_ros2_ws/src/Aerial-Robotics-Drone-Project/install/tello_gazebo/share/tello_gazebo/models/marker_2/materials/scripts/marker_2.material
[0.183s] -- Up-to-date: /home/danial/drone_racing_ros2_ws/src/Aerial-Robotics-Drone-Project/install/tello_gazebo/share/tello_gazebo/models/marker_2/materials/textures
[0.183s] -- Up-to-date: /home/danial/drone_racing_ros2_ws/src/Aerial-Robotics-Drone-Project/install/tello_gazebo/share/tello_gazebo/models/marker_2/materials/textures/aruco_mark_2.svg
[0.183s] -- Up-to-date: /home/danial/drone_racing_ros2_ws/src/Aerial-Robotics-Drone-Project/install/tello_gazebo/share/tello_gazebo/models/marker_2/materials/textures/aruco_mark_2.png
[0.183s] -- Up-to-date: /home/danial/drone_racing_ros2_ws/src/Aerial-Robotics-Drone-Project/install/tello_gazebo/share/tello_gazebo/models/marker_2/model.config
[0.183s] -- Up-to-date: /home/danial/drone_racing_ros2_ws/src/Aerial-Robotics-Drone-Project/install/tello_gazebo/share/tello_gazebo/models/marker_2/model.sdf
[0.183s] -- Up-to-date: /home/danial/drone_racing_ros2_ws/src/Aerial-Robotics-Drone-Project/install/tello_gazebo/share/tello_gazebo/models/circle_gate_blue
[0.183s] -- Up-to-date: /home/danial/drone_racing_ros2_ws/src/Aerial-Robotics-Drone-Project/install/tello_gazebo/share/tello_gazebo/models/circle_gate_blue/circle_gate.dae
[0.183s] -- Up-to-date: /home/danial/drone_racing_ros2_ws/src/Aerial-Robotics-Drone-Project/install/tello_gazebo/share/tello_gazebo/models/circle_gate_blue/model.config
[0.184s] -- Up-to-date: /home/danial/drone_racing_ros2_ws/src/Aerial-Robotics-Drone-Project/install/tello_gazebo/share/tello_gazebo/models/circle_gate_blue/model.sdf
[0.184s] -- Up-to-date: /home/danial/drone_racing_ros2_ws/src/Aerial-Robotics-Drone-Project/install/tello_gazebo/share/tello_gazebo/models/marker_0
[0.184s] -- Up-to-date: /home/danial/drone_racing_ros2_ws/src/Aerial-Robotics-Drone-Project/install/tello_gazebo/share/tello_gazebo/models/marker_0/materials
[0.184s] -- Up-to-date: /home/danial/drone_racing_ros2_ws/src/Aerial-Robotics-Drone-Project/install/tello_gazebo/share/tello_gazebo/models/marker_0/materials/scripts
[0.184s] -- Up-to-date: /home/danial/drone_racing_ros2_ws/src/Aerial-Robotics-Drone-Project/install/tello_gazebo/share/tello_gazebo/models/marker_0/materials/scripts/marker_0.material
[0.184s] -- Up-to-date: /home/danial/drone_racing_ros2_ws/src/Aerial-Robotics-Drone-Project/install/tello_gazebo/share/tello_gazebo/models/marker_0/materials/textures
[0.184s] -- Up-to-date: /home/danial/drone_racing_ros2_ws/src/Aerial-Robotics-Drone-Project/install/tello_gazebo/share/tello_gazebo/models/marker_0/materials/textures/aruco_mark_0.svg
[0.184s] -- Up-to-date: /home/danial/drone_racing_ros2_ws/src/Aerial-Robotics-Drone-Project/install/tello_gazebo/share/tello_gazebo/models/marker_0/materials/textures/aruco_mark_0.png
[0.185s] -- Up-to-date: /home/danial/drone_racing_ros2_ws/src/Aerial-Robotics-Drone-Project/install/tello_gazebo/share/tello_gazebo/models/marker_0/model.config
[0.185s] -- Up-to-date: /home/danial/drone_racing_ros2_ws/src/Aerial-Robotics-Drone-Project/install/tello_gazebo/share/tello_gazebo/models/marker_0/model.sdf
[0.185s] -- Up-to-date: /home/danial/drone_racing_ros2_ws/src/Aerial-Robotics-Drone-Project/install/tello_gazebo/share/tello_gazebo/models/circle_gate_green
[0.185s] -- Up-to-date: /home/danial/drone_racing_ros2_ws/src/Aerial-Robotics-Drone-Project/install/tello_gazebo/share/tello_gazebo/models/circle_gate_green/circle_gate.dae
[0.185s] -- Up-to-date: /home/danial/drone_racing_ros2_ws/src/Aerial-Robotics-Drone-Project/install/tello_gazebo/share/tello_gazebo/models/circle_gate_green/model.config
[0.185s] -- Up-to-date: /home/danial/drone_racing_ros2_ws/src/Aerial-Robotics-Drone-Project/install/tello_gazebo/share/tello_gazebo/models/circle_gate_green/model.sdf
[0.185s] -- Up-to-date: /home/danial/drone_racing_ros2_ws/src/Aerial-Robotics-Drone-Project/install/tello_gazebo/share/tello_gazebo/models/marker_5
[0.185s] -- Up-to-date: /home/danial/drone_racing_ros2_ws/src/Aerial-Robotics-Drone-Project/install/tello_gazebo/share/tello_gazebo/models/marker_5/materials
[0.185s] -- Up-to-date: /home/danial/drone_racing_ros2_ws/src/Aerial-Robotics-Drone-Project/install/tello_gazebo/share/tello_gazebo/models/marker_5/materials/scripts
[0.185s] -- Up-to-date: /home/danial/drone_racing_ros2_ws/src/Aerial-Robotics-Drone-Project/install/tello_gazebo/share/tello_gazebo/models/marker_5/materials/scripts/marker_5.material
[0.185s] -- Up-to-date: /home/danial/drone_racing_ros2_ws/src/Aerial-Robotics-Drone-Project/install/tello_gazebo/share/tello_gazebo/models/marker_5/materials/textures
[0.185s] -- Up-to-date: /home/danial/drone_racing_ros2_ws/src/Aerial-Robotics-Drone-Project/install/tello_gazebo/share/tello_gazebo/models/marker_5/materials/textures/aruco_mark_5.png
[0.185s] -- Up-to-date: /home/danial/drone_racing_ros2_ws/src/Aerial-Robotics-Drone-Project/install/tello_gazebo/share/tello_gazebo/models/marker_5/materials/textures/aruco_mark_5.svg
[0.185s] -- Up-to-date: /home/danial/drone_racing_ros2_ws/src/Aerial-Robotics-Drone-Project/install/tello_gazebo/share/tello_gazebo/models/marker_5/model.config
[0.185s] -- Up-to-date: /home/danial/drone_racing_ros2_ws/src/Aerial-Robotics-Drone-Project/install/tello_gazebo/share/tello_gazebo/models/marker_5/model.sdf
[0.185s] -- Up-to-date: /home/danial/drone_racing_ros2_ws/src/Aerial-Robotics-Drone-Project/install/tello_gazebo/share/tello_gazebo/models/square_gate_red
[0.185s] -- Up-to-date: /home/danial/drone_racing_ros2_ws/src/Aerial-Robotics-Drone-Project/install/tello_gazebo/share/tello_gazebo/models/square_gate_red/square_gate.dae
[0.185s] -- Up-to-date: /home/danial/drone_racing_ros2_ws/src/Aerial-Robotics-Drone-Project/install/tello_gazebo/share/tello_gazebo/models/square_gate_red/model.config
[0.185s] -- Up-to-date: /home/danial/drone_racing_ros2_ws/src/Aerial-Robotics-Drone-Project/install/tello_gazebo/share/tello_gazebo/models/square_gate_red/model.sdf
[0.186s] -- Up-to-date: /home/danial/drone_racing_ros2_ws/src/Aerial-Robotics-Drone-Project/install/tello_gazebo/share/tello_gazebo/models/asphalt_plane
[0.186s] -- Up-to-date: /home/danial/drone_racing_ros2_ws/src/Aerial-Robotics-Drone-Project/install/tello_gazebo/share/tello_gazebo/models/asphalt_plane/materials
[0.186s] -- Up-to-date: /home/danial/drone_racing_ros2_ws/src/Aerial-Robotics-Drone-Project/install/tello_gazebo/share/tello_gazebo/models/asphalt_plane/materials/scripts
[0.186s] -- Up-to-date: /home/danial/drone_racing_ros2_ws/src/Aerial-Robotics-Drone-Project/install/tello_gazebo/share/tello_gazebo/models/asphalt_plane/materials/scripts/asphalt.material
[0.186s] -- Up-to-date: /home/danial/drone_racing_ros2_ws/src/Aerial-Robotics-Drone-Project/install/tello_gazebo/share/tello_gazebo/models/asphalt_plane/materials/textures
[0.186s] -- Up-to-date: /home/danial/drone_racing_ros2_ws/src/Aerial-Robotics-Drone-Project/install/tello_gazebo/share/tello_gazebo/models/asphalt_plane/materials/textures/tarmac.png
[0.186s] -- Up-to-date: /home/danial/drone_racing_ros2_ws/src/Aerial-Robotics-Drone-Project/install/tello_gazebo/share/tello_gazebo/models/asphalt_plane/model.config
[0.186s] -- Up-to-date: /home/danial/drone_racing_ros2_ws/src/Aerial-Robotics-Drone-Project/install/tello_gazebo/share/tello_gazebo/models/asphalt_plane/model.sdf
[0.186s] -- Up-to-date: /home/danial/drone_racing_ros2_ws/src/Aerial-Robotics-Drone-Project/install/tello_gazebo/share/tello_gazebo/models/asphalt_plane/model-1_4.sdf
[0.186s] -- Up-to-date: /home/danial/drone_racing_ros2_ws/src/Aerial-Robotics-Drone-Project/install/tello_gazebo/share/tello_gazebo/models/euro_pallet
[0.186s] -- Up-to-date: /home/danial/drone_racing_ros2_ws/src/Aerial-Robotics-Drone-Project/install/tello_gazebo/share/tello_gazebo/models/euro_pallet/meshes
[0.186s] -- Up-to-date: /home/danial/drone_racing_ros2_ws/src/Aerial-Robotics-Drone-Project/install/tello_gazebo/share/tello_gazebo/models/euro_pallet/meshes/pallet.dae
[0.186s] -- Up-to-date: /home/danial/drone_racing_ros2_ws/src/Aerial-Robotics-Drone-Project/install/tello_gazebo/share/tello_gazebo/models/euro_pallet/model.config
[0.186s] -- Up-to-date: /home/danial/drone_racing_ros2_ws/src/Aerial-Robotics-Drone-Project/install/tello_gazebo/share/tello_gazebo/models/euro_pallet/model.sdf
[0.186s] -- Up-to-date: /home/danial/drone_racing_ros2_ws/src/Aerial-Robotics-Drone-Project/install/tello_gazebo/share/tello_gazebo/models/square_gate_green_short
[0.186s] -- Up-to-date: /home/danial/drone_racing_ros2_ws/src/Aerial-Robotics-Drone-Project/install/tello_gazebo/share/tello_gazebo/models/square_gate_green_short/square_gate_short.dae
[0.186s] -- Up-to-date: /home/danial/drone_racing_ros2_ws/src/Aerial-Robotics-Drone-Project/install/tello_gazebo/share/tello_gazebo/models/square_gate_green_short/model.config
[0.186s] -- Up-to-date: /home/danial/drone_racing_ros2_ws/src/Aerial-Robotics-Drone-Project/install/tello_gazebo/share/tello_gazebo/models/square_gate_green_short/model.sdf
[0.186s] -- Up-to-date: /home/danial/drone_racing_ros2_ws/src/Aerial-Robotics-Drone-Project/install/tello_gazebo/share/tello_gazebo/worlds
[0.187s] -- Up-to-date: /home/danial/drone_racing_ros2_ws/src/Aerial-Robotics-Drone-Project/install/tello_gazebo/share/tello_gazebo/worlds/fiducial.world
[0.187s] -- Up-to-date: /home/danial/drone_racing_ros2_ws/src/Aerial-Robotics-Drone-Project/install/tello_gazebo/share/tello_gazebo/worlds/simple.world
[0.187s] -- Up-to-date: /home/danial/drone_racing_ros2_ws/src/Aerial-Robotics-Drone-Project/install/tello_gazebo/share/tello_gazebo/worlds/demo_track.world
[0.187s] -- Up-to-date: /home/danial/drone_racing_ros2_ws/src/Aerial-Robotics-Drone-Project/install/tello_gazebo/share/tello_gazebo/launch
[0.187s] -- Up-to-date: /home/danial/drone_racing_ros2_ws/src/Aerial-Robotics-Drone-Project/install/tello_gazebo/share/tello_gazebo/launch/__pycache__
[0.187s] -- Up-to-date: /home/danial/drone_racing_ros2_ws/src/Aerial-Robotics-Drone-Project/install/tello_gazebo/share/tello_gazebo/launch/__pycache__/vlam_launch.cpython-38.pyc
[0.187s] -- Up-to-date: /home/danial/drone_racing_ros2_ws/src/Aerial-Robotics-Drone-Project/install/tello_gazebo/share/tello_gazebo/launch/simple_launch.py
[0.187s] -- Up-to-date: /home/danial/drone_racing_ros2_ws/src/Aerial-Robotics-Drone-Project/install/tello_gazebo/share/tello_gazebo/launch/demo_track_launch.py
[0.187s] -- Up-to-date: /home/danial/drone_racing_ros2_ws/src/Aerial-Robotics-Drone-Project/install/tello_gazebo/lib/tello_gazebo/inject_entity.py
[0.187s] -- Up-to-date: /home/danial/drone_racing_ros2_ws/src/Aerial-Robotics-Drone-Project/install/tello_gazebo/share/ament_index/resource_index/package_run_dependencies/tello_gazebo
[0.187s] -- Up-to-date: /home/danial/drone_racing_ros2_ws/src/Aerial-Robotics-Drone-Project/install/tello_gazebo/share/ament_index/resource_index/parent_prefix_path/tello_gazebo
[0.187s] -- Up-to-date: /home/danial/drone_racing_ros2_ws/src/Aerial-Robotics-Drone-Project/install/tello_gazebo/share/tello_gazebo/environment/ament_prefix_path.sh
[0.187s] -- Up-to-date: /home/danial/drone_racing_ros2_ws/src/Aerial-Robotics-Drone-Project/install/tello_gazebo/share/tello_gazebo/environment/ament_prefix_path.dsv
[0.187s] -- Up-to-date: /home/danial/drone_racing_ros2_ws/src/Aerial-Robotics-Drone-Project/install/tello_gazebo/share/tello_gazebo/environment/path.sh
[0.187s] -- Up-to-date: /home/danial/drone_racing_ros2_ws/src/Aerial-Robotics-Drone-Project/install/tello_gazebo/share/tello_gazebo/environment/path.dsv
[0.187s] -- Up-to-date: /home/danial/drone_racing_ros2_ws/src/Aerial-Robotics-Drone-Project/install/tello_gazebo/share/tello_gazebo/local_setup.bash
[0.187s] -- Up-to-date: /home/danial/drone_racing_ros2_ws/src/Aerial-Robotics-Drone-Project/install/tello_gazebo/share/tello_gazebo/local_setup.sh
[0.188s] -- Up-to-date: /home/danial/drone_racing_ros2_ws/src/Aerial-Robotics-Drone-Project/install/tello_gazebo/share/tello_gazebo/local_setup.zsh
[0.188s] -- Up-to-date: /home/danial/drone_racing_ros2_ws/src/Aerial-Robotics-Drone-Project/install/tello_gazebo/share/tello_gazebo/local_setup.dsv
[0.188s] -- Installing: /home/danial/drone_racing_ros2_ws/src/Aerial-Robotics-Drone-Project/install/tello_gazebo/share/tello_gazebo/package.dsv
[0.188s] -- Up-to-date: /home/danial/drone_racing_ros2_ws/src/Aerial-Robotics-Drone-Project/install/tello_gazebo/share/ament_index/resource_index/packages/tello_gazebo
[0.188s] -- Up-to-date: /home/danial/drone_racing_ros2_ws/src/Aerial-Robotics-Drone-Project/install/tello_gazebo/share/tello_gazebo/cmake/tello_gazeboConfig.cmake
[0.188s] -- Up-to-date: /home/danial/drone_racing_ros2_ws/src/Aerial-Robotics-Drone-Project/install/tello_gazebo/share/tello_gazebo/cmake/tello_gazeboConfig-version.cmake
[0.188s] -- Up-to-date: /home/danial/drone_racing_ros2_ws/src/Aerial-Robotics-Drone-Project/install/tello_gazebo/share/tello_gazebo/package.xml
[0.188s] Invoked command in '/home/danial/drone_racing_ros2_ws/src/Aerial-Robotics-Drone-Project/build/tello_gazebo' returned '0': CMAKE_PREFIX_PATH=/home/danial/drone_racing_ros2_ws/src/Aerial-Robotics-Drone-Project/install/tello_msgs:/home/danial/drone_racing_ros2_ws/src/Aerial-Robotics-Drone-Project/install/tello_gazebo:/home/danial/drone_racing_ros2_ws/src/Aerial-Robotics-Drone-Project/install/tello_driver:/home/danial/drone_racing_ros2_ws/src/Aerial-Robotics-Drone-Project/install/tello_description:/home/danial/drone_racing_ros2_ws/src/Aerial-Robotics-Drone-Project/install/ros2_shared:/home/danial/drone_racing_ros2_ws/src/Aerial-Robotics-Drone-Project/install/example_cpp_pkg:/home/danial/drone_racing_ros2_ws/install/tello_gazebo:/home/danial/drone_racing_ros2_ws/install/tello_driver:/home/danial/drone_racing_ros2_ws/install/tello_msgs:/home/danial/drone_racing_ros2_ws/install/tello_description:/home/danial/drone_racing_ros2_ws/install/ros2_shared:/home/danial/drone_racing_ros2_ws/install/example_cpp_pkg:/home/danial/drone_racing_ros2_ws/src/Aerial-Robotics-Drone-Project/install/tello_process:/home/danial/drone_racing_ros2_ws/install/drone_project:/home/danial/drone_racing_ros2_ws/src/Aerial-Robotics-Drone-Project/install/drone_project:/opt/ros/galactic LD_LIBRARY_PATH=/home/danial/drone_racing_ros2_ws/src/Aerial-Robotics-Drone-Project/install/tello_msgs/lib:/home/danial/drone_racing_ros2_ws/src/Aerial-Robotics-Drone-Project/install/tello_gazebo/lib:/home/danial/drone_racing_ros2_ws/src/Aerial-Robotics-Drone-Project/install/tello_driver/lib:/home/danial/drone_racing_ros2_ws/install/tello_gazebo/lib:/home/danial/drone_racing_ros2_ws/install/tello_driver/lib:/home/danial/drone_racing_ros2_ws/install/tello_msgs/lib:/usr/lib/x86_64-linux-gnu/gazebo-11/plugins:/opt/ros/galactic/opt/yaml_cpp_vendor/lib:/opt/ros/galactic/opt/rviz_ogre_vendor/lib:/opt/ros/galactic/lib/x86_64-linux-gnu:/opt/ros/galactic/lib:/usr/lib/x86_64-linux-gnu/gazebo-11/plugins /usr/bin/cmake --install /home/danial/drone_racing_ros2_ws/src/Aerial-Robotics-Drone-Project/build/tello_gazebo
