running egg_info
writing ../../build/tello_process/tello_process.egg-info/PKG-INFO
writing dependency_links to ../../build/tello_process/tello_process.egg-info/dependency_links.txt
writing entry points to ../../build/tello_process/tello_process.egg-info/entry_points.txt
writing requirements to ../../build/tello_process/tello_process.egg-info/requires.txt
writing top-level names to ../../build/tello_process/tello_process.egg-info/top_level.txt
reading manifest file '../../build/tello_process/tello_process.egg-info/SOURCES.txt'
writing manifest file '../../build/tello_process/tello_process.egg-info/SOURCES.txt'
running build
running build_py
copying tello_process/receiver.py -> /home/danial/drone_racing_ros2_ws/src/Aerial-Robotics-Drone-Project/build/tello_process/build/lib/tello_process
running install
running install_lib
copying /home/danial/drone_racing_ros2_ws/src/Aerial-Robotics-Drone-Project/build/tello_process/build/lib/tello_process/receiver.py -> /home/danial/drone_racing_ros2_ws/src/Aerial-Robotics-Drone-Project/install/tello_process/lib/python3.8/site-packages/tello_process
byte-compiling /home/danial/drone_racing_ros2_ws/src/Aerial-Robotics-Drone-Project/install/tello_process/lib/python3.8/site-packages/tello_process/receiver.py to receiver.cpython-38.pyc
running install_data
running install_egg_info
removing '/home/danial/drone_racing_ros2_ws/src/Aerial-Robotics-Drone-Project/install/tello_process/lib/python3.8/site-packages/tello_process-0.0.0-py3.8.egg-info' (and everything under it)
Copying ../../build/tello_process/tello_process.egg-info to /home/danial/drone_racing_ros2_ws/src/Aerial-Robotics-Drone-Project/install/tello_process/lib/python3.8/site-packages/tello_process-0.0.0-py3.8.egg-info
running install_scripts
Installing receiver script to /home/danial/drone_racing_ros2_ws/src/Aerial-Robotics-Drone-Project/install/tello_process/lib/tello_process
writing list of installed files to '/home/danial/drone_racing_ros2_ws/src/Aerial-Robotics-Drone-Project/build/tello_process/install.log'
