[0.216s] Invoking command in '/home/danial/drone_racing_ros2_ws/src/Aerial-Robotics-Drone-Project/build/example_cpp_pkg': CMAKE_PREFIX_PATH=${CMAKE_PREFIX_PATH}:/home/danial/drone_racing_ros2_ws/src/Aerial-Robotics-Drone-Project/install/tello_process:/home/danial/drone_racing_ros2_ws/install/drone_project:/home/danial/drone_racing_ros2_ws/src/Aerial-Robotics-Drone-Project/install/drone_project:/opt/ros/galactic /usr/bin/cmake /home/danial/drone_racing_ros2_ws/src/Aerial-Robotics-Drone-Project/src/example_cpp_pkg -DCMAKE_INSTALL_PREFIX=/home/danial/drone_racing_ros2_ws/src/Aerial-Robotics-Drone-Project/install/example_cpp_pkg
[0.275s] -- The C compiler identification is GNU 9.4.0
[0.336s] -- The CXX compiler identification is GNU 9.4.0
[0.343s] -- Check for working C compiler: /usr/bin/cc
[0.431s] -- Check for working C compiler: /usr/bin/cc -- works
[0.432s] -- Detecting C compiler ABI info
[0.524s] -- Detecting C compiler ABI info - done
[0.533s] -- Detecting C compile features
[0.533s] -- Detecting C compile features - done
[0.536s] -- Check for working CXX compiler: /usr/bin/c++
[0.630s] -- Check for working CXX compiler: /usr/bin/c++ -- works
[0.630s] -- Detecting CXX compiler ABI info
[0.745s] -- Detecting CXX compiler ABI info - done
[0.770s] -- Detecting CXX compile features
[0.771s] -- Detecting CXX compile features - done
[0.796s] -- Found OpenCV: /usr (found version "4.2.0") 
[0.799s] -- Found cv_bridge: 3.1.3 (/opt/ros/galactic/share/cv_bridge/cmake)
[0.830s] -- Found PythonInterp: /usr/bin/python3 (found suitable version "3.8.10", minimum required is "3") 
[0.830s] -- Using PYTHON_EXECUTABLE: /usr/bin/python3
[1.002s] -- Using single rosidl_typesupport_c: rosidl_typesupport_introspection_c
[1.011s] -- Found rosidl_adapter: 2.2.3 (/opt/ros/galactic/share/rosidl_adapter/cmake)
[1.043s] -- Using single rosidl_typesupport_cpp: rosidl_typesupport_introspection_cpp
[1.342s] -- Found rclcpp: 9.2.2 (/opt/ros/galactic/share/rclcpp/cmake)
[1.429s] -- Found rmw_implementation_cmake: 3.3.1 (/opt/ros/galactic/share/rmw_implementation_cmake/cmake)
[1.433s] -- Found rmw_cyclonedds_cpp: 0.22.6 (/opt/ros/galactic/share/rmw_cyclonedds_cpp/cmake)
[1.458s] -- Using RMW implementation 'rmw_cyclonedds_cpp' as default
[1.459s] -- Looking for pthread.h
[1.533s] -- Looking for pthread.h - found
[1.534s] -- Performing Test CMAKE_HAVE_LIBC_PTHREAD
[1.602s] -- Performing Test CMAKE_HAVE_LIBC_PTHREAD - Failed
[1.603s] -- Looking for pthread_create in pthreads
[1.662s] -- Looking for pthread_create in pthreads - not found
[1.662s] -- Looking for pthread_create in pthread
[1.732s] -- Looking for pthread_create in pthread - found
[1.733s] -- Found Threads: TRUE  
[1.876s] -- Found std_srvs: 2.2.4 (/opt/ros/galactic/share/std_srvs/cmake)
[1.892s] -- Found tello_msgs: 0.1.0 (/home/danial/drone_racing_ros2_ws/install/tello_msgs/share/tello_msgs/cmake)
[1.926s] -- Found ament_lint_auto: 0.10.7 (/opt/ros/galactic/share/ament_lint_auto/cmake)
[2.001s] -- Added test 'copyright' to check source files copyright and LICENSE
[2.002s] -- Added test 'cppcheck' to perform static code analysis on C / C++ code
[2.003s] -- Configured cppcheck include dirs: /home/danial/drone_racing_ros2_ws/src/Aerial-Robotics-Drone-Project/src/example_cpp_pkg/include
[2.003s] -- Configured cppcheck exclude dirs and/or files: 
[2.005s] -- Added test 'cpplint' to check C / C++ code against the Google style
[2.005s] -- Configured cpplint exclude dirs and/or files: 
[2.005s] -- Added test 'flake8' to check Python code syntax and style conventions
[2.006s] -- Added test 'lint_cmake' to check CMake code style
[2.007s] -- Added test 'pep257' to check Python code against some of the style conventions in PEP 257
[2.008s] -- Added test 'uncrustify' to check C / C++ code style
[2.008s] -- Configured uncrustify additional arguments: 
[2.009s] -- Added test 'xmllint' to check XML markup files
[2.012s] -- Configuring done
[2.036s] -- Generating done
[2.038s] -- Build files have been written to: /home/danial/drone_racing_ros2_ws/src/Aerial-Robotics-Drone-Project/build/example_cpp_pkg
[2.045s] Invoked command in '/home/danial/drone_racing_ros2_ws/src/Aerial-Robotics-Drone-Project/build/example_cpp_pkg' returned '0': CMAKE_PREFIX_PATH=${CMAKE_PREFIX_PATH}:/home/danial/drone_racing_ros2_ws/src/Aerial-Robotics-Drone-Project/install/tello_process:/home/danial/drone_racing_ros2_ws/install/drone_project:/home/danial/drone_racing_ros2_ws/src/Aerial-Robotics-Drone-Project/install/drone_project:/opt/ros/galactic /usr/bin/cmake /home/danial/drone_racing_ros2_ws/src/Aerial-Robotics-Drone-Project/src/example_cpp_pkg -DCMAKE_INSTALL_PREFIX=/home/danial/drone_racing_ros2_ws/src/Aerial-Robotics-Drone-Project/install/example_cpp_pkg
[2.047s] Invoking command in '/home/danial/drone_racing_ros2_ws/src/Aerial-Robotics-Drone-Project/build/example_cpp_pkg': CMAKE_PREFIX_PATH=${CMAKE_PREFIX_PATH}:/home/danial/drone_racing_ros2_ws/src/Aerial-Robotics-Drone-Project/install/tello_process:/home/danial/drone_racing_ros2_ws/install/drone_project:/home/danial/drone_racing_ros2_ws/src/Aerial-Robotics-Drone-Project/install/drone_project:/opt/ros/galactic /usr/bin/cmake --build /home/danial/drone_racing_ros2_ws/src/Aerial-Robotics-Drone-Project/build/example_cpp_pkg -- -j8 -l8
[2.089s] [35m[1mScanning dependencies of target tracker[0m
[2.247s] [ 50%] [32mBuilding CXX object CMakeFiles/tracker.dir/src/tracker.cpp.o[0m
[16.515s] [100%] [32m[1mLinking CXX executable tracker[0m
[19.044s] [100%] Built target tracker
[19.092s] Invoked command in '/home/danial/drone_racing_ros2_ws/src/Aerial-Robotics-Drone-Project/build/example_cpp_pkg' returned '0': CMAKE_PREFIX_PATH=${CMAKE_PREFIX_PATH}:/home/danial/drone_racing_ros2_ws/src/Aerial-Robotics-Drone-Project/install/tello_process:/home/danial/drone_racing_ros2_ws/install/drone_project:/home/danial/drone_racing_ros2_ws/src/Aerial-Robotics-Drone-Project/install/drone_project:/opt/ros/galactic /usr/bin/cmake --build /home/danial/drone_racing_ros2_ws/src/Aerial-Robotics-Drone-Project/build/example_cpp_pkg -- -j8 -l8
[19.181s] Invoking command in '/home/danial/drone_racing_ros2_ws/src/Aerial-Robotics-Drone-Project/build/example_cpp_pkg': CMAKE_PREFIX_PATH=${CMAKE_PREFIX_PATH}:/home/danial/drone_racing_ros2_ws/src/Aerial-Robotics-Drone-Project/install/tello_process:/home/danial/drone_racing_ros2_ws/install/drone_project:/home/danial/drone_racing_ros2_ws/src/Aerial-Robotics-Drone-Project/install/drone_project:/opt/ros/galactic /usr/bin/cmake --install /home/danial/drone_racing_ros2_ws/src/Aerial-Robotics-Drone-Project/build/example_cpp_pkg
[19.215s] -- Install configuration: ""
[19.216s] -- Installing: /home/danial/drone_racing_ros2_ws/src/Aerial-Robotics-Drone-Project/install/example_cpp_pkg/lib/example_cpp_pkg/tracker
[19.223s] -- Set runtime path of "/home/danial/drone_racing_ros2_ws/src/Aerial-Robotics-Drone-Project/install/example_cpp_pkg/lib/example_cpp_pkg/tracker" to ""
[19.223s] -- Installing: /home/danial/drone_racing_ros2_ws/src/Aerial-Robotics-Drone-Project/install/example_cpp_pkg/share/example_cpp_pkg/launch
[19.225s] -- Installing: /home/danial/drone_racing_ros2_ws/src/Aerial-Robotics-Drone-Project/install/example_cpp_pkg/share/example_cpp_pkg/launch/__pycache__
[19.226s] -- Installing: /home/danial/drone_racing_ros2_ws/src/Aerial-Robotics-Drone-Project/install/example_cpp_pkg/share/example_cpp_pkg/launch/__pycache__/demo_track_launch.cpython-38.pyc
[19.227s] -- Installing: /home/danial/drone_racing_ros2_ws/src/Aerial-Robotics-Drone-Project/install/example_cpp_pkg/share/example_cpp_pkg/launch/demo_track_launch.py
[19.227s] -- Installing: /home/danial/drone_racing_ros2_ws/src/Aerial-Robotics-Drone-Project/install/example_cpp_pkg/share/ament_index/resource_index/package_run_dependencies/example_cpp_pkg
[19.230s] -- Installing: /home/danial/drone_racing_ros2_ws/src/Aerial-Robotics-Drone-Project/install/example_cpp_pkg/share/ament_index/resource_index/parent_prefix_path/example_cpp_pkg
[19.231s] -- Installing: /home/danial/drone_racing_ros2_ws/src/Aerial-Robotics-Drone-Project/install/example_cpp_pkg/share/example_cpp_pkg/environment/ament_prefix_path.sh
[19.232s] -- Installing: /home/danial/drone_racing_ros2_ws/src/Aerial-Robotics-Drone-Project/install/example_cpp_pkg/share/example_cpp_pkg/environment/ament_prefix_path.dsv
[19.232s] -- Installing: /home/danial/drone_racing_ros2_ws/src/Aerial-Robotics-Drone-Project/install/example_cpp_pkg/share/example_cpp_pkg/environment/path.sh
[19.234s] -- Installing: /home/danial/drone_racing_ros2_ws/src/Aerial-Robotics-Drone-Project/install/example_cpp_pkg/share/example_cpp_pkg/environment/path.dsv
[19.234s] -- Installing: /home/danial/drone_racing_ros2_ws/src/Aerial-Robotics-Drone-Project/install/example_cpp_pkg/share/example_cpp_pkg/local_setup.bash
[19.234s] -- Installing: /home/danial/drone_racing_ros2_ws/src/Aerial-Robotics-Drone-Project/install/example_cpp_pkg/share/example_cpp_pkg/local_setup.sh
[19.234s] -- Installing: /home/danial/drone_racing_ros2_ws/src/Aerial-Robotics-Drone-Project/install/example_cpp_pkg/share/example_cpp_pkg/local_setup.zsh
[19.239s] -- Installing: /home/danial/drone_racing_ros2_ws/src/Aerial-Robotics-Drone-Project/install/example_cpp_pkg/share/example_cpp_pkg/local_setup.dsv
[19.239s] -- Installing: /home/danial/drone_racing_ros2_ws/src/Aerial-Robotics-Drone-Project/install/example_cpp_pkg/share/example_cpp_pkg/package.dsv
[19.240s] -- Installing: /home/danial/drone_racing_ros2_ws/src/Aerial-Robotics-Drone-Project/install/example_cpp_pkg/share/ament_index/resource_index/packages/example_cpp_pkg
[19.240s] -- Installing: /home/danial/drone_racing_ros2_ws/src/Aerial-Robotics-Drone-Project/install/example_cpp_pkg/share/example_cpp_pkg/cmake/example_cpp_pkgConfig.cmake
[19.240s] -- Installing: /home/danial/drone_racing_ros2_ws/src/Aerial-Robotics-Drone-Project/install/example_cpp_pkg/share/example_cpp_pkg/cmake/example_cpp_pkgConfig-version.cmake
[19.240s] -- Installing: /home/danial/drone_racing_ros2_ws/src/Aerial-Robotics-Drone-Project/install/example_cpp_pkg/share/example_cpp_pkg/package.xml
[19.244s] Invoked command in '/home/danial/drone_racing_ros2_ws/src/Aerial-Robotics-Drone-Project/build/example_cpp_pkg' returned '0': CMAKE_PREFIX_PATH=${CMAKE_PREFIX_PATH}:/home/danial/drone_racing_ros2_ws/src/Aerial-Robotics-Drone-Project/install/tello_process:/home/danial/drone_racing_ros2_ws/install/drone_project:/home/danial/drone_racing_ros2_ws/src/Aerial-Robotics-Drone-Project/install/drone_project:/opt/ros/galactic /usr/bin/cmake --install /home/danial/drone_racing_ros2_ws/src/Aerial-Robotics-Drone-Project/build/example_cpp_pkg
